<!DOCTYPE html>

<html>
  <head>
  <meta charset='utf-8'>
  <title>TestNG reports</title>

    <link type="text/css" href="testng-reports.css" rel="stylesheet" />
    <script type="text/javascript" src="jquery-1.7.1.min.js"></script>
    <script type="text/javascript" src="testng-reports.js"></script>
    <script type="text/javascript" src="https://www.google.com/jsapi"></script>
    <script type='text/javascript'>
      google.load('visualization', '1', {packages:['table']});
      google.setOnLoadCallback(drawTable);
      var suiteTableInitFunctions = new Array();
      var suiteTableData = new Array();
    </script>
    <!--
      <script type="text/javascript" src="jquery-ui/js/jquery-ui-1.8.16.custom.min.js"></script>
     -->
  </head>

  <body>
    <div class="top-banner-root">
      <span class="top-banner-title-font">Test results</span>
      <br/>
      <span class="top-banner-font-1">1 suite, 70 failed tests</span>
    </div> <!-- top-banner-root -->
    <div class="navigator-root">
      <div class="navigator-suite-header">
        <span>All suites</span>
        <a href="#" title="Collapse/expand all the suites" class="collapse-all-link">
          <img src="collapseall.gif" class="collapse-all-icon">
          </img> <!-- collapse-all-icon -->
        </a> <!-- collapse-all-link -->
      </div> <!-- navigator-suite-header -->
      <div class="suite">
        <div class="rounded-window">
          <div class="suite-header light-rounded-window-top">
            <a href="#" panel-name="suite-Default_suite" class="navigator-link">
              <span class="suite-name border-failed">Default suite</span>
            </a> <!-- navigator-link -->
          </div> <!-- suite-header light-rounded-window-top -->
          <div class="navigator-suite-content">
            <div class="suite-section-title">
              <span>Info</span>
            </div> <!-- suite-section-title -->
            <div class="suite-section-content">
              <ul>
                <li>
                  <a href="#" panel-name="test-xml-Default_suite" class="navigator-link ">
                    <span>testng-customsuite.xml</span>
                  </a> <!-- navigator-link  -->
                </li>
                <li>
                  <a href="#" panel-name="testlist-Default_suite" class="navigator-link ">
                    <span class="test-stats">1 test</span>
                  </a> <!-- navigator-link  -->
                </li>
                <li>
                  <a href="#" panel-name="group-Default_suite" class="navigator-link ">
                    <span>1 group</span>
                  </a> <!-- navigator-link  -->
                </li>
                <li>
                  <a href="#" panel-name="times-Default_suite" class="navigator-link ">
                    <span>Times</span>
                  </a> <!-- navigator-link  -->
                </li>
                <li>
                  <a href="#" panel-name="reporter-Default_suite" class="navigator-link ">
                    <span>Reporter output</span>
                  </a> <!-- navigator-link  -->
                </li>
                <li>
                  <a href="#" panel-name="ignored-methods-Default_suite" class="navigator-link ">
                    <span>Ignored methods</span>
                  </a> <!-- navigator-link  -->
                </li>
                <li>
                  <a href="#" panel-name="chronological-Default_suite" class="navigator-link ">
                    <span>Chronological view</span>
                  </a> <!-- navigator-link  -->
                </li>
              </ul>
            </div> <!-- suite-section-content -->
            <div class="result-section">
              <div class="suite-section-title">
                <span>Results</span>
              </div> <!-- suite-section-title -->
              <div class="suite-section-content">
                <ul>
                  <li>
                    <span class="method-stats">81 methods, 70 failed,   11 passed</span>
                  </li>
                  <li>
                    <span class="method-list-title failed">Failed methods</span>
                    <span class="show-or-hide-methods failed">
                      <a href="#" panel-name="suite-Default_suite" class="hide-methods failed suite-Default_suite"> (hide)</a> <!-- hide-methods failed suite-Default_suite -->
                      <a href="#" panel-name="suite-Default_suite" class="show-methods failed suite-Default_suite"> (show)</a> <!-- show-methods failed suite-Default_suite -->
                    </span>
                    <div class="method-list-content failed suite-Default_suite">
                      <span>
                        <img src="failed.png" width="3%"/>
                        <a href="#" panel-name="suite-Default_suite" title="Parallel.ParallelRun" class="method navigator-link" hash-for-method="runScenario(&quot;Validating the Sign in page mandatory fields&quot;, &quot;Optional[Sign in form1 Of the Application]&quot;)">runScenario("Validating the Sign in page mandatory fields", "Optional[Sign in form1 Of the Application]")</a> <!-- method navigator-link -->
                      </span>
                      <br/>
                      <span>
                        <img src="failed.png" width="3%"/>
                        <a href="#" panel-name="suite-Default_suite" title="Parallel.ParallelRun" class="method navigator-link" hash-for-method="runScenario(&quot;validating sign in with valid  credentials&quot;, &quot;Optional[sign in form Option2]&quot;)">runScenario("validating sign in with valid  credentials", "Optional[sign in form Option2]")</a> <!-- method navigator-link -->
                      </span>
                      <br/>
                      <span>
                        <img src="failed.png" width="3%"/>
                        <a href="#" panel-name="suite-Default_suite" title="Parallel.ParallelRun" class="method navigator-link" hash-for-method="runScenario(&quot;To verify user redirected  to &quot;Confirm health condition and create plan&quot; page&quot;, &quot;Optional[Testing M...)">runScenario("To verify user redirected  to "Confirm health condition and create plan" page", "Optional[Testing M...)</a> <!-- method navigator-link -->
                      </span>
                      <br/>
                      <span>
                        <img src="failed.png" width="3%"/>
                        <a href="#" panel-name="suite-Default_suite" title="Parallel.ParallelRun" class="method navigator-link" hash-for-method="runScenario(&quot;Validating the tab About visibility&quot;, &quot;Optional[Home page of the Application]&quot;)">runScenario("Validating the tab About visibility", "Optional[Home page of the Application]")</a> <!-- method navigator-link -->
                      </span>
                      <br/>
                      <span>
                        <img src="failed.png" width="3%"/>
                        <a href="#" panel-name="suite-Default_suite" title="Parallel.ParallelRun" class="method navigator-link" hash-for-method="runScenario(&quot;validating the Sign up processs with valid credentials&quot;, &quot;Optional[Register page of the application...)">runScenario("validating the Sign up processs with valid credentials", "Optional[Register page of the application...)</a> <!-- method navigator-link -->
                      </span>
                      <br/>
                      <span>
                        <img src="failed.png" width="3%"/>
                        <a href="#" panel-name="suite-Default_suite" title="Parallel.ParallelRun" class="method navigator-link" hash-for-method="runScenario(&quot;Validating the Sign in button&quot;, &quot;Optional[Sign in form1 Of the Application]&quot;)">runScenario("Validating the Sign in button", "Optional[Sign in form1 Of the Application]")</a> <!-- method navigator-link -->
                      </span>
                      <br/>
                      <span>
                        <img src="failed.png" width="3%"/>
                        <a href="#" panel-name="suite-Default_suite" title="Parallel.ParallelRun" class="method navigator-link" hash-for-method="runScenario(&quot;validating the Contact uslink on home page&quot;, &quot;Optional[Links of the Home page]&quot;)">runScenario("validating the Contact uslink on home page", "Optional[Links of the Home page]")</a> <!-- method navigator-link -->
                      </span>
                      <br/>
                      <span>
                        <img src="failed.png" width="3%"/>
                        <a href="#" panel-name="suite-Default_suite" title="Parallel.ParallelRun" class="method navigator-link" hash-for-method="runScenario(&quot;validating the Sign in with all fields valid entry&quot;, &quot;Optional[Sign in form1 Of the Application]&quot;)">runScenario("validating the Sign in with all fields valid entry", "Optional[Sign in form1 Of the Application]")</a> <!-- method navigator-link -->
                      </span>
                      <br/>
                      <span>
                        <img src="failed.png" width="3%"/>
                        <a href="#" panel-name="suite-Default_suite" title="Parallel.ParallelRun" class="method navigator-link" hash-for-method="runScenario(&quot;To verify user redirected  to  &quot;View Recent Diets&quot; page in different browser&quot;, &quot;Optional[Testing My...)">runScenario("To verify user redirected  to  "View Recent Diets" page in different browser", "Optional[Testing My...)</a> <!-- method navigator-link -->
                      </span>
                      <br/>
                      <span>
                        <img src="failed.png" width="3%"/>
                        <a href="#" panel-name="suite-Default_suite" title="Parallel.ParallelRun" class="method navigator-link" hash-for-method="runScenario(&quot;Validating sign in with SignUp  button&quot;, &quot;Optional[sign in form Option2]&quot;)">runScenario("Validating sign in with SignUp  button", "Optional[sign in form Option2]")</a> <!-- method navigator-link -->
                      </span>
                      <br/>
                      <span>
                        <img src="failed.png" width="3%"/>
                        <a href="#" panel-name="suite-Default_suite" title="Parallel.ParallelRun" class="method navigator-link" hash-for-method="runScenario(&quot;Validating the visibility of Signin option&quot;, &quot;Optional[Home page of the Application]&quot;)">runScenario("Validating the visibility of Signin option", "Optional[Home page of the Application]")</a> <!-- method navigator-link -->
                      </span>
                      <br/>
                      <span>
                        <img src="failed.png" width="3%"/>
                        <a href="#" panel-name="suite-Default_suite" title="Parallel.ParallelRun" class="method navigator-link" hash-for-method="runScenario(&quot;validating the Sign up processs with valid credentials&quot;, &quot;Optional[Register form2 of the Applicatio...)">runScenario("validating the Sign up processs with valid credentials", "Optional[Register form2 of the Applicatio...)</a> <!-- method navigator-link -->
                      </span>
                      <br/>
                      <span>
                        <img src="failed.png" width="3%"/>
                        <a href="#" panel-name="suite-Default_suite" title="Parallel.ParallelRun" class="method navigator-link" hash-for-method="runScenario(&quot;validating the Sign up processs with invalid last name&quot;, &quot;Optional[Register page of the application...)">runScenario("validating the Sign up processs with invalid last name", "Optional[Register page of the application...)</a> <!-- method navigator-link -->
                      </span>
                      <br/>
                      <span>
                        <img src="failed.png" width="3%"/>
                        <a href="#" panel-name="suite-Default_suite" title="Parallel.ParallelRun" class="method navigator-link" hash-for-method="runScenario(&quot;validating the Sign in with Not member yet button&quot;, &quot;Optional[Sign in form1 Of the Application]&quot;)">runScenario("validating the Sign in with Not member yet button", "Optional[Sign in form1 Of the Application]")</a> <!-- method navigator-link -->
                      </span>
                      <br/>
                      <span>
                        <img src="failed.png" width="3%"/>
                        <a href="#" panel-name="suite-Default_suite" title="Parallel.ParallelRun" class="method navigator-link" hash-for-method="runScenario(&quot;validating the Sign up processs with invalid Any other field&quot;, &quot;Optional[Register page of the appli...)">runScenario("validating the Sign up processs with invalid Any other field", "Optional[Register page of the appli...)</a> <!-- method navigator-link -->
                      </span>
                      <br/>
                      <span>
                        <img src="failed.png" width="3%"/>
                        <a href="#" panel-name="suite-Default_suite" title="Parallel.ParallelRun" class="method navigator-link" hash-for-method="runScenario(&quot;My Patients Page&quot;, &quot;Optional[Testing MyPatients page]&quot;)">runScenario("My Patients Page", "Optional[Testing MyPatients page]")</a> <!-- method navigator-link -->
                      </span>
                      <br/>
                      <span>
                        <img src="failed.png" width="3%"/>
                        <a href="#" panel-name="suite-Default_suite" title="Parallel.ParallelRun" class="method navigator-link" hash-for-method="runScenario(&quot;Validating sign in with invalid credentials&quot;, &quot;Optional[sign in form Option2]&quot;)">runScenario("Validating sign in with invalid credentials", "Optional[sign in form Option2]")</a> <!-- method navigator-link -->
                      </span>
                      <br/>
                      <span>
                        <img src="failed.png" width="3%"/>
                        <a href="#" panel-name="suite-Default_suite" title="Parallel.ParallelRun" class="method navigator-link" hash-for-method="runScenario(&quot;validating the Feature link on home page&quot;, &quot;Optional[Links of the Home page]&quot;)">runScenario("validating the Feature link on home page", "Optional[Links of the Home page]")</a> <!-- method navigator-link -->
                      </span>
                      <br/>
                      <span>
                        <img src="failed.png" width="3%"/>
                        <a href="#" panel-name="suite-Default_suite" title="Parallel.ParallelRun" class="method navigator-link" hash-for-method="runScenario(&quot;validating the Sign up processs with Facebook&quot;, &quot;Optional[Register form2 of the Application]&quot;)">runScenario("validating the Sign up processs with Facebook", "Optional[Register form2 of the Application]")</a> <!-- method navigator-link -->
                      </span>
                      <br/>
                      <span>
                        <img src="failed.png" width="3%"/>
                        <a href="#" panel-name="suite-Default_suite" title="Parallel.ParallelRun" class="method navigator-link" hash-for-method="runScenario(&quot;Validating the Sign in form heading&quot;, &quot;Optional[Sign in form1 Of the Application]&quot;)">runScenario("Validating the Sign in form heading", "Optional[Sign in form1 Of the Application]")</a> <!-- method navigator-link -->
                      </span>
                      <br/>
                      <span>
                        <img src="failed.png" width="3%"/>
                        <a href="#" panel-name="suite-Default_suite" title="Parallel.ParallelRun" class="method navigator-link" hash-for-method="runScenario(&quot;validating log in button&quot;, &quot;Optional[sign in form Option2]&quot;)">runScenario("validating log in button", "Optional[sign in form Option2]")</a> <!-- method navigator-link -->
                      </span>
                      <br/>
                      <span>
                        <img src="failed.png" width="3%"/>
                        <a href="#" panel-name="suite-Default_suite" title="Parallel.ParallelRun" class="method navigator-link" hash-for-method="runScenario(&quot;validating the Sign up processs with empty fields&quot;, &quot;Optional[Register page of the application]&quot;)">runScenario("validating the Sign up processs with empty fields", "Optional[Register page of the application]")</a> <!-- method navigator-link -->
                      </span>
                      <br/>
                      <span>
                        <img src="failed.png" width="3%"/>
                        <a href="#" panel-name="suite-Default_suite" title="Parallel.ParallelRun" class="method navigator-link" hash-for-method="runScenario(&quot;Validating sign in with Facebook button&quot;, &quot;Optional[sign in form Option2]&quot;)">runScenario("Validating sign in with Facebook button", "Optional[sign in form Option2]")</a> <!-- method navigator-link -->
                      </span>
                      <br/>
                      <span>
                        <img src="failed.png" width="3%"/>
                        <a href="#" panel-name="suite-Default_suite" title="Parallel.ParallelRun" class="method navigator-link" hash-for-method="runScenario(&quot;Validating the Logo on the Home page&quot;, &quot;Optional[Home page of the Application]&quot;)">runScenario("Validating the Logo on the Home page", "Optional[Home page of the Application]")</a> <!-- method navigator-link -->
                      </span>
                      <br/>
                      <span>
                        <img src="failed.png" width="3%"/>
                        <a href="#" panel-name="suite-Default_suite" title="Parallel.ParallelRun" class="method navigator-link" hash-for-method="runScenario(&quot;validating the Sign up processs with invalid Password&quot;, &quot;Optional[Register page of the application]...)">runScenario("validating the Sign up processs with invalid Password", "Optional[Register page of the application]...)</a> <!-- method navigator-link -->
                      </span>
                      <br/>
                      <span>
                        <img src="failed.png" width="3%"/>
                        <a href="#" panel-name="suite-Default_suite" title="Parallel.ParallelRun" class="method navigator-link" hash-for-method="runScenario(&quot;validating the Team link on home page&quot;, &quot;Optional[Links of the Home page]&quot;)">runScenario("validating the Team link on home page", "Optional[Links of the Home page]")</a> <!-- method navigator-link -->
                      </span>
                      <br/>
                      <span>
                        <img src="failed.png" width="3%"/>
                        <a href="#" panel-name="suite-Default_suite" title="Parallel.ParallelRun" class="method navigator-link" hash-for-method="runScenario(&quot;validating the Sign up processs with invalid Email&quot;, &quot;Optional[Register page of the application]&quot;)">runScenario("validating the Sign up processs with invalid Email", "Optional[Register page of the application]")</a> <!-- method navigator-link -->
                      </span>
                      <br/>
                      <span>
                        <img src="failed.png" width="3%"/>
                        <a href="#" panel-name="suite-Default_suite" title="Parallel.ParallelRun" class="method navigator-link" hash-for-method="runScenario(&quot;validating the Client link on home page&quot;, &quot;Optional[Links of the Home page]&quot;)">runScenario("validating the Client link on home page", "Optional[Links of the Home page]")</a> <!-- method navigator-link -->
                      </span>
                      <br/>
                      <span>
                        <img src="failed.png" width="3%"/>
                        <a href="#" panel-name="suite-Default_suite" title="Parallel.ParallelRun" class="method navigator-link" hash-for-method="runScenario(&quot;validating the product link on home page&quot;, &quot;Optional[Links of the Home page]&quot;)">runScenario("validating the product link on home page", "Optional[Links of the Home page]")</a> <!-- method navigator-link -->
                      </span>
                      <br/>
                      <span>
                        <img src="failed.png" width="3%"/>
                        <a href="#" panel-name="suite-Default_suite" title="Parallel.ParallelRun" class="method navigator-link" hash-for-method="runScenario(&quot;Validating Sign in with email and password empty&quot;, &quot;Optional[sign in form Option2]&quot;)">runScenario("Validating Sign in with email and password empty", "Optional[sign in form Option2]")</a> <!-- method navigator-link -->
                      </span>
                      <br/>
                      <span>
                        <img src="failed.png" width="3%"/>
                        <a href="#" panel-name="suite-Default_suite" title="Parallel.ParallelRun" class="method navigator-link" hash-for-method="runScenario(&quot;Validating the tab REGISTER visibility&quot;, &quot;Optional[Home page of the Application]&quot;)">runScenario("Validating the tab REGISTER visibility", "Optional[Home page of the Application]")</a> <!-- method navigator-link -->
                      </span>
                      <br/>
                      <span>
                        <img src="failed.png" width="3%"/>
                        <a href="#" panel-name="suite-Default_suite" title="Parallel.ParallelRun" class="method navigator-link" hash-for-method="runScenario(&quot;Validating the visibility of Search option&quot;, &quot;Optional[Home page of the Application]&quot;)">runScenario("Validating the visibility of Search option", "Optional[Home page of the Application]")</a> <!-- method navigator-link -->
                      </span>
                      <br/>
                      <span>
                        <img src="failed.png" width="3%"/>
                        <a href="#" panel-name="suite-Default_suite" title="Parallel.ParallelRun" class="method navigator-link" hash-for-method="runScenario(&quot;validating the About link on home page&quot;, &quot;Optional[Links of the Home page]&quot;)">runScenario("validating the About link on home page", "Optional[Links of the Home page]")</a> <!-- method navigator-link -->
                      </span>
                      <br/>
                      <span>
                        <img src="failed.png" width="3%"/>
                        <a href="#" panel-name="suite-Default_suite" title="Parallel.ParallelRun" class="method navigator-link" hash-for-method="runScenario(&quot;validating the Sign up form Heading&quot;, &quot;Optional[Register page of the application]&quot;)">runScenario("validating the Sign up form Heading", "Optional[Register page of the application]")</a> <!-- method navigator-link -->
                      </span>
                      <br/>
                      <span>
                        <img src="failed.png" width="3%"/>
                        <a href="#" panel-name="suite-Default_suite" title="Parallel.ParallelRun" class="method navigator-link" hash-for-method="runScenario(&quot;validating the Sign up form Heading&quot;, &quot;Optional[Register form2 of the Application]&quot;)">runScenario("validating the Sign up form Heading", "Optional[Register form2 of the Application]")</a> <!-- method navigator-link -->
                      </span>
                      <br/>
                      <span>
                        <img src="failed.png" width="3%"/>
                        <a href="#" panel-name="suite-Default_suite" title="Parallel.ParallelRun" class="method navigator-link" hash-for-method="runScenario(&quot;Validating the tab CLIENTS visibility&quot;, &quot;Optional[Home page of the Application]&quot;)">runScenario("Validating the tab CLIENTS visibility", "Optional[Home page of the Application]")</a> <!-- method navigator-link -->
                      </span>
                      <br/>
                      <span>
                        <img src="failed.png" width="3%"/>
                        <a href="#" panel-name="suite-Default_suite" title="Parallel.ParallelRun" class="method navigator-link" hash-for-method="runScenario(&quot;validating the Sign in  with empty fields&quot;, &quot;Optional[Sign in form1 Of the Application]&quot;)">runScenario("validating the Sign in  with empty fields", "Optional[Sign in form1 Of the Application]")</a> <!-- method navigator-link -->
                      </span>
                      <br/>
                      <span>
                        <img src="failed.png" width="3%"/>
                        <a href="#" panel-name="suite-Default_suite" title="Parallel.ParallelRun" class="method navigator-link" hash-for-method="runScenario(&quot;Validating the tab PRODUCT visibility&quot;, &quot;Optional[Home page of the Application]&quot;)">runScenario("Validating the tab PRODUCT visibility", "Optional[Home page of the Application]")</a> <!-- method navigator-link -->
                      </span>
                      <br/>
                      <span>
                        <img src="failed.png" width="3%"/>
                        <a href="#" panel-name="suite-Default_suite" title="Parallel.ParallelRun" class="method navigator-link" hash-for-method="runScenario(&quot;validating the Blogs link on home page&quot;, &quot;Optional[Links of the Home page]&quot;)">runScenario("validating the Blogs link on home page", "Optional[Links of the Home page]")</a> <!-- method navigator-link -->
                      </span>
                      <br/>
                      <span>
                        <img src="failed.png" width="3%"/>
                        <a href="#" panel-name="suite-Default_suite" title="Parallel.ParallelRun" class="method navigator-link" hash-for-method="runScenario(&quot;Validating the tab Contact us visibility&quot;, &quot;Optional[Home page of the Application]&quot;)">runScenario("Validating the tab Contact us visibility", "Optional[Home page of the Application]")</a> <!-- method navigator-link -->
                      </span>
                      <br/>
                      <span>
                        <img src="failed.png" width="3%"/>
                        <a href="#" panel-name="suite-Default_suite" title="Parallel.ParallelRun" class="method navigator-link" hash-for-method="runScenario(&quot;Validating the tab Blog visibility&quot;, &quot;Optional[Home page of the Application]&quot;)">runScenario("Validating the tab Blog visibility", "Optional[Home page of the Application]")</a> <!-- method navigator-link -->
                      </span>
                      <br/>
                      <span>
                        <img src="failed.png" width="3%"/>
                        <a href="#" panel-name="suite-Default_suite" title="Parallel.ParallelRun" class="method navigator-link" hash-for-method="runScenario(&quot;validating the Sign up processs with invalid Username&quot;, &quot;Optional[Register form2 of the Application...)">runScenario("validating the Sign up processs with invalid Username", "Optional[Register form2 of the Application...)</a> <!-- method navigator-link -->
                      </span>
                      <br/>
                      <span>
                        <img src="failed.png" width="3%"/>
                        <a href="#" panel-name="suite-Default_suite" title="Parallel.ParallelRun" class="method navigator-link" hash-for-method="runScenario(&quot;validating the Sign up processs with empty fields&quot;, &quot;Optional[Register form2 of the Application]&quot;)">runScenario("validating the Sign up processs with empty fields", "Optional[Register form2 of the Application]")</a> <!-- method navigator-link -->
                      </span>
                      <br/>
                      <span>
                        <img src="failed.png" width="3%"/>
                        <a href="#" panel-name="suite-Default_suite" title="Parallel.ParallelRun" class="method navigator-link" hash-for-method="runScenario(&quot;Validating the Title of Register page&quot;, &quot;Optional[Register page of the application]&quot;)">runScenario("Validating the Title of Register page", "Optional[Register page of the application]")</a> <!-- method navigator-link -->
                      </span>
                      <br/>
                      <span>
                        <img src="failed.png" width="3%"/>
                        <a href="#" panel-name="suite-Default_suite" title="Parallel.ParallelRun" class="method navigator-link" hash-for-method="runScenario(&quot;validating the Sign in with forgot password link&quot;, &quot;Optional[Sign in form1 Of the Application]&quot;)">runScenario("validating the Sign in with forgot password link", "Optional[Sign in form1 Of the Application]")</a> <!-- method navigator-link -->
                      </span>
                      <br/>
                      <span>
                        <img src="failed.png" width="3%"/>
                        <a href="#" panel-name="suite-Default_suite" title="Parallel.ParallelRun" class="method navigator-link" hash-for-method="runScenario(&quot;To verify user redirected  to  &quot;View Recent Test Reports&quot; page in different browser&quot;, &quot;Optional[Tes...)">runScenario("To verify user redirected  to  "View Recent Test Reports" page in different browser", "Optional[Tes...)</a> <!-- method navigator-link -->
                      </span>
                      <br/>
                      <span>
                        <img src="failed.png" width="3%"/>
                        <a href="#" panel-name="suite-Default_suite" title="Parallel.ParallelRun" class="method navigator-link" hash-for-method="runScenario(&quot;Validating sign in with invalid email and valid password&quot;, &quot;Optional[sign in form Option2]&quot;)">runScenario("Validating sign in with invalid email and valid password", "Optional[sign in form Option2]")</a> <!-- method navigator-link -->
                      </span>
                      <br/>
                      <span>
                        <img src="failed.png" width="3%"/>
                        <a href="#" panel-name="suite-Default_suite" title="Parallel.ParallelRun" class="method navigator-link" hash-for-method="runScenario(&quot;validating the Sign up processs with invalid Email Address&quot;, &quot;Optional[Register form2 of the Applic...)">runScenario("validating the Sign up processs with invalid Email Address", "Optional[Register form2 of the Applic...)</a> <!-- method navigator-link -->
                      </span>
                      <br/>
                      <span>
                        <img src="failed.png" width="3%"/>
                        <a href="#" panel-name="suite-Default_suite" title="Parallel.ParallelRun" class="method navigator-link" hash-for-method="runScenario(&quot;validating the heading on Sign in form&quot;, &quot;Optional[sign in form Option2]&quot;)">runScenario("validating the heading on Sign in form", "Optional[sign in form Option2]")</a> <!-- method navigator-link -->
                      </span>
                      <br/>
                      <span>
                        <img src="failed.png" width="3%"/>
                        <a href="#" panel-name="suite-Default_suite" title="Parallel.ParallelRun" class="method navigator-link" hash-for-method="runScenario(&quot;Validating the title of Sign in page&quot;, &quot;Optional[Sign in form1 Of the Application]&quot;)">runScenario("Validating the title of Sign in page", "Optional[Sign in form1 Of the Application]")</a> <!-- method navigator-link -->
                      </span>
                      <br/>
                      <span>
                        <img src="failed.png" width="3%"/>
                        <a href="#" panel-name="suite-Default_suite" title="Parallel.ParallelRun" class="method navigator-link" hash-for-method="runScenario(&quot;validating the Sign up processs with invalid Moblie Number&quot;, &quot;Optional[Register page of the applica...)">runScenario("validating the Sign up processs with invalid Moblie Number", "Optional[Register page of the applica...)</a> <!-- method navigator-link -->
                      </span>
                      <br/>
                      <span>
                        <img src="failed.png" width="3%"/>
                        <a href="#" panel-name="suite-Default_suite" title="Parallel.ParallelRun" class="method navigator-link" hash-for-method="runScenario(&quot;Validating the Register page mandatory fields&quot;, &quot;Optional[Register page of the application]&quot;)">runScenario("Validating the Register page mandatory fields", "Optional[Register page of the application]")</a> <!-- method navigator-link -->
                      </span>
                      <br/>
                      <span>
                        <img src="failed.png" width="3%"/>
                        <a href="#" panel-name="suite-Default_suite" title="Parallel.ParallelRun" class="method navigator-link" hash-for-method="runScenario(&quot;validating Log in Here link&quot;, &quot;Optional[Register form2 of the Application]&quot;)">runScenario("validating Log in Here link", "Optional[Register form2 of the Application]")</a> <!-- method navigator-link -->
                      </span>
                      <br/>
                      <span>
                        <img src="failed.png" width="3%"/>
                        <a href="#" panel-name="suite-Default_suite" title="Parallel.ParallelRun" class="method navigator-link" hash-for-method="runScenario(&quot;Validating the tab Featured visibility&quot;, &quot;Optional[Home page of the Application]&quot;)">runScenario("Validating the tab Featured visibility", "Optional[Home page of the Application]")</a> <!-- method navigator-link -->
                      </span>
                      <br/>
                      <span>
                        <img src="failed.png" width="3%"/>
                        <a href="#" panel-name="suite-Default_suite" title="Parallel.ParallelRun" class="method navigator-link" hash-for-method="runScenario(&quot;validating the Register link on home page&quot;, &quot;Optional[Links of the Home page]&quot;)">runScenario("validating the Register link on home page", "Optional[Links of the Home page]")</a> <!-- method navigator-link -->
                      </span>
                      <br/>
                      <span>
                        <img src="failed.png" width="3%"/>
                        <a href="#" panel-name="suite-Default_suite" title="Parallel.ParallelRun" class="method navigator-link" hash-for-method="runScenario(&quot;validating the Sign up processs with invalid First Name&quot;, &quot;Optional[Register page of the applicatio...)">runScenario("validating the Sign up processs with invalid First Name", "Optional[Register page of the applicatio...)</a> <!-- method navigator-link -->
                      </span>
                      <br/>
                      <span>
                        <img src="failed.png" width="3%"/>
                        <a href="#" panel-name="suite-Default_suite" title="Parallel.ParallelRun" class="method navigator-link" hash-for-method="runScenario(&quot;Validating the tab TEAM visibility&quot;, &quot;Optional[Home page of the Application]&quot;)">runScenario("Validating the tab TEAM visibility", "Optional[Home page of the Application]")</a> <!-- method navigator-link -->
                      </span>
                      <br/>
                      <span>
                        <img src="failed.png" width="3%"/>
                        <a href="#" panel-name="suite-Default_suite" title="Parallel.ParallelRun" class="method navigator-link" hash-for-method="runScenario(&quot;validating the Sign up processs with invalid First Name&quot;, &quot;Optional[Register form2 of the Applicati...)">runScenario("validating the Sign up processs with invalid First Name", "Optional[Register form2 of the Applicati...)</a> <!-- method navigator-link -->
                      </span>
                      <br/>
                      <span>
                        <img src="failed.png" width="3%"/>
                        <a href="#" panel-name="suite-Default_suite" title="Parallel.ParallelRun" class="method navigator-link" hash-for-method="runScenario(&quot;validating the Sign in  with invalid Password&quot;, &quot;Optional[Sign in form1 Of the Application]&quot;)">runScenario("validating the Sign in  with invalid Password", "Optional[Sign in form1 Of the Application]")</a> <!-- method navigator-link -->
                      </span>
                      <br/>
                      <span>
                        <img src="failed.png" width="3%"/>
                        <a href="#" panel-name="suite-Default_suite" title="Parallel.ParallelRun" class="method navigator-link" hash-for-method="runScenario(&quot;validating sign in with valid email and invalid password&quot;, &quot;Optional[sign in form Option2]&quot;)">runScenario("validating sign in with valid email and invalid password", "Optional[sign in form Option2]")</a> <!-- method navigator-link -->
                      </span>
                      <br/>
                      <span>
                        <img src="failed.png" width="3%"/>
                        <a href="#" panel-name="suite-Default_suite" title="Parallel.ParallelRun" class="method navigator-link" hash-for-method="runScenario(&quot;validating the Sign up processs with invalid Confirm Password&quot;, &quot;Optional[Register form2 of the App...)">runScenario("validating the Sign up processs with invalid Confirm Password", "Optional[Register form2 of the App...)</a> <!-- method navigator-link -->
                      </span>
                      <br/>
                      <span>
                        <img src="failed.png" width="3%"/>
                        <a href="#" panel-name="suite-Default_suite" title="Parallel.ParallelRun" class="method navigator-link" hash-for-method="runScenario(&quot;validating the Sign up processs with Google&quot;, &quot;Optional[Register form2 of the Application]&quot;)">runScenario("validating the Sign up processs with Google", "Optional[Register form2 of the Application]")</a> <!-- method navigator-link -->
                      </span>
                      <br/>
                      <span>
                        <img src="failed.png" width="3%"/>
                        <a href="#" panel-name="suite-Default_suite" title="Parallel.ParallelRun" class="method navigator-link" hash-for-method="runScenario(&quot;validating the Sign up processs with Facebook&quot;, &quot;Optional[Register form2 of the Application]&quot;)">runScenario("validating the Sign up processs with Facebook", "Optional[Register form2 of the Application]")</a> <!-- method navigator-link -->
                      </span>
                      <br/>
                      <span>
                        <img src="failed.png" width="3%"/>
                        <a href="#" panel-name="suite-Default_suite" title="Parallel.ParallelRun" class="method navigator-link" hash-for-method="runScenario(&quot;validating the Sign up processs with invalid Last name&quot;, &quot;Optional[Register form2 of the Applicatio...)">runScenario("validating the Sign up processs with invalid Last name", "Optional[Register form2 of the Applicatio...)</a> <!-- method navigator-link -->
                      </span>
                      <br/>
                      <span>
                        <img src="failed.png" width="3%"/>
                        <a href="#" panel-name="suite-Default_suite" title="Parallel.ParallelRun" class="method navigator-link" hash-for-method="runScenario(&quot;validating the Sign up processs with invalid First Name&quot;, &quot;Optional[Register page of the applicatio...)">runScenario("validating the Sign up processs with invalid First Name", "Optional[Register page of the applicatio...)</a> <!-- method navigator-link -->
                      </span>
                      <br/>
                      <span>
                        <img src="failed.png" width="3%"/>
                        <a href="#" panel-name="suite-Default_suite" title="Parallel.ParallelRun" class="method navigator-link" hash-for-method="runScenario(&quot;validating the Sign up processs with invalid Password&quot;, &quot;Optional[Register form2 of the Application...)">runScenario("validating the Sign up processs with invalid Password", "Optional[Register form2 of the Application...)</a> <!-- method navigator-link -->
                      </span>
                      <br/>
                      <span>
                        <img src="failed.png" width="3%"/>
                        <a href="#" panel-name="suite-Default_suite" title="Parallel.ParallelRun" class="method navigator-link" hash-for-method="runScenario(&quot;validating the Sign up button&quot;, &quot;Optional[Register form2 of the Application]&quot;)">runScenario("validating the Sign up button", "Optional[Register form2 of the Application]")</a> <!-- method navigator-link -->
                      </span>
                      <br/>
                      <span>
                        <img src="failed.png" width="3%"/>
                        <a href="#" panel-name="suite-Default_suite" title="Parallel.ParallelRun" class="method navigator-link" hash-for-method="runScenario(&quot;Validating sign in with Google  button&quot;, &quot;Optional[sign in form Option2]&quot;)">runScenario("Validating sign in with Google  button", "Optional[sign in form Option2]")</a> <!-- method navigator-link -->
                      </span>
                      <br/>
                      <span>
                        <img src="failed.png" width="3%"/>
                        <a href="#" panel-name="suite-Default_suite" title="Parallel.ParallelRun" class="method navigator-link" hash-for-method="runScenario(&quot;Validating the title of the Home page&quot;, &quot;Optional[Home page of the Application]&quot;)">runScenario("Validating the title of the Home page", "Optional[Home page of the Application]")</a> <!-- method navigator-link -->
                      </span>
                      <br/>
                      <span>
                        <img src="failed.png" width="3%"/>
                        <a href="#" panel-name="suite-Default_suite" title="Parallel.ParallelRun" class="method navigator-link" hash-for-method="runScenario(&quot;validating the Sign in  with both invalid username and Password&quot;, &quot;Optional[Sign in form1 Of the Ap...)">runScenario("validating the Sign in  with both invalid username and Password", "Optional[Sign in form1 Of the Ap...)</a> <!-- method navigator-link -->
                      </span>
                      <br/>
                    </div> <!-- method-list-content failed suite-Default_suite -->
                  </li>
                  <li>
                    <span class="method-list-title passed">Passed methods</span>
                    <span class="show-or-hide-methods passed">
                      <a href="#" panel-name="suite-Default_suite" class="hide-methods passed suite-Default_suite"> (hide)</a> <!-- hide-methods passed suite-Default_suite -->
                      <a href="#" panel-name="suite-Default_suite" class="show-methods passed suite-Default_suite"> (show)</a> <!-- show-methods passed suite-Default_suite -->
                    </span>
                    <div class="method-list-content passed suite-Default_suite">
                      <span>
                        <img src="passed.png" width="3%"/>
                        <a href="#" panel-name="suite-Default_suite" title="Parallel.ParallelRun" class="method navigator-link" hash-for-method="runScenario(&quot;To verify navigation front arrow&quot;, &quot;Optional[Testing MyPatients Page search results]&quot;)">runScenario("To verify navigation front arrow", "Optional[Testing MyPatients Page search results]")</a> <!-- method navigator-link -->
                      </span>
                      <br/>
                      <span>
                        <img src="passed.png" width="3%"/>
                        <a href="#" panel-name="suite-Default_suite" title="Parallel.ParallelRun" class="method navigator-link" hash-for-method="runScenario(&quot;To verify Search patients by email&quot;, &quot;Optional[Testing MyPatients page]&quot;)">runScenario("To verify Search patients by email", "Optional[Testing MyPatients page]")</a> <!-- method navigator-link -->
                      </span>
                      <br/>
                      <span>
                        <img src="passed.png" width="3%"/>
                        <a href="#" panel-name="suite-Default_suite" title="Parallel.ParallelRun" class="method navigator-link" hash-for-method="runScenario(&quot;To verify navigation&quot;, &quot;Optional[Testing MyPatients Page search results]&quot;)">runScenario("To verify navigation", "Optional[Testing MyPatients Page search results]")</a> <!-- method navigator-link -->
                      </span>
                      <br/>
                      <span>
                        <img src="passed.png" width="3%"/>
                        <a href="#" panel-name="suite-Default_suite" title="Parallel.ParallelRun" class="method navigator-link" hash-for-method="runScenario(&quot;Details missing in all the fields&quot;, &quot;Optional[Testing MyPatients page]&quot;)">runScenario("Details missing in all the fields", "Optional[Testing MyPatients page]")</a> <!-- method navigator-link -->
                      </span>
                      <br/>
                      <span>
                        <img src="passed.png" width="3%"/>
                        <a href="#" panel-name="suite-Default_suite" title="Parallel.ParallelRun" class="method navigator-link" hash-for-method="runScenario(&quot;To verify patient name in field&quot;, &quot;Optional[Testing MyPatients page]&quot;)">runScenario("To verify patient name in field", "Optional[Testing MyPatients page]")</a> <!-- method navigator-link -->
                      </span>
                      <br/>
                      <span>
                        <img src="passed.png" width="3%"/>
                        <a href="#" panel-name="suite-Default_suite" title="Parallel.ParallelRun" class="method navigator-link" hash-for-method="runScenario(&quot;To verify Search patients by phone number&quot;, &quot;Optional[Testing MyPatients page]&quot;)">runScenario("To verify Search patients by phone number", "Optional[Testing MyPatients page]")</a> <!-- method navigator-link -->
                      </span>
                      <br/>
                      <span>
                        <img src="passed.png" width="3%"/>
                        <a href="#" panel-name="suite-Default_suite" title="Parallel.ParallelRun" class="method navigator-link" hash-for-method="runScenario(&quot;To verify Search patients by name&quot;, &quot;Optional[Testing MyPatients page]&quot;)">runScenario("To verify Search patients by name", "Optional[Testing MyPatients page]")</a> <!-- method navigator-link -->
                      </span>
                      <br/>
                      <span>
                        <img src="passed.png" width="3%"/>
                        <a href="#" panel-name="suite-Default_suite" title="Parallel.ParallelRun" class="method navigator-link" hash-for-method="runScenario(&quot;To verify patient email in field&quot;, &quot;Optional[Testing MyPatients page]&quot;)">runScenario("To verify patient email in field", "Optional[Testing MyPatients page]")</a> <!-- method navigator-link -->
                      </span>
                      <br/>
                      <span>
                        <img src="passed.png" width="3%"/>
                        <a href="#" panel-name="suite-Default_suite" title="Parallel.ParallelRun" class="method navigator-link" hash-for-method="runScenario(&quot;To verify navigation back arrow&quot;, &quot;Optional[Testing MyPatients Page search results]&quot;)">runScenario("To verify navigation back arrow", "Optional[Testing MyPatients Page search results]")</a> <!-- method navigator-link -->
                      </span>
                      <br/>
                      <span>
                        <img src="passed.png" width="3%"/>
                        <a href="#" panel-name="suite-Default_suite" title="Parallel.ParallelRun" class="method navigator-link" hash-for-method="runScenario(&quot;To verify patient phone number in field&quot;, &quot;Optional[Testing MyPatients page]&quot;)">runScenario("To verify patient phone number in field", "Optional[Testing MyPatients page]")</a> <!-- method navigator-link -->
                      </span>
                      <br/>
                      <span>
                        <img src="passed.png" width="3%"/>
                        <a href="#" panel-name="suite-Default_suite" title="Parallel.ParallelRun" class="method navigator-link" hash-for-method="runScenario(&quot;To verify View PDF button&quot;, &quot;Optional[Testing MyPatients Page search results]&quot;)">runScenario("To verify View PDF button", "Optional[Testing MyPatients Page search results]")</a> <!-- method navigator-link -->
                      </span>
                      <br/>
                    </div> <!-- method-list-content passed suite-Default_suite -->
                  </li>
                </ul>
              </div> <!-- suite-section-content -->
            </div> <!-- result-section -->
          </div> <!-- navigator-suite-content -->
        </div> <!-- rounded-window -->
      </div> <!-- suite -->
    </div> <!-- navigator-root -->
    <div class="wrapper">
      <div class="main-panel-root">
        <div panel-name="suite-Default_suite" class="panel Default_suite">
          <div class="suite-Default_suite-class-failed">
            <div class="main-panel-header rounded-window-top">
              <img src="failed.png"/>
              <span class="class-name">Parallel.ParallelRun</span>
            </div> <!-- main-panel-header rounded-window-top -->
            <div class="main-panel-content rounded-window-bottom">
              <div class="method">
                <div class="method-content">
                  <a name="runScenario(&quot;Validating the Sign in page mandatory fields&quot;, &quot;Optional[Sign in form1 Of the Application]&quot;)">
                  </a> <!-- runScenario("Validating the Sign in page mandatory fields", "Optional[Sign in form1 Of the Application]") -->
                  <span class="method-name">runScenario</span>
                  <span class="parameters">("Validating the Sign in page mandatory fields", "Optional[Sign in form1 Of the Application]")</span>
                  <div class="stack-trace">org.openqa.selenium.InvalidArgumentException: invalid argument
  (Session info: chrome=102.0.5005.115)
Build info: version: &apos;3.141.59&apos;, revision: &apos;e82be7d358&apos;, time: &apos;2018-11-14T08:17:03&apos;
System info: host: &apos;Shwethas-MacBook-Pro.local&apos;, ip: &apos;2601:647:4100:cc20:5969:f579:cca0:9fb7%en0&apos;, os.name: &apos;Mac OS X&apos;, os.arch: &apos;x86_64&apos;, os.version: &apos;10.15.7&apos;, java.version: &apos;12.0.2&apos;
Driver info: org.openqa.selenium.chrome.ChromeDriver
Capabilities {acceptInsecureCerts: false, browserName: chrome, browserVersion: 102.0.5005.115, chrome: {chromedriverVersion: 102.0.5005.61 (0e59bcc00cc4..., userDataDir: /var/folders/8y/rcqlwqj12nd...}, goog:chromeOptions: {debuggerAddress: localhost:52118}, javascriptEnabled: true, networkConnectionEnabled: false, pageLoadStrategy: normal, platform: MAC, platformName: MAC, proxy: Proxy(), setWindowRect: true, strictFileInteractability: false, timeouts: {implicit: 0, pageLoad: 300000, script: 30000}, unhandledPromptBehavior: dismiss and notify, webauthn:extension:credBlob: true, webauthn:extension:largeBlob: true, webauthn:virtualAuthenticators: true}
Session ID: a7aa25231987ee57acf964ddba1c04c3
	at jdk.internal.reflect.GeneratedConstructorAccessor78.newInstance(Unknown Source)
	at java.base/jdk.internal.reflect.DelegatingConstructorAccessorImpl.newInstance(DelegatingConstructorAccessorImpl.java:45)
	at java.base/java.lang.reflect.Constructor.newInstanceWithCaller(Constructor.java:500)
	at java.base/java.lang.reflect.Constructor.newInstance(Constructor.java:481)
	at org.openqa.selenium.remote.http.W3CHttpResponseCodec.createException(W3CHttpResponseCodec.java:187)
	at org.openqa.selenium.remote.http.W3CHttpResponseCodec.decode(W3CHttpResponseCodec.java:122)
	at org.openqa.selenium.remote.http.W3CHttpResponseCodec.decode(W3CHttpResponseCodec.java:49)
	at org.openqa.selenium.remote.HttpCommandExecutor.execute(HttpCommandExecutor.java:158)
	at org.openqa.selenium.remote.service.DriverCommandExecutor.execute(DriverCommandExecutor.java:83)
	at org.openqa.selenium.remote.RemoteWebDriver.execute(RemoteWebDriver.java:552)
	at org.openqa.selenium.remote.RemoteWebDriver.get(RemoteWebDriver.java:277)
	at Parallel.RegisterPage1Steps.user_is_on_dietician_website(RegisterPage1Steps.java:22)
	at .User is on Dietician  website(classpath:Parallel/SignInPage1.feature:13)

</div> <!-- stack-trace -->
                  <em>
(Runs Cucumber Scenarios)                  </em>
                </div> <!-- method-content -->
              </div> <!-- method -->
              <div class="method">
                <div class="method-content">
                  <a name="runScenario(&quot;validating sign in with valid  credentials&quot;, &quot;Optional[sign in form Option2]&quot;)">
                  </a> <!-- runScenario("validating sign in with valid  credentials", "Optional[sign in form Option2]") -->
                  <span class="method-name">runScenario</span>
                  <span class="parameters">("validating sign in with valid  credentials", "Optional[sign in form Option2]")</span>
                  <div class="stack-trace">java.lang.NullPointerException
	at Parallel.SignInPage2Steps.user_clicks_on_login_button_with_valid_email_and_valid_password(SignInPage2Steps.java:72)
	at .User clicks on login button with valid email and valid password(classpath:Parallel/SignInPage2.feature:42)

</div> <!-- stack-trace -->
                  <em>
(Runs Cucumber Scenarios)                  </em>
                </div> <!-- method-content -->
              </div> <!-- method -->
              <div class="method">
                <div class="method-content">
                  <a name="runScenario(&quot;To verify user redirected  to &quot;Confirm health condition and create plan&quot; page&quot;, &quot;Optional[Testing M...)">
                  </a> <!-- runScenario("To verify user redirected  to "Confirm health condition and create plan" page", "Optional[Testing M...) -->
                  <span class="method-name">runScenario</span>
                  <span class="parameters">("To verify user redirected  to "Confirm health condition and create plan" page", "Optional[Testing MyPatients Page search results]")</span>
                  <div class="stack-trace">java.lang.NullPointerException
	at Parallel.searchresults.the_user_should_be_sent_to_that_patients_confirm_health_condition_and_build_plan_page(searchresults.java:32)
	at .The user should  be sent to that patients Confirm health condition and build plan page(classpath:Parallel/searchresults.feature:27)

</div> <!-- stack-trace -->
                  <em>
(Runs Cucumber Scenarios)                  </em>
                </div> <!-- method-content -->
              </div> <!-- method -->
              <div class="method">
                <div class="method-content">
                  <a name="runScenario(&quot;Validating the tab About visibility&quot;, &quot;Optional[Home page of the Application]&quot;)">
                  </a> <!-- runScenario("Validating the tab About visibility", "Optional[Home page of the Application]") -->
                  <span class="method-name">runScenario</span>
                  <span class="parameters">("Validating the tab About visibility", "Optional[Home page of the Application]")</span>
                  <div class="stack-trace">org.openqa.selenium.InvalidArgumentException: invalid argument
  (Session info: chrome=102.0.5005.115)
Build info: version: &apos;3.141.59&apos;, revision: &apos;e82be7d358&apos;, time: &apos;2018-11-14T08:17:03&apos;
System info: host: &apos;Shwethas-MacBook-Pro.local&apos;, ip: &apos;2601:647:4100:cc20:5969:f579:cca0:9fb7%en0&apos;, os.name: &apos;Mac OS X&apos;, os.arch: &apos;x86_64&apos;, os.version: &apos;10.15.7&apos;, java.version: &apos;12.0.2&apos;
Driver info: org.openqa.selenium.chrome.ChromeDriver
Capabilities {acceptInsecureCerts: false, browserName: chrome, browserVersion: 102.0.5005.115, chrome: {chromedriverVersion: 102.0.5005.61 (0e59bcc00cc4..., userDataDir: /var/folders/8y/rcqlwqj12nd...}, goog:chromeOptions: {debuggerAddress: localhost:51456}, javascriptEnabled: true, networkConnectionEnabled: false, pageLoadStrategy: normal, platform: MAC, platformName: MAC, proxy: Proxy(), setWindowRect: true, strictFileInteractability: false, timeouts: {implicit: 0, pageLoad: 300000, script: 30000}, unhandledPromptBehavior: dismiss and notify, webauthn:extension:credBlob: true, webauthn:extension:largeBlob: true, webauthn:virtualAuthenticators: true}
Session ID: 9afae47e3a8ac95fbbea9999cc513b1e
	at java.base/jdk.internal.reflect.NativeConstructorAccessorImpl.newInstance0(Native Method)
	at java.base/jdk.internal.reflect.NativeConstructorAccessorImpl.newInstance(NativeConstructorAccessorImpl.java:62)
	at java.base/jdk.internal.reflect.DelegatingConstructorAccessorImpl.newInstance(DelegatingConstructorAccessorImpl.java:45)
	at java.base/java.lang.reflect.Constructor.newInstanceWithCaller(Constructor.java:500)
	at java.base/java.lang.reflect.Constructor.newInstance(Constructor.java:481)
	at org.openqa.selenium.remote.http.W3CHttpResponseCodec.createException(W3CHttpResponseCodec.java:187)
	at org.openqa.selenium.remote.http.W3CHttpResponseCodec.decode(W3CHttpResponseCodec.java:122)
	at org.openqa.selenium.remote.http.W3CHttpResponseCodec.decode(W3CHttpResponseCodec.java:49)
	at org.openqa.selenium.remote.HttpCommandExecutor.execute(HttpCommandExecutor.java:158)
	at org.openqa.selenium.remote.service.DriverCommandExecutor.execute(DriverCommandExecutor.java:83)
	at org.openqa.selenium.remote.RemoteWebDriver.execute(RemoteWebDriver.java:552)
	at org.openqa.selenium.remote.RemoteWebDriver.get(RemoteWebDriver.java:277)
	at Parallel.HomePageSteps.user_open_the_dietician_website(HomePageSteps.java:29)
	at .User open the Dietician Website(classpath:Parallel/HomePage.feature:5)

</div> <!-- stack-trace -->
                  <em>
(Runs Cucumber Scenarios)                  </em>
                </div> <!-- method-content -->
              </div> <!-- method -->
              <div class="method">
                <div class="method-content">
                  <a name="runScenario(&quot;validating the Sign up processs with valid credentials&quot;, &quot;Optional[Register page of the application...)">
                  </a> <!-- runScenario("validating the Sign up processs with valid credentials", "Optional[Register page of the application...) -->
                  <span class="method-name">runScenario</span>
                  <span class="parameters">("validating the Sign up processs with valid credentials", "Optional[Register page of the application]")</span>
                  <div class="stack-trace">java.lang.NullPointerException
	at Parallel.RegisterPage1Steps.user_is_on_register_page(RegisterPage1Steps.java:51)
	at .User is on Register page(classpath:Parallel/RegisterPage1.feature:73)

</div> <!-- stack-trace -->
                  <em>
(Runs Cucumber Scenarios)                  </em>
                </div> <!-- method-content -->
              </div> <!-- method -->
              <div class="method">
                <div class="method-content">
                  <a name="runScenario(&quot;Validating the Sign in button&quot;, &quot;Optional[Sign in form1 Of the Application]&quot;)">
                  </a> <!-- runScenario("Validating the Sign in button", "Optional[Sign in form1 Of the Application]") -->
                  <span class="method-name">runScenario</span>
                  <span class="parameters">("Validating the Sign in button", "Optional[Sign in form1 Of the Application]")</span>
                  <div class="stack-trace">org.openqa.selenium.InvalidArgumentException: invalid argument
  (Session info: chrome=102.0.5005.115)
Build info: version: &apos;3.141.59&apos;, revision: &apos;e82be7d358&apos;, time: &apos;2018-11-14T08:17:03&apos;
System info: host: &apos;Shwethas-MacBook-Pro.local&apos;, ip: &apos;2601:647:4100:cc20:5969:f579:cca0:9fb7%en0&apos;, os.name: &apos;Mac OS X&apos;, os.arch: &apos;x86_64&apos;, os.version: &apos;10.15.7&apos;, java.version: &apos;12.0.2&apos;
Driver info: org.openqa.selenium.chrome.ChromeDriver
Capabilities {acceptInsecureCerts: false, browserName: chrome, browserVersion: 102.0.5005.115, chrome: {chromedriverVersion: 102.0.5005.61 (0e59bcc00cc4..., userDataDir: /var/folders/8y/rcqlwqj12nd...}, goog:chromeOptions: {debuggerAddress: localhost:52125}, javascriptEnabled: true, networkConnectionEnabled: false, pageLoadStrategy: normal, platform: MAC, platformName: MAC, proxy: Proxy(), setWindowRect: true, strictFileInteractability: false, timeouts: {implicit: 0, pageLoad: 300000, script: 30000}, unhandledPromptBehavior: dismiss and notify, webauthn:extension:credBlob: true, webauthn:extension:largeBlob: true, webauthn:virtualAuthenticators: true}
Session ID: d5aa19935209a1cfe053a95dc017d92d
	at jdk.internal.reflect.GeneratedConstructorAccessor78.newInstance(Unknown Source)
	at java.base/jdk.internal.reflect.DelegatingConstructorAccessorImpl.newInstance(DelegatingConstructorAccessorImpl.java:45)
	at java.base/java.lang.reflect.Constructor.newInstanceWithCaller(Constructor.java:500)
	at java.base/java.lang.reflect.Constructor.newInstance(Constructor.java:481)
	at org.openqa.selenium.remote.http.W3CHttpResponseCodec.createException(W3CHttpResponseCodec.java:187)
	at org.openqa.selenium.remote.http.W3CHttpResponseCodec.decode(W3CHttpResponseCodec.java:122)
	at org.openqa.selenium.remote.http.W3CHttpResponseCodec.decode(W3CHttpResponseCodec.java:49)
	at org.openqa.selenium.remote.HttpCommandExecutor.execute(HttpCommandExecutor.java:158)
	at org.openqa.selenium.remote.service.DriverCommandExecutor.execute(DriverCommandExecutor.java:83)
	at org.openqa.selenium.remote.RemoteWebDriver.execute(RemoteWebDriver.java:552)
	at org.openqa.selenium.remote.RemoteWebDriver.get(RemoteWebDriver.java:277)
	at Parallel.RegisterPage1Steps.user_is_on_dietician_website(RegisterPage1Steps.java:22)
	at .User is on Dietician  website(classpath:Parallel/SignInPage1.feature:23)

</div> <!-- stack-trace -->
                  <em>
(Runs Cucumber Scenarios)                  </em>
                </div> <!-- method-content -->
              </div> <!-- method -->
              <div class="method">
                <div class="method-content">
                  <a name="runScenario(&quot;validating the Contact uslink on home page&quot;, &quot;Optional[Links of the Home page]&quot;)">
                  </a> <!-- runScenario("validating the Contact uslink on home page", "Optional[Links of the Home page]") -->
                  <span class="method-name">runScenario</span>
                  <span class="parameters">("validating the Contact uslink on home page", "Optional[Links of the Home page]")</span>
                  <div class="stack-trace">org.openqa.selenium.InvalidArgumentException: invalid argument
  (Session info: chrome=102.0.5005.115)
Build info: version: &apos;3.141.59&apos;, revision: &apos;e82be7d358&apos;, time: &apos;2018-11-14T08:17:03&apos;
System info: host: &apos;Shwethas-MacBook-Pro.local&apos;, ip: &apos;2601:647:4100:cc20:5969:f579:cca0:9fb7%en0&apos;, os.name: &apos;Mac OS X&apos;, os.arch: &apos;x86_64&apos;, os.version: &apos;10.15.7&apos;, java.version: &apos;12.0.2&apos;
Driver info: org.openqa.selenium.chrome.ChromeDriver
Capabilities {acceptInsecureCerts: false, browserName: chrome, browserVersion: 102.0.5005.115, chrome: {chromedriverVersion: 102.0.5005.61 (0e59bcc00cc4..., userDataDir: /var/folders/8y/rcqlwqj12nd...}, goog:chromeOptions: {debuggerAddress: localhost:51624}, javascriptEnabled: true, networkConnectionEnabled: false, pageLoadStrategy: normal, platform: MAC, platformName: MAC, proxy: Proxy(), setWindowRect: true, strictFileInteractability: false, timeouts: {implicit: 0, pageLoad: 300000, script: 30000}, unhandledPromptBehavior: dismiss and notify, webauthn:extension:credBlob: true, webauthn:extension:largeBlob: true, webauthn:virtualAuthenticators: true}
Session ID: 2d22e7f94a762024fbf4f26acb8916df
	at java.base/jdk.internal.reflect.NativeConstructorAccessorImpl.newInstance0(Native Method)
	at java.base/jdk.internal.reflect.NativeConstructorAccessorImpl.newInstance(NativeConstructorAccessorImpl.java:62)
	at java.base/jdk.internal.reflect.DelegatingConstructorAccessorImpl.newInstance(DelegatingConstructorAccessorImpl.java:45)
	at java.base/java.lang.reflect.Constructor.newInstanceWithCaller(Constructor.java:500)
	at java.base/java.lang.reflect.Constructor.newInstance(Constructor.java:481)
	at org.openqa.selenium.remote.http.W3CHttpResponseCodec.createException(W3CHttpResponseCodec.java:187)
	at org.openqa.selenium.remote.http.W3CHttpResponseCodec.decode(W3CHttpResponseCodec.java:122)
	at org.openqa.selenium.remote.http.W3CHttpResponseCodec.decode(W3CHttpResponseCodec.java:49)
	at org.openqa.selenium.remote.HttpCommandExecutor.execute(HttpCommandExecutor.java:158)
	at org.openqa.selenium.remote.service.DriverCommandExecutor.execute(DriverCommandExecutor.java:83)
	at org.openqa.selenium.remote.RemoteWebDriver.execute(RemoteWebDriver.java:552)
	at org.openqa.selenium.remote.RemoteWebDriver.get(RemoteWebDriver.java:277)
	at Parallel.HomePageSteps.user_open_the_dietician_website(HomePageSteps.java:29)
	at .User open the Dietician Website(classpath:Parallel/LinksOfHomePage.feature:5)

</div> <!-- stack-trace -->
                  <em>
(Runs Cucumber Scenarios)                  </em>
                </div> <!-- method-content -->
              </div> <!-- method -->
              <div class="method">
                <div class="method-content">
                  <a name="runScenario(&quot;validating the Sign in with all fields valid entry&quot;, &quot;Optional[Sign in form1 Of the Application]&quot;)">
                  </a> <!-- runScenario("validating the Sign in with all fields valid entry", "Optional[Sign in form1 Of the Application]") -->
                  <span class="method-name">runScenario</span>
                  <span class="parameters">("validating the Sign in with all fields valid entry", "Optional[Sign in form1 Of the Application]")</span>
                  <div class="stack-trace">java.lang.NullPointerException
	at Parallel.SignInPage1Steps.user_clicks_sign_in_with_all_fields_entered(SignInPage1Steps.java:135)
	at .User clicks sign in with all fields entered(classpath:Parallel/SignInPage1.feature:57)

</div> <!-- stack-trace -->
                  <em>
(Runs Cucumber Scenarios)                  </em>
                </div> <!-- method-content -->
              </div> <!-- method -->
              <div class="method">
                <div class="method-content">
                  <a name="runScenario(&quot;To verify user redirected  to  &quot;View Recent Diets&quot; page in different browser&quot;, &quot;Optional[Testing My...)">
                  </a> <!-- runScenario("To verify user redirected  to  "View Recent Diets" page in different browser", "Optional[Testing My...) -->
                  <span class="method-name">runScenario</span>
                  <span class="parameters">("To verify user redirected  to  "View Recent Diets" page in different browser", "Optional[Testing MyPatients Page search results]")</span>
                  <div class="stack-trace">java.lang.NullPointerException
	at Parallel.searchresults.the_user_should_be_navigated_to_that_patients_view_recent_diets_page(searchresults.java:55)
	at .The user should  be navigated to that patients View Recent Diets page(classpath:Parallel/searchresults.feature:39)

</div> <!-- stack-trace -->
                  <em>
(Runs Cucumber Scenarios)                  </em>
                </div> <!-- method-content -->
              </div> <!-- method -->
              <div class="method">
                <div class="method-content">
                  <a name="runScenario(&quot;Validating sign in with SignUp  button&quot;, &quot;Optional[sign in form Option2]&quot;)">
                  </a> <!-- runScenario("Validating sign in with SignUp  button", "Optional[sign in form Option2]") -->
                  <span class="method-name">runScenario</span>
                  <span class="parameters">("Validating sign in with SignUp  button", "Optional[sign in form Option2]")</span>
                  <div class="stack-trace">java.lang.NullPointerException
	at Parallel.SignInPage2Steps.user_clicks_on_sign_up_link(SignInPage2Steps.java:97)
	at .User clicks on Sign up link(classpath:Parallel/SignInPage2.feature:60)

</div> <!-- stack-trace -->
                  <em>
(Runs Cucumber Scenarios)                  </em>
                </div> <!-- method-content -->
              </div> <!-- method -->
              <div class="method">
                <div class="method-content">
                  <a name="runScenario(&quot;Validating the visibility of Signin option&quot;, &quot;Optional[Home page of the Application]&quot;)">
                  </a> <!-- runScenario("Validating the visibility of Signin option", "Optional[Home page of the Application]") -->
                  <span class="method-name">runScenario</span>
                  <span class="parameters">("Validating the visibility of Signin option", "Optional[Home page of the Application]")</span>
                  <div class="stack-trace">org.openqa.selenium.InvalidArgumentException: invalid argument
  (Session info: chrome=102.0.5005.115)
Build info: version: &apos;3.141.59&apos;, revision: &apos;e82be7d358&apos;, time: &apos;2018-11-14T08:17:03&apos;
System info: host: &apos;Shwethas-MacBook-Pro.local&apos;, ip: &apos;2601:647:4100:cc20:5969:f579:cca0:9fb7%en0&apos;, os.name: &apos;Mac OS X&apos;, os.arch: &apos;x86_64&apos;, os.version: &apos;10.15.7&apos;, java.version: &apos;12.0.2&apos;
Driver info: org.openqa.selenium.chrome.ChromeDriver
Capabilities {acceptInsecureCerts: false, browserName: chrome, browserVersion: 102.0.5005.115, chrome: {chromedriverVersion: 102.0.5005.61 (0e59bcc00cc4..., userDataDir: /var/folders/8y/rcqlwqj12nd...}, goog:chromeOptions: {debuggerAddress: localhost:51554}, javascriptEnabled: true, networkConnectionEnabled: false, pageLoadStrategy: normal, platform: MAC, platformName: MAC, proxy: Proxy(), setWindowRect: true, strictFileInteractability: false, timeouts: {implicit: 0, pageLoad: 300000, script: 30000}, unhandledPromptBehavior: dismiss and notify, webauthn:extension:credBlob: true, webauthn:extension:largeBlob: true, webauthn:virtualAuthenticators: true}
Session ID: ea795d0f92aa35640444ae178e819a30
	at java.base/jdk.internal.reflect.NativeConstructorAccessorImpl.newInstance0(Native Method)
	at java.base/jdk.internal.reflect.NativeConstructorAccessorImpl.newInstance(NativeConstructorAccessorImpl.java:62)
	at java.base/jdk.internal.reflect.DelegatingConstructorAccessorImpl.newInstance(DelegatingConstructorAccessorImpl.java:45)
	at java.base/java.lang.reflect.Constructor.newInstanceWithCaller(Constructor.java:500)
	at java.base/java.lang.reflect.Constructor.newInstance(Constructor.java:481)
	at org.openqa.selenium.remote.http.W3CHttpResponseCodec.createException(W3CHttpResponseCodec.java:187)
	at org.openqa.selenium.remote.http.W3CHttpResponseCodec.decode(W3CHttpResponseCodec.java:122)
	at org.openqa.selenium.remote.http.W3CHttpResponseCodec.decode(W3CHttpResponseCodec.java:49)
	at org.openqa.selenium.remote.HttpCommandExecutor.execute(HttpCommandExecutor.java:158)
	at org.openqa.selenium.remote.service.DriverCommandExecutor.execute(DriverCommandExecutor.java:83)
	at org.openqa.selenium.remote.RemoteWebDriver.execute(RemoteWebDriver.java:552)
	at org.openqa.selenium.remote.RemoteWebDriver.get(RemoteWebDriver.java:277)
	at Parallel.HomePageSteps.user_open_the_dietician_website(HomePageSteps.java:29)
	at .User open the Dietician Website(classpath:Parallel/HomePage.feature:5)

</div> <!-- stack-trace -->
                  <em>
(Runs Cucumber Scenarios)                  </em>
                </div> <!-- method-content -->
              </div> <!-- method -->
              <div class="method">
                <div class="method-content">
                  <a name="runScenario(&quot;validating the Sign up processs with valid credentials&quot;, &quot;Optional[Register form2 of the Applicatio...)">
                  </a> <!-- runScenario("validating the Sign up processs with valid credentials", "Optional[Register form2 of the Applicatio...) -->
                  <span class="method-name">runScenario</span>
                  <span class="parameters">("validating the Sign up processs with valid credentials", "Optional[Register form2 of the Application]")</span>
                  <div class="stack-trace">java.lang.NullPointerException
	at Parallel.RegisterPage1Steps.user_is_on_register_page(RegisterPage1Steps.java:51)
	at .User is on Register page(classpath:Parallel/RegisterPage2.feature:56)

</div> <!-- stack-trace -->
                  <em>
(Runs Cucumber Scenarios)                  </em>
                </div> <!-- method-content -->
              </div> <!-- method -->
              <div class="method">
                <div class="method-content">
                  <a name="runScenario(&quot;validating the Sign up processs with invalid last name&quot;, &quot;Optional[Register page of the application...)">
                  </a> <!-- runScenario("validating the Sign up processs with invalid last name", "Optional[Register page of the application...) -->
                  <span class="method-name">runScenario</span>
                  <span class="parameters">("validating the Sign up processs with invalid last name", "Optional[Register page of the application]")</span>
                  <div class="stack-trace">java.lang.NullPointerException
	at Parallel.RegisterPage1Steps.user_is_on_register_page(RegisterPage1Steps.java:51)
	at .User is on Register page(classpath:Parallel/RegisterPage1.feature:43)

</div> <!-- stack-trace -->
                  <em>
(Runs Cucumber Scenarios)                  </em>
                </div> <!-- method-content -->
              </div> <!-- method -->
              <div class="method">
                <div class="method-content">
                  <a name="runScenario(&quot;validating the Sign in with Not member yet button&quot;, &quot;Optional[Sign in form1 Of the Application]&quot;)">
                  </a> <!-- runScenario("validating the Sign in with Not member yet button", "Optional[Sign in form1 Of the Application]") -->
                  <span class="method-name">runScenario</span>
                  <span class="parameters">("validating the Sign in with Not member yet button", "Optional[Sign in form1 Of the Application]")</span>
                  <div class="stack-trace">java.lang.NullPointerException
	at Parallel.SignInPage1Steps.user_clicks_on_not_member_yet_button(SignInPage1Steps.java:125)
	at .User clicks on not member yet button(classpath:Parallel/SignInPage1.feature:52)

</div> <!-- stack-trace -->
                  <em>
(Runs Cucumber Scenarios)                  </em>
                </div> <!-- method-content -->
              </div> <!-- method -->
              <div class="method">
                <div class="method-content">
                  <a name="runScenario(&quot;validating the Sign up processs with invalid Any other field&quot;, &quot;Optional[Register page of the appli...)">
                  </a> <!-- runScenario("validating the Sign up processs with invalid Any other field", "Optional[Register page of the appli...) -->
                  <span class="method-name">runScenario</span>
                  <span class="parameters">("validating the Sign up processs with invalid Any other field", "Optional[Register page of the application]")</span>
                  <div class="stack-trace">java.lang.NullPointerException
	at Parallel.RegisterPage1Steps.user_is_on_register_page(RegisterPage1Steps.java:51)
	at .User is on Register page(classpath:Parallel/RegisterPage1.feature:55)

</div> <!-- stack-trace -->
                  <em>
(Runs Cucumber Scenarios)                  </em>
                </div> <!-- method-content -->
              </div> <!-- method -->
              <div class="method">
                <div class="method-content">
                  <a name="runScenario(&quot;My Patients Page&quot;, &quot;Optional[Testing MyPatients page]&quot;)">
                  </a> <!-- runScenario("My Patients Page", "Optional[Testing MyPatients page]") -->
                  <span class="method-name">runScenario</span>
                  <span class="parameters">("My Patients Page", "Optional[Testing MyPatients page]")</span>
                  <div class="stack-trace">java.lang.NullPointerException
	at Parallel.MyPatientsSearch.user_should_be_directed_to_my_patients_page(MyPatientsSearch.java:35)
	at .User should be directed to My Patients page(classpath:Parallel/MyPatientsSearch.feature:10)

</div> <!-- stack-trace -->
                  <em>
(Runs Cucumber Scenarios)                  </em>
                </div> <!-- method-content -->
              </div> <!-- method -->
              <div class="method">
                <div class="method-content">
                  <a name="runScenario(&quot;Validating sign in with invalid credentials&quot;, &quot;Optional[sign in form Option2]&quot;)">
                  </a> <!-- runScenario("Validating sign in with invalid credentials", "Optional[sign in form Option2]") -->
                  <span class="method-name">runScenario</span>
                  <span class="parameters">("Validating sign in with invalid credentials", "Optional[sign in form Option2]")</span>
                  <div class="stack-trace">java.lang.NullPointerException
	at Parallel.SignInPage2Steps.user_clicks_on_login_button_with_invalid_email_and_invalid_password(SignInPage2Steps.java:67)
	at .User clicks on login button with invalid email and invalid password(classpath:Parallel/SignInPage2.feature:36)

</div> <!-- stack-trace -->
                  <em>
(Runs Cucumber Scenarios)                  </em>
                </div> <!-- method-content -->
              </div> <!-- method -->
              <div class="method">
                <div class="method-content">
                  <a name="runScenario(&quot;validating the Feature link on home page&quot;, &quot;Optional[Links of the Home page]&quot;)">
                  </a> <!-- runScenario("validating the Feature link on home page", "Optional[Links of the Home page]") -->
                  <span class="method-name">runScenario</span>
                  <span class="parameters">("validating the Feature link on home page", "Optional[Links of the Home page]")</span>
                  <div class="stack-trace">org.openqa.selenium.InvalidArgumentException: invalid argument
  (Session info: chrome=102.0.5005.115)
Build info: version: &apos;3.141.59&apos;, revision: &apos;e82be7d358&apos;, time: &apos;2018-11-14T08:17:03&apos;
System info: host: &apos;Shwethas-MacBook-Pro.local&apos;, ip: &apos;2601:647:4100:cc20:5969:f579:cca0:9fb7%en0&apos;, os.name: &apos;Mac OS X&apos;, os.arch: &apos;x86_64&apos;, os.version: &apos;10.15.7&apos;, java.version: &apos;12.0.2&apos;
Driver info: org.openqa.selenium.chrome.ChromeDriver
Capabilities {acceptInsecureCerts: false, browserName: chrome, browserVersion: 102.0.5005.115, chrome: {chromedriverVersion: 102.0.5005.61 (0e59bcc00cc4..., userDataDir: /var/folders/8y/rcqlwqj12nd...}, goog:chromeOptions: {debuggerAddress: localhost:51620}, javascriptEnabled: true, networkConnectionEnabled: false, pageLoadStrategy: normal, platform: MAC, platformName: MAC, proxy: Proxy(), setWindowRect: true, strictFileInteractability: false, timeouts: {implicit: 0, pageLoad: 300000, script: 30000}, unhandledPromptBehavior: dismiss and notify, webauthn:extension:credBlob: true, webauthn:extension:largeBlob: true, webauthn:virtualAuthenticators: true}
Session ID: 93d06691cb6d564c5ee9b8f7e354d30f
	at java.base/jdk.internal.reflect.NativeConstructorAccessorImpl.newInstance0(Native Method)
	at java.base/jdk.internal.reflect.NativeConstructorAccessorImpl.newInstance(NativeConstructorAccessorImpl.java:62)
	at java.base/jdk.internal.reflect.DelegatingConstructorAccessorImpl.newInstance(DelegatingConstructorAccessorImpl.java:45)
	at java.base/java.lang.reflect.Constructor.newInstanceWithCaller(Constructor.java:500)
	at java.base/java.lang.reflect.Constructor.newInstance(Constructor.java:481)
	at org.openqa.selenium.remote.http.W3CHttpResponseCodec.createException(W3CHttpResponseCodec.java:187)
	at org.openqa.selenium.remote.http.W3CHttpResponseCodec.decode(W3CHttpResponseCodec.java:122)
	at org.openqa.selenium.remote.http.W3CHttpResponseCodec.decode(W3CHttpResponseCodec.java:49)
	at org.openqa.selenium.remote.HttpCommandExecutor.execute(HttpCommandExecutor.java:158)
	at org.openqa.selenium.remote.service.DriverCommandExecutor.execute(DriverCommandExecutor.java:83)
	at org.openqa.selenium.remote.RemoteWebDriver.execute(RemoteWebDriver.java:552)
	at org.openqa.selenium.remote.RemoteWebDriver.get(RemoteWebDriver.java:277)
	at Parallel.HomePageSteps.user_open_the_dietician_website(HomePageSteps.java:29)
	at .User open the Dietician Website(classpath:Parallel/LinksOfHomePage.feature:5)

</div> <!-- stack-trace -->
                  <em>
(Runs Cucumber Scenarios)                  </em>
                </div> <!-- method-content -->
              </div> <!-- method -->
              <div class="method">
                <div class="method-content">
                  <a name="runScenario(&quot;validating the Sign up processs with Facebook&quot;, &quot;Optional[Register form2 of the Application]&quot;)">
                  </a> <!-- runScenario("validating the Sign up processs with Facebook", "Optional[Register form2 of the Application]") -->
                  <span class="method-name">runScenario</span>
                  <span class="parameters">("validating the Sign up processs with Facebook", "Optional[Register form2 of the Application]")</span>
                  <div class="stack-trace">java.lang.NullPointerException
	at Parallel.RegisterPage1Steps.user_is_on_register_page(RegisterPage1Steps.java:51)
	at .User is on Register page(classpath:Parallel/RegisterPage2.feature:62)

</div> <!-- stack-trace -->
                  <em>
(Runs Cucumber Scenarios)                  </em>
                </div> <!-- method-content -->
              </div> <!-- method -->
              <div class="method">
                <div class="method-content">
                  <a name="runScenario(&quot;Validating the Sign in form heading&quot;, &quot;Optional[Sign in form1 Of the Application]&quot;)">
                  </a> <!-- runScenario("Validating the Sign in form heading", "Optional[Sign in form1 Of the Application]") -->
                  <span class="method-name">runScenario</span>
                  <span class="parameters">("Validating the Sign in form heading", "Optional[Sign in form1 Of the Application]")</span>
                  <div class="stack-trace">org.openqa.selenium.InvalidArgumentException: invalid argument
  (Session info: chrome=102.0.5005.115)
Build info: version: &apos;3.141.59&apos;, revision: &apos;e82be7d358&apos;, time: &apos;2018-11-14T08:17:03&apos;
System info: host: &apos;Shwethas-MacBook-Pro.local&apos;, ip: &apos;2601:647:4100:cc20:5969:f579:cca0:9fb7%en0&apos;, os.name: &apos;Mac OS X&apos;, os.arch: &apos;x86_64&apos;, os.version: &apos;10.15.7&apos;, java.version: &apos;12.0.2&apos;
Driver info: org.openqa.selenium.chrome.ChromeDriver
Capabilities {acceptInsecureCerts: false, browserName: chrome, browserVersion: 102.0.5005.115, chrome: {chromedriverVersion: 102.0.5005.61 (0e59bcc00cc4..., userDataDir: /var/folders/8y/rcqlwqj12nd...}, goog:chromeOptions: {debuggerAddress: localhost:52122}, javascriptEnabled: true, networkConnectionEnabled: false, pageLoadStrategy: normal, platform: MAC, platformName: MAC, proxy: Proxy(), setWindowRect: true, strictFileInteractability: false, timeouts: {implicit: 0, pageLoad: 300000, script: 30000}, unhandledPromptBehavior: dismiss and notify, webauthn:extension:credBlob: true, webauthn:extension:largeBlob: true, webauthn:virtualAuthenticators: true}
Session ID: 6fe66f635b2368a8321c33692637fee5
	at jdk.internal.reflect.GeneratedConstructorAccessor78.newInstance(Unknown Source)
	at java.base/jdk.internal.reflect.DelegatingConstructorAccessorImpl.newInstance(DelegatingConstructorAccessorImpl.java:45)
	at java.base/java.lang.reflect.Constructor.newInstanceWithCaller(Constructor.java:500)
	at java.base/java.lang.reflect.Constructor.newInstance(Constructor.java:481)
	at org.openqa.selenium.remote.http.W3CHttpResponseCodec.createException(W3CHttpResponseCodec.java:187)
	at org.openqa.selenium.remote.http.W3CHttpResponseCodec.decode(W3CHttpResponseCodec.java:122)
	at org.openqa.selenium.remote.http.W3CHttpResponseCodec.decode(W3CHttpResponseCodec.java:49)
	at org.openqa.selenium.remote.HttpCommandExecutor.execute(HttpCommandExecutor.java:158)
	at org.openqa.selenium.remote.service.DriverCommandExecutor.execute(DriverCommandExecutor.java:83)
	at org.openqa.selenium.remote.RemoteWebDriver.execute(RemoteWebDriver.java:552)
	at org.openqa.selenium.remote.RemoteWebDriver.get(RemoteWebDriver.java:277)
	at Parallel.RegisterPage1Steps.user_is_on_dietician_website(RegisterPage1Steps.java:22)
	at .User is on Dietician  website(classpath:Parallel/SignInPage1.feature:18)

</div> <!-- stack-trace -->
                  <em>
(Runs Cucumber Scenarios)                  </em>
                </div> <!-- method-content -->
              </div> <!-- method -->
              <div class="method">
                <div class="method-content">
                  <a name="runScenario(&quot;validating log in button&quot;, &quot;Optional[sign in form Option2]&quot;)">
                  </a> <!-- runScenario("validating log in button", "Optional[sign in form Option2]") -->
                  <span class="method-name">runScenario</span>
                  <span class="parameters">("validating log in button", "Optional[sign in form Option2]")</span>
                  <div class="stack-trace">org.openqa.selenium.InvalidArgumentException: invalid argument
  (Session info: chrome=102.0.5005.115)
Build info: version: &apos;3.141.59&apos;, revision: &apos;e82be7d358&apos;, time: &apos;2018-11-14T08:17:03&apos;
System info: host: &apos;Shwethas-MacBook-Pro.local&apos;, ip: &apos;2601:647:4100:cc20:5969:f579:cca0:9fb7%en0&apos;, os.name: &apos;Mac OS X&apos;, os.arch: &apos;x86_64&apos;, os.version: &apos;10.15.7&apos;, java.version: &apos;12.0.2&apos;
Driver info: org.openqa.selenium.chrome.ChromeDriver
Capabilities {acceptInsecureCerts: false, browserName: chrome, browserVersion: 102.0.5005.115, chrome: {chromedriverVersion: 102.0.5005.61 (0e59bcc00cc4..., userDataDir: /var/folders/8y/rcqlwqj12nd...}, goog:chromeOptions: {debuggerAddress: localhost:52246}, javascriptEnabled: true, networkConnectionEnabled: false, pageLoadStrategy: normal, platform: MAC, platformName: MAC, proxy: Proxy(), setWindowRect: true, strictFileInteractability: false, timeouts: {implicit: 0, pageLoad: 300000, script: 30000}, unhandledPromptBehavior: dismiss and notify, webauthn:extension:credBlob: true, webauthn:extension:largeBlob: true, webauthn:virtualAuthenticators: true}
Session ID: 4fff018a10686ecf2fbb53257ac59d6f
	at jdk.internal.reflect.GeneratedConstructorAccessor78.newInstance(Unknown Source)
	at java.base/jdk.internal.reflect.DelegatingConstructorAccessorImpl.newInstance(DelegatingConstructorAccessorImpl.java:45)
	at java.base/java.lang.reflect.Constructor.newInstanceWithCaller(Constructor.java:500)
	at java.base/java.lang.reflect.Constructor.newInstance(Constructor.java:481)
	at org.openqa.selenium.remote.http.W3CHttpResponseCodec.createException(W3CHttpResponseCodec.java:187)
	at org.openqa.selenium.remote.http.W3CHttpResponseCodec.decode(W3CHttpResponseCodec.java:122)
	at org.openqa.selenium.remote.http.W3CHttpResponseCodec.decode(W3CHttpResponseCodec.java:49)
	at org.openqa.selenium.remote.HttpCommandExecutor.execute(HttpCommandExecutor.java:158)
	at org.openqa.selenium.remote.service.DriverCommandExecutor.execute(DriverCommandExecutor.java:83)
	at org.openqa.selenium.remote.RemoteWebDriver.execute(RemoteWebDriver.java:552)
	at org.openqa.selenium.remote.RemoteWebDriver.get(RemoteWebDriver.java:277)
	at Parallel.SignInPage2Steps.user_is_on_dietician_website(SignInPage2Steps.java:20)
	at .User is on Dietician website(classpath:Parallel/SignInPage2.feature:12)

</div> <!-- stack-trace -->
                  <em>
(Runs Cucumber Scenarios)                  </em>
                </div> <!-- method-content -->
              </div> <!-- method -->
              <div class="method">
                <div class="method-content">
                  <a name="runScenario(&quot;validating the Sign up processs with empty fields&quot;, &quot;Optional[Register page of the application]&quot;)">
                  </a> <!-- runScenario("validating the Sign up processs with empty fields", "Optional[Register page of the application]") -->
                  <span class="method-name">runScenario</span>
                  <span class="parameters">("validating the Sign up processs with empty fields", "Optional[Register page of the application]")</span>
                  <div class="stack-trace">java.lang.NullPointerException
	at Parallel.RegisterPage1Steps.user_is_on_register_page(RegisterPage1Steps.java:51)
	at .User is on Register page(classpath:Parallel/RegisterPage1.feature:23)

</div> <!-- stack-trace -->
                  <em>
(Runs Cucumber Scenarios)                  </em>
                </div> <!-- method-content -->
              </div> <!-- method -->
              <div class="method">
                <div class="method-content">
                  <a name="runScenario(&quot;Validating sign in with Facebook button&quot;, &quot;Optional[sign in form Option2]&quot;)">
                  </a> <!-- runScenario("Validating sign in with Facebook button", "Optional[sign in form Option2]") -->
                  <span class="method-name">runScenario</span>
                  <span class="parameters">("Validating sign in with Facebook button", "Optional[sign in form Option2]")</span>
                  <div class="stack-trace">java.lang.NullPointerException
	at Parallel.SignInPage2Steps.user_clicks_on_facebook_button(SignInPage2Steps.java:78)
	at .User clicks on facebook button(classpath:Parallel/SignInPage2.feature:48)

</div> <!-- stack-trace -->
                  <em>
(Runs Cucumber Scenarios)                  </em>
                </div> <!-- method-content -->
              </div> <!-- method -->
              <div class="method">
                <div class="method-content">
                  <a name="runScenario(&quot;Validating the Logo on the Home page&quot;, &quot;Optional[Home page of the Application]&quot;)">
                  </a> <!-- runScenario("Validating the Logo on the Home page", "Optional[Home page of the Application]") -->
                  <span class="method-name">runScenario</span>
                  <span class="parameters">("Validating the Logo on the Home page", "Optional[Home page of the Application]")</span>
                  <div class="stack-trace">org.openqa.selenium.InvalidArgumentException: invalid argument
  (Session info: chrome=102.0.5005.115)
Build info: version: &apos;3.141.59&apos;, revision: &apos;e82be7d358&apos;, time: &apos;2018-11-14T08:17:03&apos;
System info: host: &apos;Shwethas-MacBook-Pro.local&apos;, ip: &apos;2601:647:4100:cc20:5969:f579:cca0:9fb7%en0&apos;, os.name: &apos;Mac OS X&apos;, os.arch: &apos;x86_64&apos;, os.version: &apos;10.15.7&apos;, java.version: &apos;12.0.2&apos;
Driver info: org.openqa.selenium.chrome.ChromeDriver
Capabilities {acceptInsecureCerts: false, browserName: chrome, browserVersion: 102.0.5005.115, chrome: {chromedriverVersion: 102.0.5005.61 (0e59bcc00cc4..., userDataDir: /var/folders/8y/rcqlwqj12nd...}, goog:chromeOptions: {debuggerAddress: localhost:51441}, javascriptEnabled: true, networkConnectionEnabled: false, pageLoadStrategy: normal, platform: MAC, platformName: MAC, proxy: Proxy(), setWindowRect: true, strictFileInteractability: false, timeouts: {implicit: 0, pageLoad: 300000, script: 30000}, unhandledPromptBehavior: dismiss and notify, webauthn:extension:credBlob: true, webauthn:extension:largeBlob: true, webauthn:virtualAuthenticators: true}
Session ID: efaa13f566a0ab7beb31135f083d1cea
	at java.base/jdk.internal.reflect.NativeConstructorAccessorImpl.newInstance0(Native Method)
	at java.base/jdk.internal.reflect.NativeConstructorAccessorImpl.newInstance(NativeConstructorAccessorImpl.java:62)
	at java.base/jdk.internal.reflect.DelegatingConstructorAccessorImpl.newInstance(DelegatingConstructorAccessorImpl.java:45)
	at java.base/java.lang.reflect.Constructor.newInstanceWithCaller(Constructor.java:500)
	at java.base/java.lang.reflect.Constructor.newInstance(Constructor.java:481)
	at org.openqa.selenium.remote.http.W3CHttpResponseCodec.createException(W3CHttpResponseCodec.java:187)
	at org.openqa.selenium.remote.http.W3CHttpResponseCodec.decode(W3CHttpResponseCodec.java:122)
	at org.openqa.selenium.remote.http.W3CHttpResponseCodec.decode(W3CHttpResponseCodec.java:49)
	at org.openqa.selenium.remote.HttpCommandExecutor.execute(HttpCommandExecutor.java:158)
	at org.openqa.selenium.remote.service.DriverCommandExecutor.execute(DriverCommandExecutor.java:83)
	at org.openqa.selenium.remote.RemoteWebDriver.execute(RemoteWebDriver.java:552)
	at org.openqa.selenium.remote.RemoteWebDriver.get(RemoteWebDriver.java:277)
	at Parallel.HomePageSteps.user_open_the_dietician_website(HomePageSteps.java:29)
	at .User open the Dietician Website(classpath:Parallel/HomePage.feature:5)

</div> <!-- stack-trace -->
                  <em>
(Runs Cucumber Scenarios)                  </em>
                </div> <!-- method-content -->
              </div> <!-- method -->
              <div class="method">
                <div class="method-content">
                  <a name="runScenario(&quot;validating the Sign up processs with invalid Password&quot;, &quot;Optional[Register page of the application]...)">
                  </a> <!-- runScenario("validating the Sign up processs with invalid Password", "Optional[Register page of the application]...) -->
                  <span class="method-name">runScenario</span>
                  <span class="parameters">("validating the Sign up processs with invalid Password", "Optional[Register page of the application]")</span>
                  <div class="stack-trace">java.lang.NullPointerException
	at Parallel.RegisterPage1Steps.user_is_on_register_page(RegisterPage1Steps.java:51)
	at .User is on Register page(classpath:Parallel/RegisterPage1.feature:67)

</div> <!-- stack-trace -->
                  <em>
(Runs Cucumber Scenarios)                  </em>
                </div> <!-- method-content -->
              </div> <!-- method -->
              <div class="method">
                <div class="method-content">
                  <a name="runScenario(&quot;validating the Team link on home page&quot;, &quot;Optional[Links of the Home page]&quot;)">
                  </a> <!-- runScenario("validating the Team link on home page", "Optional[Links of the Home page]") -->
                  <span class="method-name">runScenario</span>
                  <span class="parameters">("validating the Team link on home page", "Optional[Links of the Home page]")</span>
                  <div class="stack-trace">org.openqa.selenium.InvalidArgumentException: invalid argument
  (Session info: chrome=102.0.5005.115)
Build info: version: &apos;3.141.59&apos;, revision: &apos;e82be7d358&apos;, time: &apos;2018-11-14T08:17:03&apos;
System info: host: &apos;Shwethas-MacBook-Pro.local&apos;, ip: &apos;2601:647:4100:cc20:5969:f579:cca0:9fb7%en0&apos;, os.name: &apos;Mac OS X&apos;, os.arch: &apos;x86_64&apos;, os.version: &apos;10.15.7&apos;, java.version: &apos;12.0.2&apos;
Driver info: org.openqa.selenium.chrome.ChromeDriver
Capabilities {acceptInsecureCerts: false, browserName: chrome, browserVersion: 102.0.5005.115, chrome: {chromedriverVersion: 102.0.5005.61 (0e59bcc00cc4..., userDataDir: /var/folders/8y/rcqlwqj12nd...}, goog:chromeOptions: {debuggerAddress: localhost:51591}, javascriptEnabled: true, networkConnectionEnabled: false, pageLoadStrategy: normal, platform: MAC, platformName: MAC, proxy: Proxy(), setWindowRect: true, strictFileInteractability: false, timeouts: {implicit: 0, pageLoad: 300000, script: 30000}, unhandledPromptBehavior: dismiss and notify, webauthn:extension:credBlob: true, webauthn:extension:largeBlob: true, webauthn:virtualAuthenticators: true}
Session ID: dec7b4bb849cf65af6156aa97026c7b3
	at java.base/jdk.internal.reflect.NativeConstructorAccessorImpl.newInstance0(Native Method)
	at java.base/jdk.internal.reflect.NativeConstructorAccessorImpl.newInstance(NativeConstructorAccessorImpl.java:62)
	at java.base/jdk.internal.reflect.DelegatingConstructorAccessorImpl.newInstance(DelegatingConstructorAccessorImpl.java:45)
	at java.base/java.lang.reflect.Constructor.newInstanceWithCaller(Constructor.java:500)
	at java.base/java.lang.reflect.Constructor.newInstance(Constructor.java:481)
	at org.openqa.selenium.remote.http.W3CHttpResponseCodec.createException(W3CHttpResponseCodec.java:187)
	at org.openqa.selenium.remote.http.W3CHttpResponseCodec.decode(W3CHttpResponseCodec.java:122)
	at org.openqa.selenium.remote.http.W3CHttpResponseCodec.decode(W3CHttpResponseCodec.java:49)
	at org.openqa.selenium.remote.HttpCommandExecutor.execute(HttpCommandExecutor.java:158)
	at org.openqa.selenium.remote.service.DriverCommandExecutor.execute(DriverCommandExecutor.java:83)
	at org.openqa.selenium.remote.RemoteWebDriver.execute(RemoteWebDriver.java:552)
	at org.openqa.selenium.remote.RemoteWebDriver.get(RemoteWebDriver.java:277)
	at Parallel.HomePageSteps.user_open_the_dietician_website(HomePageSteps.java:29)
	at .User open the Dietician Website(classpath:Parallel/LinksOfHomePage.feature:5)

</div> <!-- stack-trace -->
                  <em>
(Runs Cucumber Scenarios)                  </em>
                </div> <!-- method-content -->
              </div> <!-- method -->
              <div class="method">
                <div class="method-content">
                  <a name="runScenario(&quot;validating the Sign up processs with invalid Email&quot;, &quot;Optional[Register page of the application]&quot;)">
                  </a> <!-- runScenario("validating the Sign up processs with invalid Email", "Optional[Register page of the application]") -->
                  <span class="method-name">runScenario</span>
                  <span class="parameters">("validating the Sign up processs with invalid Email", "Optional[Register page of the application]")</span>
                  <div class="stack-trace">java.lang.NullPointerException
	at Parallel.RegisterPage1Steps.user_is_on_register_page(RegisterPage1Steps.java:51)
	at .User is on Register page(classpath:Parallel/RegisterPage1.feature:61)

</div> <!-- stack-trace -->
                  <em>
(Runs Cucumber Scenarios)                  </em>
                </div> <!-- method-content -->
              </div> <!-- method -->
              <div class="method">
                <div class="method-content">
                  <a name="runScenario(&quot;validating the Client link on home page&quot;, &quot;Optional[Links of the Home page]&quot;)">
                  </a> <!-- runScenario("validating the Client link on home page", "Optional[Links of the Home page]") -->
                  <span class="method-name">runScenario</span>
                  <span class="parameters">("validating the Client link on home page", "Optional[Links of the Home page]")</span>
                  <div class="stack-trace">org.openqa.selenium.InvalidArgumentException: invalid argument
  (Session info: chrome=102.0.5005.115)
Build info: version: &apos;3.141.59&apos;, revision: &apos;e82be7d358&apos;, time: &apos;2018-11-14T08:17:03&apos;
System info: host: &apos;Shwethas-MacBook-Pro.local&apos;, ip: &apos;2601:647:4100:cc20:5969:f579:cca0:9fb7%en0&apos;, os.name: &apos;Mac OS X&apos;, os.arch: &apos;x86_64&apos;, os.version: &apos;10.15.7&apos;, java.version: &apos;12.0.2&apos;
Driver info: org.openqa.selenium.chrome.ChromeDriver
Capabilities {acceptInsecureCerts: false, browserName: chrome, browserVersion: 102.0.5005.115, chrome: {chromedriverVersion: 102.0.5005.61 (0e59bcc00cc4..., userDataDir: /var/folders/8y/rcqlwqj12nd...}, goog:chromeOptions: {debuggerAddress: localhost:51579}, javascriptEnabled: true, networkConnectionEnabled: false, pageLoadStrategy: normal, platform: MAC, platformName: MAC, proxy: Proxy(), setWindowRect: true, strictFileInteractability: false, timeouts: {implicit: 0, pageLoad: 300000, script: 30000}, unhandledPromptBehavior: dismiss and notify, webauthn:extension:credBlob: true, webauthn:extension:largeBlob: true, webauthn:virtualAuthenticators: true}
Session ID: 5f0f328890a0465c15f4aefe19fde683
	at java.base/jdk.internal.reflect.NativeConstructorAccessorImpl.newInstance0(Native Method)
	at java.base/jdk.internal.reflect.NativeConstructorAccessorImpl.newInstance(NativeConstructorAccessorImpl.java:62)
	at java.base/jdk.internal.reflect.DelegatingConstructorAccessorImpl.newInstance(DelegatingConstructorAccessorImpl.java:45)
	at java.base/java.lang.reflect.Constructor.newInstanceWithCaller(Constructor.java:500)
	at java.base/java.lang.reflect.Constructor.newInstance(Constructor.java:481)
	at org.openqa.selenium.remote.http.W3CHttpResponseCodec.createException(W3CHttpResponseCodec.java:187)
	at org.openqa.selenium.remote.http.W3CHttpResponseCodec.decode(W3CHttpResponseCodec.java:122)
	at org.openqa.selenium.remote.http.W3CHttpResponseCodec.decode(W3CHttpResponseCodec.java:49)
	at org.openqa.selenium.remote.HttpCommandExecutor.execute(HttpCommandExecutor.java:158)
	at org.openqa.selenium.remote.service.DriverCommandExecutor.execute(DriverCommandExecutor.java:83)
	at org.openqa.selenium.remote.RemoteWebDriver.execute(RemoteWebDriver.java:552)
	at org.openqa.selenium.remote.RemoteWebDriver.get(RemoteWebDriver.java:277)
	at Parallel.HomePageSteps.user_open_the_dietician_website(HomePageSteps.java:29)
	at .User open the Dietician Website(classpath:Parallel/LinksOfHomePage.feature:5)

</div> <!-- stack-trace -->
                  <em>
(Runs Cucumber Scenarios)                  </em>
                </div> <!-- method-content -->
              </div> <!-- method -->
              <div class="method">
                <div class="method-content">
                  <a name="runScenario(&quot;validating the product link on home page&quot;, &quot;Optional[Links of the Home page]&quot;)">
                  </a> <!-- runScenario("validating the product link on home page", "Optional[Links of the Home page]") -->
                  <span class="method-name">runScenario</span>
                  <span class="parameters">("validating the product link on home page", "Optional[Links of the Home page]")</span>
                  <div class="stack-trace">org.openqa.selenium.InvalidArgumentException: invalid argument
  (Session info: chrome=102.0.5005.115)
Build info: version: &apos;3.141.59&apos;, revision: &apos;e82be7d358&apos;, time: &apos;2018-11-14T08:17:03&apos;
System info: host: &apos;Shwethas-MacBook-Pro.local&apos;, ip: &apos;2601:647:4100:cc20:5969:f579:cca0:9fb7%en0&apos;, os.name: &apos;Mac OS X&apos;, os.arch: &apos;x86_64&apos;, os.version: &apos;10.15.7&apos;, java.version: &apos;12.0.2&apos;
Driver info: org.openqa.selenium.chrome.ChromeDriver
Capabilities {acceptInsecureCerts: false, browserName: chrome, browserVersion: 102.0.5005.115, chrome: {chromedriverVersion: 102.0.5005.61 (0e59bcc00cc4..., userDataDir: /var/folders/8y/rcqlwqj12nd...}, goog:chromeOptions: {debuggerAddress: localhost:51573}, javascriptEnabled: true, networkConnectionEnabled: false, pageLoadStrategy: normal, platform: MAC, platformName: MAC, proxy: Proxy(), setWindowRect: true, strictFileInteractability: false, timeouts: {implicit: 0, pageLoad: 300000, script: 30000}, unhandledPromptBehavior: dismiss and notify, webauthn:extension:credBlob: true, webauthn:extension:largeBlob: true, webauthn:virtualAuthenticators: true}
Session ID: c8dd005180ae6fcaa7edb800f9e74ca9
	at java.base/jdk.internal.reflect.NativeConstructorAccessorImpl.newInstance0(Native Method)
	at java.base/jdk.internal.reflect.NativeConstructorAccessorImpl.newInstance(NativeConstructorAccessorImpl.java:62)
	at java.base/jdk.internal.reflect.DelegatingConstructorAccessorImpl.newInstance(DelegatingConstructorAccessorImpl.java:45)
	at java.base/java.lang.reflect.Constructor.newInstanceWithCaller(Constructor.java:500)
	at java.base/java.lang.reflect.Constructor.newInstance(Constructor.java:481)
	at org.openqa.selenium.remote.http.W3CHttpResponseCodec.createException(W3CHttpResponseCodec.java:187)
	at org.openqa.selenium.remote.http.W3CHttpResponseCodec.decode(W3CHttpResponseCodec.java:122)
	at org.openqa.selenium.remote.http.W3CHttpResponseCodec.decode(W3CHttpResponseCodec.java:49)
	at org.openqa.selenium.remote.HttpCommandExecutor.execute(HttpCommandExecutor.java:158)
	at org.openqa.selenium.remote.service.DriverCommandExecutor.execute(DriverCommandExecutor.java:83)
	at org.openqa.selenium.remote.RemoteWebDriver.execute(RemoteWebDriver.java:552)
	at org.openqa.selenium.remote.RemoteWebDriver.get(RemoteWebDriver.java:277)
	at Parallel.HomePageSteps.user_open_the_dietician_website(HomePageSteps.java:29)
	at .User open the Dietician Website(classpath:Parallel/LinksOfHomePage.feature:5)

</div> <!-- stack-trace -->
                  <em>
(Runs Cucumber Scenarios)                  </em>
                </div> <!-- method-content -->
              </div> <!-- method -->
              <div class="method">
                <div class="method-content">
                  <a name="runScenario(&quot;Validating Sign in with email and password empty&quot;, &quot;Optional[sign in form Option2]&quot;)">
                  </a> <!-- runScenario("Validating Sign in with email and password empty", "Optional[sign in form Option2]") -->
                  <span class="method-name">runScenario</span>
                  <span class="parameters">("Validating Sign in with email and password empty", "Optional[sign in form Option2]")</span>
                  <div class="stack-trace">java.lang.NullPointerException
	at Parallel.SignInPage2Steps.user_clicks_on_login_button(SignInPage2Steps.java:44)
	at .User clicks on login button(classpath:Parallel/SignInPage2.feature:18)

</div> <!-- stack-trace -->
                  <em>
(Runs Cucumber Scenarios)                  </em>
                </div> <!-- method-content -->
              </div> <!-- method -->
              <div class="method">
                <div class="method-content">
                  <a name="runScenario(&quot;Validating the tab REGISTER visibility&quot;, &quot;Optional[Home page of the Application]&quot;)">
                  </a> <!-- runScenario("Validating the tab REGISTER visibility", "Optional[Home page of the Application]") -->
                  <span class="method-name">runScenario</span>
                  <span class="parameters">("Validating the tab REGISTER visibility", "Optional[Home page of the Application]")</span>
                  <div class="stack-trace">org.openqa.selenium.InvalidArgumentException: invalid argument
  (Session info: chrome=102.0.5005.115)
Build info: version: &apos;3.141.59&apos;, revision: &apos;e82be7d358&apos;, time: &apos;2018-11-14T08:17:03&apos;
System info: host: &apos;Shwethas-MacBook-Pro.local&apos;, ip: &apos;2601:647:4100:cc20:5969:f579:cca0:9fb7%en0&apos;, os.name: &apos;Mac OS X&apos;, os.arch: &apos;x86_64&apos;, os.version: &apos;10.15.7&apos;, java.version: &apos;12.0.2&apos;
Driver info: org.openqa.selenium.chrome.ChromeDriver
Capabilities {acceptInsecureCerts: false, browserName: chrome, browserVersion: 102.0.5005.115, chrome: {chromedriverVersion: 102.0.5005.61 (0e59bcc00cc4..., userDataDir: /var/folders/8y/rcqlwqj12nd...}, goog:chromeOptions: {debuggerAddress: localhost:51455}, javascriptEnabled: true, networkConnectionEnabled: false, pageLoadStrategy: normal, platform: MAC, platformName: MAC, proxy: Proxy(), setWindowRect: true, strictFileInteractability: false, timeouts: {implicit: 0, pageLoad: 300000, script: 30000}, unhandledPromptBehavior: dismiss and notify, webauthn:extension:credBlob: true, webauthn:extension:largeBlob: true, webauthn:virtualAuthenticators: true}
Session ID: 9c575680f203c5b0cc797c36409d9082
	at java.base/jdk.internal.reflect.NativeConstructorAccessorImpl.newInstance0(Native Method)
	at java.base/jdk.internal.reflect.NativeConstructorAccessorImpl.newInstance(NativeConstructorAccessorImpl.java:62)
	at java.base/jdk.internal.reflect.DelegatingConstructorAccessorImpl.newInstance(DelegatingConstructorAccessorImpl.java:45)
	at java.base/java.lang.reflect.Constructor.newInstanceWithCaller(Constructor.java:500)
	at java.base/java.lang.reflect.Constructor.newInstance(Constructor.java:481)
	at org.openqa.selenium.remote.http.W3CHttpResponseCodec.createException(W3CHttpResponseCodec.java:187)
	at org.openqa.selenium.remote.http.W3CHttpResponseCodec.decode(W3CHttpResponseCodec.java:122)
	at org.openqa.selenium.remote.http.W3CHttpResponseCodec.decode(W3CHttpResponseCodec.java:49)
	at org.openqa.selenium.remote.HttpCommandExecutor.execute(HttpCommandExecutor.java:158)
	at org.openqa.selenium.remote.service.DriverCommandExecutor.execute(DriverCommandExecutor.java:83)
	at org.openqa.selenium.remote.RemoteWebDriver.execute(RemoteWebDriver.java:552)
	at org.openqa.selenium.remote.RemoteWebDriver.get(RemoteWebDriver.java:277)
	at Parallel.HomePageSteps.user_open_the_dietician_website(HomePageSteps.java:29)
	at .User open the Dietician Website(classpath:Parallel/HomePage.feature:5)

</div> <!-- stack-trace -->
                  <em>
(Runs Cucumber Scenarios)                  </em>
                </div> <!-- method-content -->
              </div> <!-- method -->
              <div class="method">
                <div class="method-content">
                  <a name="runScenario(&quot;Validating the visibility of Search option&quot;, &quot;Optional[Home page of the Application]&quot;)">
                  </a> <!-- runScenario("Validating the visibility of Search option", "Optional[Home page of the Application]") -->
                  <span class="method-name">runScenario</span>
                  <span class="parameters">("Validating the visibility of Search option", "Optional[Home page of the Application]")</span>
                  <div class="stack-trace">org.openqa.selenium.InvalidArgumentException: invalid argument
  (Session info: chrome=102.0.5005.115)
Build info: version: &apos;3.141.59&apos;, revision: &apos;e82be7d358&apos;, time: &apos;2018-11-14T08:17:03&apos;
System info: host: &apos;Shwethas-MacBook-Pro.local&apos;, ip: &apos;2601:647:4100:cc20:5969:f579:cca0:9fb7%en0&apos;, os.name: &apos;Mac OS X&apos;, os.arch: &apos;x86_64&apos;, os.version: &apos;10.15.7&apos;, java.version: &apos;12.0.2&apos;
Driver info: org.openqa.selenium.chrome.ChromeDriver
Capabilities {acceptInsecureCerts: false, browserName: chrome, browserVersion: 102.0.5005.115, chrome: {chromedriverVersion: 102.0.5005.61 (0e59bcc00cc4..., userDataDir: /var/folders/8y/rcqlwqj12nd...}, goog:chromeOptions: {debuggerAddress: localhost:51550}, javascriptEnabled: true, networkConnectionEnabled: false, pageLoadStrategy: normal, platform: MAC, platformName: MAC, proxy: Proxy(), setWindowRect: true, strictFileInteractability: false, timeouts: {implicit: 0, pageLoad: 300000, script: 30000}, unhandledPromptBehavior: dismiss and notify, webauthn:extension:credBlob: true, webauthn:extension:largeBlob: true, webauthn:virtualAuthenticators: true}
Session ID: 56d04e5a64b5b13e3da13c8fddf5ac82
	at java.base/jdk.internal.reflect.NativeConstructorAccessorImpl.newInstance0(Native Method)
	at java.base/jdk.internal.reflect.NativeConstructorAccessorImpl.newInstance(NativeConstructorAccessorImpl.java:62)
	at java.base/jdk.internal.reflect.DelegatingConstructorAccessorImpl.newInstance(DelegatingConstructorAccessorImpl.java:45)
	at java.base/java.lang.reflect.Constructor.newInstanceWithCaller(Constructor.java:500)
	at java.base/java.lang.reflect.Constructor.newInstance(Constructor.java:481)
	at org.openqa.selenium.remote.http.W3CHttpResponseCodec.createException(W3CHttpResponseCodec.java:187)
	at org.openqa.selenium.remote.http.W3CHttpResponseCodec.decode(W3CHttpResponseCodec.java:122)
	at org.openqa.selenium.remote.http.W3CHttpResponseCodec.decode(W3CHttpResponseCodec.java:49)
	at org.openqa.selenium.remote.HttpCommandExecutor.execute(HttpCommandExecutor.java:158)
	at org.openqa.selenium.remote.service.DriverCommandExecutor.execute(DriverCommandExecutor.java:83)
	at org.openqa.selenium.remote.RemoteWebDriver.execute(RemoteWebDriver.java:552)
	at org.openqa.selenium.remote.RemoteWebDriver.get(RemoteWebDriver.java:277)
	at Parallel.HomePageSteps.user_open_the_dietician_website(HomePageSteps.java:29)
	at .User open the Dietician Website(classpath:Parallel/HomePage.feature:5)

</div> <!-- stack-trace -->
                  <em>
(Runs Cucumber Scenarios)                  </em>
                </div> <!-- method-content -->
              </div> <!-- method -->
              <div class="method">
                <div class="method-content">
                  <a name="runScenario(&quot;validating the About link on home page&quot;, &quot;Optional[Links of the Home page]&quot;)">
                  </a> <!-- runScenario("validating the About link on home page", "Optional[Links of the Home page]") -->
                  <span class="method-name">runScenario</span>
                  <span class="parameters">("validating the About link on home page", "Optional[Links of the Home page]")</span>
                  <div class="stack-trace">org.openqa.selenium.InvalidArgumentException: invalid argument
  (Session info: chrome=102.0.5005.115)
Build info: version: &apos;3.141.59&apos;, revision: &apos;e82be7d358&apos;, time: &apos;2018-11-14T08:17:03&apos;
System info: host: &apos;Shwethas-MacBook-Pro.local&apos;, ip: &apos;2601:647:4100:cc20:5969:f579:cca0:9fb7%en0&apos;, os.name: &apos;Mac OS X&apos;, os.arch: &apos;x86_64&apos;, os.version: &apos;10.15.7&apos;, java.version: &apos;12.0.2&apos;
Driver info: org.openqa.selenium.chrome.ChromeDriver
Capabilities {acceptInsecureCerts: false, browserName: chrome, browserVersion: 102.0.5005.115, chrome: {chromedriverVersion: 102.0.5005.61 (0e59bcc00cc4..., userDataDir: /var/folders/8y/rcqlwqj12nd...}, goog:chromeOptions: {debuggerAddress: localhost:51612}, javascriptEnabled: true, networkConnectionEnabled: false, pageLoadStrategy: normal, platform: MAC, platformName: MAC, proxy: Proxy(), setWindowRect: true, strictFileInteractability: false, timeouts: {implicit: 0, pageLoad: 300000, script: 30000}, unhandledPromptBehavior: dismiss and notify, webauthn:extension:credBlob: true, webauthn:extension:largeBlob: true, webauthn:virtualAuthenticators: true}
Session ID: e4a59ace127398c57f8ef7c2acb7937a
	at java.base/jdk.internal.reflect.NativeConstructorAccessorImpl.newInstance0(Native Method)
	at java.base/jdk.internal.reflect.NativeConstructorAccessorImpl.newInstance(NativeConstructorAccessorImpl.java:62)
	at java.base/jdk.internal.reflect.DelegatingConstructorAccessorImpl.newInstance(DelegatingConstructorAccessorImpl.java:45)
	at java.base/java.lang.reflect.Constructor.newInstanceWithCaller(Constructor.java:500)
	at java.base/java.lang.reflect.Constructor.newInstance(Constructor.java:481)
	at org.openqa.selenium.remote.http.W3CHttpResponseCodec.createException(W3CHttpResponseCodec.java:187)
	at org.openqa.selenium.remote.http.W3CHttpResponseCodec.decode(W3CHttpResponseCodec.java:122)
	at org.openqa.selenium.remote.http.W3CHttpResponseCodec.decode(W3CHttpResponseCodec.java:49)
	at org.openqa.selenium.remote.HttpCommandExecutor.execute(HttpCommandExecutor.java:158)
	at org.openqa.selenium.remote.service.DriverCommandExecutor.execute(DriverCommandExecutor.java:83)
	at org.openqa.selenium.remote.RemoteWebDriver.execute(RemoteWebDriver.java:552)
	at org.openqa.selenium.remote.RemoteWebDriver.get(RemoteWebDriver.java:277)
	at Parallel.HomePageSteps.user_open_the_dietician_website(HomePageSteps.java:29)
	at .User open the Dietician Website(classpath:Parallel/LinksOfHomePage.feature:5)

</div> <!-- stack-trace -->
                  <em>
(Runs Cucumber Scenarios)                  </em>
                </div> <!-- method-content -->
              </div> <!-- method -->
              <div class="method">
                <div class="method-content">
                  <a name="runScenario(&quot;validating the Sign up form Heading&quot;, &quot;Optional[Register page of the application]&quot;)">
                  </a> <!-- runScenario("validating the Sign up form Heading", "Optional[Register page of the application]") -->
                  <span class="method-name">runScenario</span>
                  <span class="parameters">("validating the Sign up form Heading", "Optional[Register page of the application]")</span>
                  <div class="stack-trace">org.openqa.selenium.InvalidArgumentException: invalid argument
  (Session info: chrome=102.0.5005.115)
Build info: version: &apos;3.141.59&apos;, revision: &apos;e82be7d358&apos;, time: &apos;2018-11-14T08:17:03&apos;
System info: host: &apos;Shwethas-MacBook-Pro.local&apos;, ip: &apos;2601:647:4100:cc20:5969:f579:cca0:9fb7%en0&apos;, os.name: &apos;Mac OS X&apos;, os.arch: &apos;x86_64&apos;, os.version: &apos;10.15.7&apos;, java.version: &apos;12.0.2&apos;
Driver info: org.openqa.selenium.chrome.ChromeDriver
Capabilities {acceptInsecureCerts: false, browserName: chrome, browserVersion: 102.0.5005.115, chrome: {chromedriverVersion: 102.0.5005.61 (0e59bcc00cc4..., userDataDir: /var/folders/8y/rcqlwqj12nd...}, goog:chromeOptions: {debuggerAddress: localhost:51794}, javascriptEnabled: true, networkConnectionEnabled: false, pageLoadStrategy: normal, platform: MAC, platformName: MAC, proxy: Proxy(), setWindowRect: true, strictFileInteractability: false, timeouts: {implicit: 0, pageLoad: 300000, script: 30000}, unhandledPromptBehavior: dismiss and notify, webauthn:extension:credBlob: true, webauthn:extension:largeBlob: true, webauthn:virtualAuthenticators: true}
Session ID: f2793544ac305582d341f5bee392c1b2
	at jdk.internal.reflect.GeneratedConstructorAccessor78.newInstance(Unknown Source)
	at java.base/jdk.internal.reflect.DelegatingConstructorAccessorImpl.newInstance(DelegatingConstructorAccessorImpl.java:45)
	at java.base/java.lang.reflect.Constructor.newInstanceWithCaller(Constructor.java:500)
	at java.base/java.lang.reflect.Constructor.newInstance(Constructor.java:481)
	at org.openqa.selenium.remote.http.W3CHttpResponseCodec.createException(W3CHttpResponseCodec.java:187)
	at org.openqa.selenium.remote.http.W3CHttpResponseCodec.decode(W3CHttpResponseCodec.java:122)
	at org.openqa.selenium.remote.http.W3CHttpResponseCodec.decode(W3CHttpResponseCodec.java:49)
	at org.openqa.selenium.remote.HttpCommandExecutor.execute(HttpCommandExecutor.java:158)
	at org.openqa.selenium.remote.service.DriverCommandExecutor.execute(DriverCommandExecutor.java:83)
	at org.openqa.selenium.remote.RemoteWebDriver.execute(RemoteWebDriver.java:552)
	at org.openqa.selenium.remote.RemoteWebDriver.get(RemoteWebDriver.java:277)
	at Parallel.RegisterPage1Steps.user_is_on_dietician_website(RegisterPage1Steps.java:22)
	at .User is on Dietician  website(classpath:Parallel/RegisterPage1.feature:18)

</div> <!-- stack-trace -->
                  <em>
(Runs Cucumber Scenarios)                  </em>
                </div> <!-- method-content -->
              </div> <!-- method -->
              <div class="method">
                <div class="method-content">
                  <a name="runScenario(&quot;validating the Sign up form Heading&quot;, &quot;Optional[Register form2 of the Application]&quot;)">
                  </a> <!-- runScenario("validating the Sign up form Heading", "Optional[Register form2 of the Application]") -->
                  <span class="method-name">runScenario</span>
                  <span class="parameters">("validating the Sign up form Heading", "Optional[Register form2 of the Application]")</span>
                  <div class="stack-trace">org.openqa.selenium.InvalidArgumentException: invalid argument
  (Session info: chrome=102.0.5005.115)
Build info: version: &apos;3.141.59&apos;, revision: &apos;e82be7d358&apos;, time: &apos;2018-11-14T08:17:03&apos;
System info: host: &apos;Shwethas-MacBook-Pro.local&apos;, ip: &apos;2601:647:4100:cc20:5969:f579:cca0:9fb7%en0&apos;, os.name: &apos;Mac OS X&apos;, os.arch: &apos;x86_64&apos;, os.version: &apos;10.15.7&apos;, java.version: &apos;12.0.2&apos;
Driver info: org.openqa.selenium.chrome.ChromeDriver
Capabilities {acceptInsecureCerts: false, browserName: chrome, browserVersion: 102.0.5005.115, chrome: {chromedriverVersion: 102.0.5005.61 (0e59bcc00cc4..., userDataDir: /var/folders/8y/rcqlwqj12nd...}, goog:chromeOptions: {debuggerAddress: localhost:51922}, javascriptEnabled: true, networkConnectionEnabled: false, pageLoadStrategy: normal, platform: MAC, platformName: MAC, proxy: Proxy(), setWindowRect: true, strictFileInteractability: false, timeouts: {implicit: 0, pageLoad: 300000, script: 30000}, unhandledPromptBehavior: dismiss and notify, webauthn:extension:credBlob: true, webauthn:extension:largeBlob: true, webauthn:virtualAuthenticators: true}
Session ID: c3203428b2ff2897ac0ee25b84210ce8
	at jdk.internal.reflect.GeneratedConstructorAccessor78.newInstance(Unknown Source)
	at java.base/jdk.internal.reflect.DelegatingConstructorAccessorImpl.newInstance(DelegatingConstructorAccessorImpl.java:45)
	at java.base/java.lang.reflect.Constructor.newInstanceWithCaller(Constructor.java:500)
	at java.base/java.lang.reflect.Constructor.newInstance(Constructor.java:481)
	at org.openqa.selenium.remote.http.W3CHttpResponseCodec.createException(W3CHttpResponseCodec.java:187)
	at org.openqa.selenium.remote.http.W3CHttpResponseCodec.decode(W3CHttpResponseCodec.java:122)
	at org.openqa.selenium.remote.http.W3CHttpResponseCodec.decode(W3CHttpResponseCodec.java:49)
	at org.openqa.selenium.remote.HttpCommandExecutor.execute(HttpCommandExecutor.java:158)
	at org.openqa.selenium.remote.service.DriverCommandExecutor.execute(DriverCommandExecutor.java:83)
	at org.openqa.selenium.remote.RemoteWebDriver.execute(RemoteWebDriver.java:552)
	at org.openqa.selenium.remote.RemoteWebDriver.get(RemoteWebDriver.java:277)
	at Parallel.RegisterPage1Steps.user_is_on_dietician_website(RegisterPage1Steps.java:22)
	at .User is on Dietician  website(classpath:Parallel/RegisterPage2.feature:4)

</div> <!-- stack-trace -->
                  <em>
(Runs Cucumber Scenarios)                  </em>
                </div> <!-- method-content -->
              </div> <!-- method -->
              <div class="method">
                <div class="method-content">
                  <a name="runScenario(&quot;Validating the tab CLIENTS visibility&quot;, &quot;Optional[Home page of the Application]&quot;)">
                  </a> <!-- runScenario("Validating the tab CLIENTS visibility", "Optional[Home page of the Application]") -->
                  <span class="method-name">runScenario</span>
                  <span class="parameters">("Validating the tab CLIENTS visibility", "Optional[Home page of the Application]")</span>
                  <div class="stack-trace">org.openqa.selenium.InvalidArgumentException: invalid argument
  (Session info: chrome=102.0.5005.115)
Build info: version: &apos;3.141.59&apos;, revision: &apos;e82be7d358&apos;, time: &apos;2018-11-14T08:17:03&apos;
System info: host: &apos;Shwethas-MacBook-Pro.local&apos;, ip: &apos;2601:647:4100:cc20:5969:f579:cca0:9fb7%en0&apos;, os.name: &apos;Mac OS X&apos;, os.arch: &apos;x86_64&apos;, os.version: &apos;10.15.7&apos;, java.version: &apos;12.0.2&apos;
Driver info: org.openqa.selenium.chrome.ChromeDriver
Capabilities {acceptInsecureCerts: false, browserName: chrome, browserVersion: 102.0.5005.115, chrome: {chromedriverVersion: 102.0.5005.61 (0e59bcc00cc4..., userDataDir: /var/folders/8y/rcqlwqj12nd...}, goog:chromeOptions: {debuggerAddress: localhost:51461}, javascriptEnabled: true, networkConnectionEnabled: false, pageLoadStrategy: normal, platform: MAC, platformName: MAC, proxy: Proxy(), setWindowRect: true, strictFileInteractability: false, timeouts: {implicit: 0, pageLoad: 300000, script: 30000}, unhandledPromptBehavior: dismiss and notify, webauthn:extension:credBlob: true, webauthn:extension:largeBlob: true, webauthn:virtualAuthenticators: true}
Session ID: 8ef3633d714462309dd4213acbed0f2a
	at java.base/jdk.internal.reflect.NativeConstructorAccessorImpl.newInstance0(Native Method)
	at java.base/jdk.internal.reflect.NativeConstructorAccessorImpl.newInstance(NativeConstructorAccessorImpl.java:62)
	at java.base/jdk.internal.reflect.DelegatingConstructorAccessorImpl.newInstance(DelegatingConstructorAccessorImpl.java:45)
	at java.base/java.lang.reflect.Constructor.newInstanceWithCaller(Constructor.java:500)
	at java.base/java.lang.reflect.Constructor.newInstance(Constructor.java:481)
	at org.openqa.selenium.remote.http.W3CHttpResponseCodec.createException(W3CHttpResponseCodec.java:187)
	at org.openqa.selenium.remote.http.W3CHttpResponseCodec.decode(W3CHttpResponseCodec.java:122)
	at org.openqa.selenium.remote.http.W3CHttpResponseCodec.decode(W3CHttpResponseCodec.java:49)
	at org.openqa.selenium.remote.HttpCommandExecutor.execute(HttpCommandExecutor.java:158)
	at org.openqa.selenium.remote.service.DriverCommandExecutor.execute(DriverCommandExecutor.java:83)
	at org.openqa.selenium.remote.RemoteWebDriver.execute(RemoteWebDriver.java:552)
	at org.openqa.selenium.remote.RemoteWebDriver.get(RemoteWebDriver.java:277)
	at Parallel.HomePageSteps.user_open_the_dietician_website(HomePageSteps.java:29)
	at .User open the Dietician Website(classpath:Parallel/HomePage.feature:5)

</div> <!-- stack-trace -->
                  <em>
(Runs Cucumber Scenarios)                  </em>
                </div> <!-- method-content -->
              </div> <!-- method -->
              <div class="method">
                <div class="method-content">
                  <a name="runScenario(&quot;validating the Sign in  with empty fields&quot;, &quot;Optional[Sign in form1 Of the Application]&quot;)">
                  </a> <!-- runScenario("validating the Sign in  with empty fields", "Optional[Sign in form1 Of the Application]") -->
                  <span class="method-name">runScenario</span>
                  <span class="parameters">("validating the Sign in  with empty fields", "Optional[Sign in form1 Of the Application]")</span>
                  <div class="stack-trace">java.lang.NullPointerException
	at Parallel.SignInPage1Steps.user_clicks_on_sign_in_button_with_all_fields_empty(SignInPage1Steps.java:83)
	at .User clicks on sign in button with all fields empty(classpath:Parallel/SignInPage1.feature:29)

</div> <!-- stack-trace -->
                  <em>
(Runs Cucumber Scenarios)                  </em>
                </div> <!-- method-content -->
              </div> <!-- method -->
              <div class="method">
                <div class="method-content">
                  <a name="runScenario(&quot;Validating the tab PRODUCT visibility&quot;, &quot;Optional[Home page of the Application]&quot;)">
                  </a> <!-- runScenario("Validating the tab PRODUCT visibility", "Optional[Home page of the Application]") -->
                  <span class="method-name">runScenario</span>
                  <span class="parameters">("Validating the tab PRODUCT visibility", "Optional[Home page of the Application]")</span>
                  <div class="stack-trace">org.openqa.selenium.InvalidArgumentException: invalid argument
  (Session info: chrome=102.0.5005.115)
Build info: version: &apos;3.141.59&apos;, revision: &apos;e82be7d358&apos;, time: &apos;2018-11-14T08:17:03&apos;
System info: host: &apos;Shwethas-MacBook-Pro.local&apos;, ip: &apos;2601:647:4100:cc20:5969:f579:cca0:9fb7%en0&apos;, os.name: &apos;Mac OS X&apos;, os.arch: &apos;x86_64&apos;, os.version: &apos;10.15.7&apos;, java.version: &apos;12.0.2&apos;
Driver info: org.openqa.selenium.chrome.ChromeDriver
Capabilities {acceptInsecureCerts: false, browserName: chrome, browserVersion: 102.0.5005.115, chrome: {chromedriverVersion: 102.0.5005.61 (0e59bcc00cc4..., userDataDir: /var/folders/8y/rcqlwqj12nd...}, goog:chromeOptions: {debuggerAddress: localhost:51442}, javascriptEnabled: true, networkConnectionEnabled: false, pageLoadStrategy: normal, platform: MAC, platformName: MAC, proxy: Proxy(), setWindowRect: true, strictFileInteractability: false, timeouts: {implicit: 0, pageLoad: 300000, script: 30000}, unhandledPromptBehavior: dismiss and notify, webauthn:extension:credBlob: true, webauthn:extension:largeBlob: true, webauthn:virtualAuthenticators: true}
Session ID: f4c1a5ca8d8b14ea7cd7bcb8cae7c67a
	at java.base/jdk.internal.reflect.NativeConstructorAccessorImpl.newInstance0(Native Method)
	at java.base/jdk.internal.reflect.NativeConstructorAccessorImpl.newInstance(NativeConstructorAccessorImpl.java:62)
	at java.base/jdk.internal.reflect.DelegatingConstructorAccessorImpl.newInstance(DelegatingConstructorAccessorImpl.java:45)
	at java.base/java.lang.reflect.Constructor.newInstanceWithCaller(Constructor.java:500)
	at java.base/java.lang.reflect.Constructor.newInstance(Constructor.java:481)
	at org.openqa.selenium.remote.http.W3CHttpResponseCodec.createException(W3CHttpResponseCodec.java:187)
	at org.openqa.selenium.remote.http.W3CHttpResponseCodec.decode(W3CHttpResponseCodec.java:122)
	at org.openqa.selenium.remote.http.W3CHttpResponseCodec.decode(W3CHttpResponseCodec.java:49)
	at org.openqa.selenium.remote.HttpCommandExecutor.execute(HttpCommandExecutor.java:158)
	at org.openqa.selenium.remote.service.DriverCommandExecutor.execute(DriverCommandExecutor.java:83)
	at org.openqa.selenium.remote.RemoteWebDriver.execute(RemoteWebDriver.java:552)
	at org.openqa.selenium.remote.RemoteWebDriver.get(RemoteWebDriver.java:277)
	at Parallel.HomePageSteps.user_open_the_dietician_website(HomePageSteps.java:29)
	at .User open the Dietician Website(classpath:Parallel/HomePage.feature:5)

</div> <!-- stack-trace -->
                  <em>
(Runs Cucumber Scenarios)                  </em>
                </div> <!-- method-content -->
              </div> <!-- method -->
              <div class="method">
                <div class="method-content">
                  <a name="runScenario(&quot;validating the Blogs link on home page&quot;, &quot;Optional[Links of the Home page]&quot;)">
                  </a> <!-- runScenario("validating the Blogs link on home page", "Optional[Links of the Home page]") -->
                  <span class="method-name">runScenario</span>
                  <span class="parameters">("validating the Blogs link on home page", "Optional[Links of the Home page]")</span>
                  <div class="stack-trace">org.openqa.selenium.InvalidArgumentException: invalid argument
  (Session info: chrome=102.0.5005.115)
Build info: version: &apos;3.141.59&apos;, revision: &apos;e82be7d358&apos;, time: &apos;2018-11-14T08:17:03&apos;
System info: host: &apos;Shwethas-MacBook-Pro.local&apos;, ip: &apos;2601:647:4100:cc20:5969:f579:cca0:9fb7%en0&apos;, os.name: &apos;Mac OS X&apos;, os.arch: &apos;x86_64&apos;, os.version: &apos;10.15.7&apos;, java.version: &apos;12.0.2&apos;
Driver info: org.openqa.selenium.chrome.ChromeDriver
Capabilities {acceptInsecureCerts: false, browserName: chrome, browserVersion: 102.0.5005.115, chrome: {chromedriverVersion: 102.0.5005.61 (0e59bcc00cc4..., userDataDir: /var/folders/8y/rcqlwqj12nd...}, goog:chromeOptions: {debuggerAddress: localhost:51623}, javascriptEnabled: true, networkConnectionEnabled: false, pageLoadStrategy: normal, platform: MAC, platformName: MAC, proxy: Proxy(), setWindowRect: true, strictFileInteractability: false, timeouts: {implicit: 0, pageLoad: 300000, script: 30000}, unhandledPromptBehavior: dismiss and notify, webauthn:extension:credBlob: true, webauthn:extension:largeBlob: true, webauthn:virtualAuthenticators: true}
Session ID: 7a1916ad81c8ef1cebe4f77fdb946561
	at java.base/jdk.internal.reflect.NativeConstructorAccessorImpl.newInstance0(Native Method)
	at java.base/jdk.internal.reflect.NativeConstructorAccessorImpl.newInstance(NativeConstructorAccessorImpl.java:62)
	at java.base/jdk.internal.reflect.DelegatingConstructorAccessorImpl.newInstance(DelegatingConstructorAccessorImpl.java:45)
	at java.base/java.lang.reflect.Constructor.newInstanceWithCaller(Constructor.java:500)
	at java.base/java.lang.reflect.Constructor.newInstance(Constructor.java:481)
	at org.openqa.selenium.remote.http.W3CHttpResponseCodec.createException(W3CHttpResponseCodec.java:187)
	at org.openqa.selenium.remote.http.W3CHttpResponseCodec.decode(W3CHttpResponseCodec.java:122)
	at org.openqa.selenium.remote.http.W3CHttpResponseCodec.decode(W3CHttpResponseCodec.java:49)
	at org.openqa.selenium.remote.HttpCommandExecutor.execute(HttpCommandExecutor.java:158)
	at org.openqa.selenium.remote.service.DriverCommandExecutor.execute(DriverCommandExecutor.java:83)
	at org.openqa.selenium.remote.RemoteWebDriver.execute(RemoteWebDriver.java:552)
	at org.openqa.selenium.remote.RemoteWebDriver.get(RemoteWebDriver.java:277)
	at Parallel.HomePageSteps.user_open_the_dietician_website(HomePageSteps.java:29)
	at .User open the Dietician Website(classpath:Parallel/LinksOfHomePage.feature:5)

</div> <!-- stack-trace -->
                  <em>
(Runs Cucumber Scenarios)                  </em>
                </div> <!-- method-content -->
              </div> <!-- method -->
              <div class="method">
                <div class="method-content">
                  <a name="runScenario(&quot;Validating the tab Contact us visibility&quot;, &quot;Optional[Home page of the Application]&quot;)">
                  </a> <!-- runScenario("Validating the tab Contact us visibility", "Optional[Home page of the Application]") -->
                  <span class="method-name">runScenario</span>
                  <span class="parameters">("Validating the tab Contact us visibility", "Optional[Home page of the Application]")</span>
                  <div class="stack-trace">org.openqa.selenium.InvalidArgumentException: invalid argument
  (Session info: chrome=102.0.5005.115)
Build info: version: &apos;3.141.59&apos;, revision: &apos;e82be7d358&apos;, time: &apos;2018-11-14T08:17:03&apos;
System info: host: &apos;Shwethas-MacBook-Pro.local&apos;, ip: &apos;2601:647:4100:cc20:5969:f579:cca0:9fb7%en0&apos;, os.name: &apos;Mac OS X&apos;, os.arch: &apos;x86_64&apos;, os.version: &apos;10.15.7&apos;, java.version: &apos;12.0.2&apos;
Driver info: org.openqa.selenium.chrome.ChromeDriver
Capabilities {acceptInsecureCerts: false, browserName: chrome, browserVersion: 102.0.5005.115, chrome: {chromedriverVersion: 102.0.5005.61 (0e59bcc00cc4..., userDataDir: /var/folders/8y/rcqlwqj12nd...}, goog:chromeOptions: {debuggerAddress: localhost:51448}, javascriptEnabled: true, networkConnectionEnabled: false, pageLoadStrategy: normal, platform: MAC, platformName: MAC, proxy: Proxy(), setWindowRect: true, strictFileInteractability: false, timeouts: {implicit: 0, pageLoad: 300000, script: 30000}, unhandledPromptBehavior: dismiss and notify, webauthn:extension:credBlob: true, webauthn:extension:largeBlob: true, webauthn:virtualAuthenticators: true}
Session ID: 871fbca8eb6a9fe25f14d005cf6e6288
	at java.base/jdk.internal.reflect.NativeConstructorAccessorImpl.newInstance0(Native Method)
	at java.base/jdk.internal.reflect.NativeConstructorAccessorImpl.newInstance(NativeConstructorAccessorImpl.java:62)
	at java.base/jdk.internal.reflect.DelegatingConstructorAccessorImpl.newInstance(DelegatingConstructorAccessorImpl.java:45)
	at java.base/java.lang.reflect.Constructor.newInstanceWithCaller(Constructor.java:500)
	at java.base/java.lang.reflect.Constructor.newInstance(Constructor.java:481)
	at org.openqa.selenium.remote.http.W3CHttpResponseCodec.createException(W3CHttpResponseCodec.java:187)
	at org.openqa.selenium.remote.http.W3CHttpResponseCodec.decode(W3CHttpResponseCodec.java:122)
	at org.openqa.selenium.remote.http.W3CHttpResponseCodec.decode(W3CHttpResponseCodec.java:49)
	at org.openqa.selenium.remote.HttpCommandExecutor.execute(HttpCommandExecutor.java:158)
	at org.openqa.selenium.remote.service.DriverCommandExecutor.execute(DriverCommandExecutor.java:83)
	at org.openqa.selenium.remote.RemoteWebDriver.execute(RemoteWebDriver.java:552)
	at org.openqa.selenium.remote.RemoteWebDriver.get(RemoteWebDriver.java:277)
	at Parallel.HomePageSteps.user_open_the_dietician_website(HomePageSteps.java:29)
	at .User open the Dietician Website(classpath:Parallel/HomePage.feature:5)

</div> <!-- stack-trace -->
                  <em>
(Runs Cucumber Scenarios)                  </em>
                </div> <!-- method-content -->
              </div> <!-- method -->
              <div class="method">
                <div class="method-content">
                  <a name="runScenario(&quot;Validating the tab Blog visibility&quot;, &quot;Optional[Home page of the Application]&quot;)">
                  </a> <!-- runScenario("Validating the tab Blog visibility", "Optional[Home page of the Application]") -->
                  <span class="method-name">runScenario</span>
                  <span class="parameters">("Validating the tab Blog visibility", "Optional[Home page of the Application]")</span>
                  <div class="stack-trace">org.openqa.selenium.InvalidArgumentException: invalid argument
  (Session info: chrome=102.0.5005.115)
Build info: version: &apos;3.141.59&apos;, revision: &apos;e82be7d358&apos;, time: &apos;2018-11-14T08:17:03&apos;
System info: host: &apos;Shwethas-MacBook-Pro.local&apos;, ip: &apos;2601:647:4100:cc20:5969:f579:cca0:9fb7%en0&apos;, os.name: &apos;Mac OS X&apos;, os.arch: &apos;x86_64&apos;, os.version: &apos;10.15.7&apos;, java.version: &apos;12.0.2&apos;
Driver info: org.openqa.selenium.chrome.ChromeDriver
Capabilities {acceptInsecureCerts: false, browserName: chrome, browserVersion: 102.0.5005.115, chrome: {chromedriverVersion: 102.0.5005.61 (0e59bcc00cc4..., userDataDir: /var/folders/8y/rcqlwqj12nd...}, goog:chromeOptions: {debuggerAddress: localhost:51440}, javascriptEnabled: true, networkConnectionEnabled: false, pageLoadStrategy: normal, platform: MAC, platformName: MAC, proxy: Proxy(), setWindowRect: true, strictFileInteractability: false, timeouts: {implicit: 0, pageLoad: 300000, script: 30000}, unhandledPromptBehavior: dismiss and notify, webauthn:extension:credBlob: true, webauthn:extension:largeBlob: true, webauthn:virtualAuthenticators: true}
Session ID: f4718ed41cba22d7239de5a395b95616
	at java.base/jdk.internal.reflect.NativeConstructorAccessorImpl.newInstance0(Native Method)
	at java.base/jdk.internal.reflect.NativeConstructorAccessorImpl.newInstance(NativeConstructorAccessorImpl.java:62)
	at java.base/jdk.internal.reflect.DelegatingConstructorAccessorImpl.newInstance(DelegatingConstructorAccessorImpl.java:45)
	at java.base/java.lang.reflect.Constructor.newInstanceWithCaller(Constructor.java:500)
	at java.base/java.lang.reflect.Constructor.newInstance(Constructor.java:481)
	at org.openqa.selenium.remote.http.W3CHttpResponseCodec.createException(W3CHttpResponseCodec.java:187)
	at org.openqa.selenium.remote.http.W3CHttpResponseCodec.decode(W3CHttpResponseCodec.java:122)
	at org.openqa.selenium.remote.http.W3CHttpResponseCodec.decode(W3CHttpResponseCodec.java:49)
	at org.openqa.selenium.remote.HttpCommandExecutor.execute(HttpCommandExecutor.java:158)
	at org.openqa.selenium.remote.service.DriverCommandExecutor.execute(DriverCommandExecutor.java:83)
	at org.openqa.selenium.remote.RemoteWebDriver.execute(RemoteWebDriver.java:552)
	at org.openqa.selenium.remote.RemoteWebDriver.get(RemoteWebDriver.java:277)
	at Parallel.HomePageSteps.user_open_the_dietician_website(HomePageSteps.java:29)
	at .User open the Dietician Website(classpath:Parallel/HomePage.feature:5)

</div> <!-- stack-trace -->
                  <em>
(Runs Cucumber Scenarios)                  </em>
                </div> <!-- method-content -->
              </div> <!-- method -->
              <div class="method">
                <div class="method-content">
                  <a name="runScenario(&quot;validating the Sign up processs with invalid Username&quot;, &quot;Optional[Register form2 of the Application...)">
                  </a> <!-- runScenario("validating the Sign up processs with invalid Username", "Optional[Register form2 of the Application...) -->
                  <span class="method-name">runScenario</span>
                  <span class="parameters">("validating the Sign up processs with invalid Username", "Optional[Register form2 of the Application]")</span>
                  <div class="stack-trace">java.lang.NullPointerException
	at Parallel.RegisterPage1Steps.user_is_on_register_page(RegisterPage1Steps.java:51)
	at .User is on Register page(classpath:Parallel/RegisterPage2.feature:32)

</div> <!-- stack-trace -->
                  <em>
(Runs Cucumber Scenarios)                  </em>
                </div> <!-- method-content -->
              </div> <!-- method -->
              <div class="method">
                <div class="method-content">
                  <a name="runScenario(&quot;validating the Sign up processs with empty fields&quot;, &quot;Optional[Register form2 of the Application]&quot;)">
                  </a> <!-- runScenario("validating the Sign up processs with empty fields", "Optional[Register form2 of the Application]") -->
                  <span class="method-name">runScenario</span>
                  <span class="parameters">("validating the Sign up processs with empty fields", "Optional[Register form2 of the Application]")</span>
                  <div class="stack-trace">java.lang.NullPointerException
	at Parallel.RegisterPage1Steps.user_is_on_register_page(RegisterPage1Steps.java:51)
	at .User is on Register page(classpath:Parallel/RegisterPage2.feature:14)

</div> <!-- stack-trace -->
                  <em>
(Runs Cucumber Scenarios)                  </em>
                </div> <!-- method-content -->
              </div> <!-- method -->
              <div class="method">
                <div class="method-content">
                  <a name="runScenario(&quot;Validating the Title of Register page&quot;, &quot;Optional[Register page of the application]&quot;)">
                  </a> <!-- runScenario("Validating the Title of Register page", "Optional[Register page of the application]") -->
                  <span class="method-name">runScenario</span>
                  <span class="parameters">("Validating the Title of Register page", "Optional[Register page of the application]")</span>
                  <div class="stack-trace">org.openqa.selenium.InvalidArgumentException: invalid argument
  (Session info: chrome=102.0.5005.115)
Build info: version: &apos;3.141.59&apos;, revision: &apos;e82be7d358&apos;, time: &apos;2018-11-14T08:17:03&apos;
System info: host: &apos;Shwethas-MacBook-Pro.local&apos;, ip: &apos;2601:647:4100:cc20:5969:f579:cca0:9fb7%en0&apos;, os.name: &apos;Mac OS X&apos;, os.arch: &apos;x86_64&apos;, os.version: &apos;10.15.7&apos;, java.version: &apos;12.0.2&apos;
Driver info: org.openqa.selenium.chrome.ChromeDriver
Capabilities {acceptInsecureCerts: false, browserName: chrome, browserVersion: 102.0.5005.115, chrome: {chromedriverVersion: 102.0.5005.61 (0e59bcc00cc4..., userDataDir: /var/folders/8y/rcqlwqj12nd...}, goog:chromeOptions: {debuggerAddress: localhost:51746}, javascriptEnabled: true, networkConnectionEnabled: false, pageLoadStrategy: normal, platform: MAC, platformName: MAC, proxy: Proxy(), setWindowRect: true, strictFileInteractability: false, timeouts: {implicit: 0, pageLoad: 300000, script: 30000}, unhandledPromptBehavior: dismiss and notify, webauthn:extension:credBlob: true, webauthn:extension:largeBlob: true, webauthn:virtualAuthenticators: true}
Session ID: cd2e6cecf4ef20f05611ccd07a352c5f
	at java.base/jdk.internal.reflect.NativeConstructorAccessorImpl.newInstance0(Native Method)
	at java.base/jdk.internal.reflect.NativeConstructorAccessorImpl.newInstance(NativeConstructorAccessorImpl.java:62)
	at java.base/jdk.internal.reflect.DelegatingConstructorAccessorImpl.newInstance(DelegatingConstructorAccessorImpl.java:45)
	at java.base/java.lang.reflect.Constructor.newInstanceWithCaller(Constructor.java:500)
	at java.base/java.lang.reflect.Constructor.newInstance(Constructor.java:481)
	at org.openqa.selenium.remote.http.W3CHttpResponseCodec.createException(W3CHttpResponseCodec.java:187)
	at org.openqa.selenium.remote.http.W3CHttpResponseCodec.decode(W3CHttpResponseCodec.java:122)
	at org.openqa.selenium.remote.http.W3CHttpResponseCodec.decode(W3CHttpResponseCodec.java:49)
	at org.openqa.selenium.remote.HttpCommandExecutor.execute(HttpCommandExecutor.java:158)
	at org.openqa.selenium.remote.service.DriverCommandExecutor.execute(DriverCommandExecutor.java:83)
	at org.openqa.selenium.remote.RemoteWebDriver.execute(RemoteWebDriver.java:552)
	at org.openqa.selenium.remote.RemoteWebDriver.get(RemoteWebDriver.java:277)
	at Parallel.RegisterPage1Steps.user_is_on_dietician_website(RegisterPage1Steps.java:22)
	at .User is on Dietician  website(classpath:Parallel/RegisterPage1.feature:8)

</div> <!-- stack-trace -->
                  <em>
(Runs Cucumber Scenarios)                  </em>
                </div> <!-- method-content -->
              </div> <!-- method -->
              <div class="method">
                <div class="method-content">
                  <a name="runScenario(&quot;validating the Sign in with forgot password link&quot;, &quot;Optional[Sign in form1 Of the Application]&quot;)">
                  </a> <!-- runScenario("validating the Sign in with forgot password link", "Optional[Sign in form1 Of the Application]") -->
                  <span class="method-name">runScenario</span>
                  <span class="parameters">("validating the Sign in with forgot password link", "Optional[Sign in form1 Of the Application]")</span>
                  <div class="stack-trace">java.lang.NullPointerException
	at Parallel.SignInPage1Steps.user_clicks_on_forgot_password_button(SignInPage1Steps.java:115)
	at .User clicks on forgot password button(classpath:Parallel/SignInPage1.feature:47)

</div> <!-- stack-trace -->
                  <em>
(Runs Cucumber Scenarios)                  </em>
                </div> <!-- method-content -->
              </div> <!-- method -->
              <div class="method">
                <div class="method-content">
                  <a name="runScenario(&quot;To verify user redirected  to  &quot;View Recent Test Reports&quot; page in different browser&quot;, &quot;Optional[Tes...)">
                  </a> <!-- runScenario("To verify user redirected  to  "View Recent Test Reports" page in different browser", "Optional[Tes...) -->
                  <span class="method-name">runScenario</span>
                  <span class="parameters">("To verify user redirected  to  "View Recent Test Reports" page in different browser", "Optional[Testing MyPatients Page search results]")</span>
                  <div class="stack-trace">java.lang.NullPointerException
	at Parallel.searchresults.the_user_should_be_navigated_to_that_patients_view_recent_test_reports_page(searchresults.java:43)
	at .The user should  be navigated to that patients View Recent Test Reports page(classpath:Parallel/searchresults.feature:33)

</div> <!-- stack-trace -->
                  <em>
(Runs Cucumber Scenarios)                  </em>
                </div> <!-- method-content -->
              </div> <!-- method -->
              <div class="method">
                <div class="method-content">
                  <a name="runScenario(&quot;Validating sign in with invalid email and valid password&quot;, &quot;Optional[sign in form Option2]&quot;)">
                  </a> <!-- runScenario("Validating sign in with invalid email and valid password", "Optional[sign in form Option2]") -->
                  <span class="method-name">runScenario</span>
                  <span class="parameters">("Validating sign in with invalid email and valid password", "Optional[sign in form Option2]")</span>
                  <div class="stack-trace">java.lang.NullPointerException
	at Parallel.SignInPage2Steps.user_clicks_on_login_button_with_invalid_email_and_valid_password(SignInPage2Steps.java:51)
	at .User clicks on login button with invalid email and valid password(classpath:Parallel/SignInPage2.feature:24)

</div> <!-- stack-trace -->
                  <em>
(Runs Cucumber Scenarios)                  </em>
                </div> <!-- method-content -->
              </div> <!-- method -->
              <div class="method">
                <div class="method-content">
                  <a name="runScenario(&quot;validating the Sign up processs with invalid Email Address&quot;, &quot;Optional[Register form2 of the Applic...)">
                  </a> <!-- runScenario("validating the Sign up processs with invalid Email Address", "Optional[Register form2 of the Applic...) -->
                  <span class="method-name">runScenario</span>
                  <span class="parameters">("validating the Sign up processs with invalid Email Address", "Optional[Register form2 of the Application]")</span>
                  <div class="stack-trace">java.lang.NullPointerException
	at Parallel.RegisterPage1Steps.user_is_on_register_page(RegisterPage1Steps.java:51)
	at .User is on Register page(classpath:Parallel/RegisterPage2.feature:38)

</div> <!-- stack-trace -->
                  <em>
(Runs Cucumber Scenarios)                  </em>
                </div> <!-- method-content -->
              </div> <!-- method -->
              <div class="method">
                <div class="method-content">
                  <a name="runScenario(&quot;validating the heading on Sign in form&quot;, &quot;Optional[sign in form Option2]&quot;)">
                  </a> <!-- runScenario("validating the heading on Sign in form", "Optional[sign in form Option2]") -->
                  <span class="method-name">runScenario</span>
                  <span class="parameters">("validating the heading on Sign in form", "Optional[sign in form Option2]")</span>
                  <div class="stack-trace">org.openqa.selenium.InvalidArgumentException: invalid argument
  (Session info: chrome=102.0.5005.115)
Build info: version: &apos;3.141.59&apos;, revision: &apos;e82be7d358&apos;, time: &apos;2018-11-14T08:17:03&apos;
System info: host: &apos;Shwethas-MacBook-Pro.local&apos;, ip: &apos;2601:647:4100:cc20:5969:f579:cca0:9fb7%en0&apos;, os.name: &apos;Mac OS X&apos;, os.arch: &apos;x86_64&apos;, os.version: &apos;10.15.7&apos;, java.version: &apos;12.0.2&apos;
Driver info: org.openqa.selenium.chrome.ChromeDriver
Capabilities {acceptInsecureCerts: false, browserName: chrome, browserVersion: 102.0.5005.115, chrome: {chromedriverVersion: 102.0.5005.61 (0e59bcc00cc4..., userDataDir: /var/folders/8y/rcqlwqj12nd...}, goog:chromeOptions: {debuggerAddress: localhost:52240}, javascriptEnabled: true, networkConnectionEnabled: false, pageLoadStrategy: normal, platform: MAC, platformName: MAC, proxy: Proxy(), setWindowRect: true, strictFileInteractability: false, timeouts: {implicit: 0, pageLoad: 300000, script: 30000}, unhandledPromptBehavior: dismiss and notify, webauthn:extension:credBlob: true, webauthn:extension:largeBlob: true, webauthn:virtualAuthenticators: true}
Session ID: 3618ac7f0725d84727a1bd5338ae679b
	at jdk.internal.reflect.GeneratedConstructorAccessor78.newInstance(Unknown Source)
	at java.base/jdk.internal.reflect.DelegatingConstructorAccessorImpl.newInstance(DelegatingConstructorAccessorImpl.java:45)
	at java.base/java.lang.reflect.Constructor.newInstanceWithCaller(Constructor.java:500)
	at java.base/java.lang.reflect.Constructor.newInstance(Constructor.java:481)
	at org.openqa.selenium.remote.http.W3CHttpResponseCodec.createException(W3CHttpResponseCodec.java:187)
	at org.openqa.selenium.remote.http.W3CHttpResponseCodec.decode(W3CHttpResponseCodec.java:122)
	at org.openqa.selenium.remote.http.W3CHttpResponseCodec.decode(W3CHttpResponseCodec.java:49)
	at org.openqa.selenium.remote.HttpCommandExecutor.execute(HttpCommandExecutor.java:158)
	at org.openqa.selenium.remote.service.DriverCommandExecutor.execute(DriverCommandExecutor.java:83)
	at org.openqa.selenium.remote.RemoteWebDriver.execute(RemoteWebDriver.java:552)
	at org.openqa.selenium.remote.RemoteWebDriver.get(RemoteWebDriver.java:277)
	at Parallel.SignInPage2Steps.user_is_on_dietician_website(SignInPage2Steps.java:20)
	at .User is on Dietician website(classpath:Parallel/SignInPage2.feature:7)

</div> <!-- stack-trace -->
                  <em>
(Runs Cucumber Scenarios)                  </em>
                </div> <!-- method-content -->
              </div> <!-- method -->
              <div class="method">
                <div class="method-content">
                  <a name="runScenario(&quot;Validating the title of Sign in page&quot;, &quot;Optional[Sign in form1 Of the Application]&quot;)">
                  </a> <!-- runScenario("Validating the title of Sign in page", "Optional[Sign in form1 Of the Application]") -->
                  <span class="method-name">runScenario</span>
                  <span class="parameters">("Validating the title of Sign in page", "Optional[Sign in form1 Of the Application]")</span>
                  <div class="stack-trace">org.openqa.selenium.InvalidArgumentException: invalid argument
  (Session info: chrome=102.0.5005.115)
Build info: version: &apos;3.141.59&apos;, revision: &apos;e82be7d358&apos;, time: &apos;2018-11-14T08:17:03&apos;
System info: host: &apos;Shwethas-MacBook-Pro.local&apos;, ip: &apos;2601:647:4100:cc20:5969:f579:cca0:9fb7%en0&apos;, os.name: &apos;Mac OS X&apos;, os.arch: &apos;x86_64&apos;, os.version: &apos;10.15.7&apos;, java.version: &apos;12.0.2&apos;
Driver info: org.openqa.selenium.chrome.ChromeDriver
Capabilities {acceptInsecureCerts: false, browserName: chrome, browserVersion: 102.0.5005.115, chrome: {chromedriverVersion: 102.0.5005.61 (0e59bcc00cc4..., userDataDir: /var/folders/8y/rcqlwqj12nd...}, goog:chromeOptions: {debuggerAddress: localhost:52111}, javascriptEnabled: true, networkConnectionEnabled: false, pageLoadStrategy: normal, platform: MAC, platformName: MAC, proxy: Proxy(), setWindowRect: true, strictFileInteractability: false, timeouts: {implicit: 0, pageLoad: 300000, script: 30000}, unhandledPromptBehavior: dismiss and notify, webauthn:extension:credBlob: true, webauthn:extension:largeBlob: true, webauthn:virtualAuthenticators: true}
Session ID: 36a88119fdfdad0b6024bce22c198640
	at jdk.internal.reflect.GeneratedConstructorAccessor78.newInstance(Unknown Source)
	at java.base/jdk.internal.reflect.DelegatingConstructorAccessorImpl.newInstance(DelegatingConstructorAccessorImpl.java:45)
	at java.base/java.lang.reflect.Constructor.newInstanceWithCaller(Constructor.java:500)
	at java.base/java.lang.reflect.Constructor.newInstance(Constructor.java:481)
	at org.openqa.selenium.remote.http.W3CHttpResponseCodec.createException(W3CHttpResponseCodec.java:187)
	at org.openqa.selenium.remote.http.W3CHttpResponseCodec.decode(W3CHttpResponseCodec.java:122)
	at org.openqa.selenium.remote.http.W3CHttpResponseCodec.decode(W3CHttpResponseCodec.java:49)
	at org.openqa.selenium.remote.HttpCommandExecutor.execute(HttpCommandExecutor.java:158)
	at org.openqa.selenium.remote.service.DriverCommandExecutor.execute(DriverCommandExecutor.java:83)
	at org.openqa.selenium.remote.RemoteWebDriver.execute(RemoteWebDriver.java:552)
	at org.openqa.selenium.remote.RemoteWebDriver.get(RemoteWebDriver.java:277)
	at Parallel.RegisterPage1Steps.user_is_on_dietician_website(RegisterPage1Steps.java:22)
	at .User is on Dietician  website(classpath:Parallel/SignInPage1.feature:8)

</div> <!-- stack-trace -->
                  <em>
(Runs Cucumber Scenarios)                  </em>
                </div> <!-- method-content -->
              </div> <!-- method -->
              <div class="method">
                <div class="method-content">
                  <a name="runScenario(&quot;validating the Sign up processs with invalid Moblie Number&quot;, &quot;Optional[Register page of the applica...)">
                  </a> <!-- runScenario("validating the Sign up processs with invalid Moblie Number", "Optional[Register page of the applica...) -->
                  <span class="method-name">runScenario</span>
                  <span class="parameters">("validating the Sign up processs with invalid Moblie Number", "Optional[Register page of the application]")</span>
                  <div class="stack-trace">java.lang.NullPointerException
	at Parallel.RegisterPage1Steps.user_is_on_register_page(RegisterPage1Steps.java:51)
	at .User is on Register page(classpath:Parallel/RegisterPage1.feature:49)

</div> <!-- stack-trace -->
                  <em>
(Runs Cucumber Scenarios)                  </em>
                </div> <!-- method-content -->
              </div> <!-- method -->
              <div class="method">
                <div class="method-content">
                  <a name="runScenario(&quot;Validating the Register page mandatory fields&quot;, &quot;Optional[Register page of the application]&quot;)">
                  </a> <!-- runScenario("Validating the Register page mandatory fields", "Optional[Register page of the application]") -->
                  <span class="method-name">runScenario</span>
                  <span class="parameters">("Validating the Register page mandatory fields", "Optional[Register page of the application]")</span>
                  <div class="stack-trace">org.openqa.selenium.InvalidArgumentException: invalid argument
  (Session info: chrome=102.0.5005.115)
Build info: version: &apos;3.141.59&apos;, revision: &apos;e82be7d358&apos;, time: &apos;2018-11-14T08:17:03&apos;
System info: host: &apos;Shwethas-MacBook-Pro.local&apos;, ip: &apos;2601:647:4100:cc20:5969:f579:cca0:9fb7%en0&apos;, os.name: &apos;Mac OS X&apos;, os.arch: &apos;x86_64&apos;, os.version: &apos;10.15.7&apos;, java.version: &apos;12.0.2&apos;
Driver info: org.openqa.selenium.chrome.ChromeDriver
Capabilities {acceptInsecureCerts: false, browserName: chrome, browserVersion: 102.0.5005.115, chrome: {chromedriverVersion: 102.0.5005.61 (0e59bcc00cc4..., userDataDir: /var/folders/8y/rcqlwqj12nd...}, goog:chromeOptions: {debuggerAddress: localhost:51749}, javascriptEnabled: true, networkConnectionEnabled: false, pageLoadStrategy: normal, platform: MAC, platformName: MAC, proxy: Proxy(), setWindowRect: true, strictFileInteractability: false, timeouts: {implicit: 0, pageLoad: 300000, script: 30000}, unhandledPromptBehavior: dismiss and notify, webauthn:extension:credBlob: true, webauthn:extension:largeBlob: true, webauthn:virtualAuthenticators: true}
Session ID: b4ffbb0ab0a96de078b5c50d075e1667
	at jdk.internal.reflect.GeneratedConstructorAccessor78.newInstance(Unknown Source)
	at java.base/jdk.internal.reflect.DelegatingConstructorAccessorImpl.newInstance(DelegatingConstructorAccessorImpl.java:45)
	at java.base/java.lang.reflect.Constructor.newInstanceWithCaller(Constructor.java:500)
	at java.base/java.lang.reflect.Constructor.newInstance(Constructor.java:481)
	at org.openqa.selenium.remote.http.W3CHttpResponseCodec.createException(W3CHttpResponseCodec.java:187)
	at org.openqa.selenium.remote.http.W3CHttpResponseCodec.decode(W3CHttpResponseCodec.java:122)
	at org.openqa.selenium.remote.http.W3CHttpResponseCodec.decode(W3CHttpResponseCodec.java:49)
	at org.openqa.selenium.remote.HttpCommandExecutor.execute(HttpCommandExecutor.java:158)
	at org.openqa.selenium.remote.service.DriverCommandExecutor.execute(DriverCommandExecutor.java:83)
	at org.openqa.selenium.remote.RemoteWebDriver.execute(RemoteWebDriver.java:552)
	at org.openqa.selenium.remote.RemoteWebDriver.get(RemoteWebDriver.java:277)
	at Parallel.RegisterPage1Steps.user_is_on_dietician_website(RegisterPage1Steps.java:22)
	at .User is on Dietician  website(classpath:Parallel/RegisterPage1.feature:13)

</div> <!-- stack-trace -->
                  <em>
(Runs Cucumber Scenarios)                  </em>
                </div> <!-- method-content -->
              </div> <!-- method -->
              <div class="method">
                <div class="method-content">
                  <a name="runScenario(&quot;validating Log in Here link&quot;, &quot;Optional[Register form2 of the Application]&quot;)">
                  </a> <!-- runScenario("validating Log in Here link", "Optional[Register form2 of the Application]") -->
                  <span class="method-name">runScenario</span>
                  <span class="parameters">("validating Log in Here link", "Optional[Register form2 of the Application]")</span>
                  <div class="stack-trace">java.lang.NullPointerException
	at Parallel.RegisterPage1Steps.user_is_on_register_page(RegisterPage1Steps.java:51)
	at .User is on Register page(classpath:Parallel/RegisterPage2.feature:80)

</div> <!-- stack-trace -->
                  <em>
(Runs Cucumber Scenarios)                  </em>
                </div> <!-- method-content -->
              </div> <!-- method -->
              <div class="method">
                <div class="method-content">
                  <a name="runScenario(&quot;Validating the tab Featured visibility&quot;, &quot;Optional[Home page of the Application]&quot;)">
                  </a> <!-- runScenario("Validating the tab Featured visibility", "Optional[Home page of the Application]") -->
                  <span class="method-name">runScenario</span>
                  <span class="parameters">("Validating the tab Featured visibility", "Optional[Home page of the Application]")</span>
                  <div class="stack-trace">org.openqa.selenium.InvalidArgumentException: invalid argument
  (Session info: chrome=102.0.5005.115)
Build info: version: &apos;3.141.59&apos;, revision: &apos;e82be7d358&apos;, time: &apos;2018-11-14T08:17:03&apos;
System info: host: &apos;Shwethas-MacBook-Pro.local&apos;, ip: &apos;2601:647:4100:cc20:5969:f579:cca0:9fb7%en0&apos;, os.name: &apos;Mac OS X&apos;, os.arch: &apos;x86_64&apos;, os.version: &apos;10.15.7&apos;, java.version: &apos;12.0.2&apos;
Driver info: org.openqa.selenium.chrome.ChromeDriver
Capabilities {acceptInsecureCerts: false, browserName: chrome, browserVersion: 102.0.5005.115, chrome: {chromedriverVersion: 102.0.5005.61 (0e59bcc00cc4..., userDataDir: /var/folders/8y/rcqlwqj12nd...}, goog:chromeOptions: {debuggerAddress: localhost:51443}, javascriptEnabled: true, networkConnectionEnabled: false, pageLoadStrategy: normal, platform: MAC, platformName: MAC, proxy: Proxy(), setWindowRect: true, strictFileInteractability: false, timeouts: {implicit: 0, pageLoad: 300000, script: 30000}, unhandledPromptBehavior: dismiss and notify, webauthn:extension:credBlob: true, webauthn:extension:largeBlob: true, webauthn:virtualAuthenticators: true}
Session ID: 543e1b44fd24ff08d0508abc15b0f9b7
	at java.base/jdk.internal.reflect.NativeConstructorAccessorImpl.newInstance0(Native Method)
	at java.base/jdk.internal.reflect.NativeConstructorAccessorImpl.newInstance(NativeConstructorAccessorImpl.java:62)
	at java.base/jdk.internal.reflect.DelegatingConstructorAccessorImpl.newInstance(DelegatingConstructorAccessorImpl.java:45)
	at java.base/java.lang.reflect.Constructor.newInstanceWithCaller(Constructor.java:500)
	at java.base/java.lang.reflect.Constructor.newInstance(Constructor.java:481)
	at org.openqa.selenium.remote.http.W3CHttpResponseCodec.createException(W3CHttpResponseCodec.java:187)
	at org.openqa.selenium.remote.http.W3CHttpResponseCodec.decode(W3CHttpResponseCodec.java:122)
	at org.openqa.selenium.remote.http.W3CHttpResponseCodec.decode(W3CHttpResponseCodec.java:49)
	at org.openqa.selenium.remote.HttpCommandExecutor.execute(HttpCommandExecutor.java:158)
	at org.openqa.selenium.remote.service.DriverCommandExecutor.execute(DriverCommandExecutor.java:83)
	at org.openqa.selenium.remote.RemoteWebDriver.execute(RemoteWebDriver.java:552)
	at org.openqa.selenium.remote.RemoteWebDriver.get(RemoteWebDriver.java:277)
	at Parallel.HomePageSteps.user_open_the_dietician_website(HomePageSteps.java:29)
	at .User open the Dietician Website(classpath:Parallel/HomePage.feature:5)

</div> <!-- stack-trace -->
                  <em>
(Runs Cucumber Scenarios)                  </em>
                </div> <!-- method-content -->
              </div> <!-- method -->
              <div class="method">
                <div class="method-content">
                  <a name="runScenario(&quot;validating the Register link on home page&quot;, &quot;Optional[Links of the Home page]&quot;)">
                  </a> <!-- runScenario("validating the Register link on home page", "Optional[Links of the Home page]") -->
                  <span class="method-name">runScenario</span>
                  <span class="parameters">("validating the Register link on home page", "Optional[Links of the Home page]")</span>
                  <div class="stack-trace">org.openqa.selenium.InvalidArgumentException: invalid argument
  (Session info: chrome=102.0.5005.115)
Build info: version: &apos;3.141.59&apos;, revision: &apos;e82be7d358&apos;, time: &apos;2018-11-14T08:17:03&apos;
System info: host: &apos;Shwethas-MacBook-Pro.local&apos;, ip: &apos;2601:647:4100:cc20:5969:f579:cca0:9fb7%en0&apos;, os.name: &apos;Mac OS X&apos;, os.arch: &apos;x86_64&apos;, os.version: &apos;10.15.7&apos;, java.version: &apos;12.0.2&apos;
Driver info: org.openqa.selenium.chrome.ChromeDriver
Capabilities {acceptInsecureCerts: false, browserName: chrome, browserVersion: 102.0.5005.115, chrome: {chromedriverVersion: 102.0.5005.61 (0e59bcc00cc4..., userDataDir: /var/folders/8y/rcqlwqj12nd...}, goog:chromeOptions: {debuggerAddress: localhost:51616}, javascriptEnabled: true, networkConnectionEnabled: false, pageLoadStrategy: normal, platform: MAC, platformName: MAC, proxy: Proxy(), setWindowRect: true, strictFileInteractability: false, timeouts: {implicit: 0, pageLoad: 300000, script: 30000}, unhandledPromptBehavior: dismiss and notify, webauthn:extension:credBlob: true, webauthn:extension:largeBlob: true, webauthn:virtualAuthenticators: true}
Session ID: 2c7ad5d0e29e1c14d14e3e386ce55576
	at java.base/jdk.internal.reflect.NativeConstructorAccessorImpl.newInstance0(Native Method)
	at java.base/jdk.internal.reflect.NativeConstructorAccessorImpl.newInstance(NativeConstructorAccessorImpl.java:62)
	at java.base/jdk.internal.reflect.DelegatingConstructorAccessorImpl.newInstance(DelegatingConstructorAccessorImpl.java:45)
	at java.base/java.lang.reflect.Constructor.newInstanceWithCaller(Constructor.java:500)
	at java.base/java.lang.reflect.Constructor.newInstance(Constructor.java:481)
	at org.openqa.selenium.remote.http.W3CHttpResponseCodec.createException(W3CHttpResponseCodec.java:187)
	at org.openqa.selenium.remote.http.W3CHttpResponseCodec.decode(W3CHttpResponseCodec.java:122)
	at org.openqa.selenium.remote.http.W3CHttpResponseCodec.decode(W3CHttpResponseCodec.java:49)
	at org.openqa.selenium.remote.HttpCommandExecutor.execute(HttpCommandExecutor.java:158)
	at org.openqa.selenium.remote.service.DriverCommandExecutor.execute(DriverCommandExecutor.java:83)
	at org.openqa.selenium.remote.RemoteWebDriver.execute(RemoteWebDriver.java:552)
	at org.openqa.selenium.remote.RemoteWebDriver.get(RemoteWebDriver.java:277)
	at Parallel.HomePageSteps.user_open_the_dietician_website(HomePageSteps.java:29)
	at .User open the Dietician Website(classpath:Parallel/LinksOfHomePage.feature:5)

</div> <!-- stack-trace -->
                  <em>
(Runs Cucumber Scenarios)                  </em>
                </div> <!-- method-content -->
              </div> <!-- method -->
              <div class="method">
                <div class="method-content">
                  <a name="runScenario(&quot;validating the Sign up processs with invalid First Name&quot;, &quot;Optional[Register page of the applicatio...)">
                  </a> <!-- runScenario("validating the Sign up processs with invalid First Name", "Optional[Register page of the applicatio...) -->
                  <span class="method-name">runScenario</span>
                  <span class="parameters">("validating the Sign up processs with invalid First Name", "Optional[Register page of the application]")</span>
                  <div class="stack-trace">java.lang.NullPointerException
	at Parallel.RegisterPage1Steps.user_is_on_register_page(RegisterPage1Steps.java:51)
	at .User is on Register page(classpath:Parallel/RegisterPage1.feature:29)

</div> <!-- stack-trace -->
                  <em>
(Runs Cucumber Scenarios)                  </em>
                </div> <!-- method-content -->
              </div> <!-- method -->
              <div class="method">
                <div class="method-content">
                  <a name="runScenario(&quot;Validating the tab TEAM visibility&quot;, &quot;Optional[Home page of the Application]&quot;)">
                  </a> <!-- runScenario("Validating the tab TEAM visibility", "Optional[Home page of the Application]") -->
                  <span class="method-name">runScenario</span>
                  <span class="parameters">("Validating the tab TEAM visibility", "Optional[Home page of the Application]")</span>
                  <div class="stack-trace">org.openqa.selenium.InvalidArgumentException: invalid argument
  (Session info: chrome=102.0.5005.115)
Build info: version: &apos;3.141.59&apos;, revision: &apos;e82be7d358&apos;, time: &apos;2018-11-14T08:17:03&apos;
System info: host: &apos;Shwethas-MacBook-Pro.local&apos;, ip: &apos;2601:647:4100:cc20:5969:f579:cca0:9fb7%en0&apos;, os.name: &apos;Mac OS X&apos;, os.arch: &apos;x86_64&apos;, os.version: &apos;10.15.7&apos;, java.version: &apos;12.0.2&apos;
Driver info: org.openqa.selenium.chrome.ChromeDriver
Capabilities {acceptInsecureCerts: false, browserName: chrome, browserVersion: 102.0.5005.115, chrome: {chromedriverVersion: 102.0.5005.61 (0e59bcc00cc4..., userDataDir: /var/folders/8y/rcqlwqj12nd...}, goog:chromeOptions: {debuggerAddress: localhost:51467}, javascriptEnabled: true, networkConnectionEnabled: false, pageLoadStrategy: normal, platform: MAC, platformName: MAC, proxy: Proxy(), setWindowRect: true, strictFileInteractability: false, timeouts: {implicit: 0, pageLoad: 300000, script: 30000}, unhandledPromptBehavior: dismiss and notify, webauthn:extension:credBlob: true, webauthn:extension:largeBlob: true, webauthn:virtualAuthenticators: true}
Session ID: d34b5827dad24fa17dfd0203e6ca505d
	at java.base/jdk.internal.reflect.NativeConstructorAccessorImpl.newInstance0(Native Method)
	at java.base/jdk.internal.reflect.NativeConstructorAccessorImpl.newInstance(NativeConstructorAccessorImpl.java:62)
	at java.base/jdk.internal.reflect.DelegatingConstructorAccessorImpl.newInstance(DelegatingConstructorAccessorImpl.java:45)
	at java.base/java.lang.reflect.Constructor.newInstanceWithCaller(Constructor.java:500)
	at java.base/java.lang.reflect.Constructor.newInstance(Constructor.java:481)
	at org.openqa.selenium.remote.http.W3CHttpResponseCodec.createException(W3CHttpResponseCodec.java:187)
	at org.openqa.selenium.remote.http.W3CHttpResponseCodec.decode(W3CHttpResponseCodec.java:122)
	at org.openqa.selenium.remote.http.W3CHttpResponseCodec.decode(W3CHttpResponseCodec.java:49)
	at org.openqa.selenium.remote.HttpCommandExecutor.execute(HttpCommandExecutor.java:158)
	at org.openqa.selenium.remote.service.DriverCommandExecutor.execute(DriverCommandExecutor.java:83)
	at org.openqa.selenium.remote.RemoteWebDriver.execute(RemoteWebDriver.java:552)
	at org.openqa.selenium.remote.RemoteWebDriver.get(RemoteWebDriver.java:277)
	at Parallel.HomePageSteps.user_open_the_dietician_website(HomePageSteps.java:29)
	at .User open the Dietician Website(classpath:Parallel/HomePage.feature:5)

</div> <!-- stack-trace -->
                  <em>
(Runs Cucumber Scenarios)                  </em>
                </div> <!-- method-content -->
              </div> <!-- method -->
              <div class="method">
                <div class="method-content">
                  <a name="runScenario(&quot;validating the Sign up processs with invalid First Name&quot;, &quot;Optional[Register form2 of the Applicati...)">
                  </a> <!-- runScenario("validating the Sign up processs with invalid First Name", "Optional[Register form2 of the Applicati...) -->
                  <span class="method-name">runScenario</span>
                  <span class="parameters">("validating the Sign up processs with invalid First Name", "Optional[Register form2 of the Application]")</span>
                  <div class="stack-trace">java.lang.NullPointerException
	at Parallel.RegisterPage1Steps.user_is_on_register_page(RegisterPage1Steps.java:51)
	at .User is on Register page(classpath:Parallel/RegisterPage2.feature:20)

</div> <!-- stack-trace -->
                  <em>
(Runs Cucumber Scenarios)                  </em>
                </div> <!-- method-content -->
              </div> <!-- method -->
              <div class="method">
                <div class="method-content">
                  <a name="runScenario(&quot;validating the Sign in  with invalid Password&quot;, &quot;Optional[Sign in form1 Of the Application]&quot;)">
                  </a> <!-- runScenario("validating the Sign in  with invalid Password", "Optional[Sign in form1 Of the Application]") -->
                  <span class="method-name">runScenario</span>
                  <span class="parameters">("validating the Sign in  with invalid Password", "Optional[Sign in form1 Of the Application]")</span>
                  <div class="stack-trace">java.lang.NullPointerException
	at Parallel.SignInPage1Steps.user_clicks_on_sign_in_button_with_invalid_password(SignInPage1Steps.java:98)
	at .User clicks on sign in button with invalid Password(classpath:Parallel/SignInPage1.feature:35)

</div> <!-- stack-trace -->
                  <em>
(Runs Cucumber Scenarios)                  </em>
                </div> <!-- method-content -->
              </div> <!-- method -->
              <div class="method">
                <div class="method-content">
                  <a name="runScenario(&quot;validating sign in with valid email and invalid password&quot;, &quot;Optional[sign in form Option2]&quot;)">
                  </a> <!-- runScenario("validating sign in with valid email and invalid password", "Optional[sign in form Option2]") -->
                  <span class="method-name">runScenario</span>
                  <span class="parameters">("validating sign in with valid email and invalid password", "Optional[sign in form Option2]")</span>
                  <div class="stack-trace">java.lang.NullPointerException
	at Parallel.SignInPage2Steps.user_clicks_on_login_button_with_valid_email_and_invalid_password(SignInPage2Steps.java:62)
	at .User clicks on login button with valid email and invalid password(classpath:Parallel/SignInPage2.feature:30)

</div> <!-- stack-trace -->
                  <em>
(Runs Cucumber Scenarios)                  </em>
                </div> <!-- method-content -->
              </div> <!-- method -->
              <div class="method">
                <div class="method-content">
                  <a name="runScenario(&quot;validating the Sign up processs with invalid Confirm Password&quot;, &quot;Optional[Register form2 of the App...)">
                  </a> <!-- runScenario("validating the Sign up processs with invalid Confirm Password", "Optional[Register form2 of the App...) -->
                  <span class="method-name">runScenario</span>
                  <span class="parameters">("validating the Sign up processs with invalid Confirm Password", "Optional[Register form2 of the Application]")</span>
                  <div class="stack-trace">java.lang.NullPointerException
	at Parallel.RegisterPage1Steps.user_is_on_register_page(RegisterPage1Steps.java:51)
	at .User is on Register page(classpath:Parallel/RegisterPage2.feature:50)

</div> <!-- stack-trace -->
                  <em>
(Runs Cucumber Scenarios)                  </em>
                </div> <!-- method-content -->
              </div> <!-- method -->
              <div class="method">
                <div class="method-content">
                  <a name="runScenario(&quot;validating the Sign up processs with Google&quot;, &quot;Optional[Register form2 of the Application]&quot;)">
                  </a> <!-- runScenario("validating the Sign up processs with Google", "Optional[Register form2 of the Application]") -->
                  <span class="method-name">runScenario</span>
                  <span class="parameters">("validating the Sign up processs with Google", "Optional[Register form2 of the Application]")</span>
                  <div class="stack-trace">java.lang.NullPointerException
	at Parallel.RegisterPage1Steps.user_is_on_register_page(RegisterPage1Steps.java:51)
	at .User is on Register page(classpath:Parallel/RegisterPage2.feature:72)

</div> <!-- stack-trace -->
                  <em>
(Runs Cucumber Scenarios)                  </em>
                </div> <!-- method-content -->
              </div> <!-- method -->
              <div class="method">
                <div class="method-content">
                  <a name="runScenario(&quot;validating the Sign up processs with Facebook&quot;, &quot;Optional[Register form2 of the Application]&quot;)">
                  </a> <!-- runScenario("validating the Sign up processs with Facebook", "Optional[Register form2 of the Application]") -->
                  <span class="method-name">runScenario</span>
                  <span class="parameters">("validating the Sign up processs with Facebook", "Optional[Register form2 of the Application]")</span>
                  <div class="stack-trace">java.lang.NullPointerException
	at Parallel.RegisterPage1Steps.user_is_on_register_page(RegisterPage1Steps.java:51)
	at .User is on Register page(classpath:Parallel/RegisterPage2.feature:62)

</div> <!-- stack-trace -->
                  <em>
(Runs Cucumber Scenarios)                  </em>
                </div> <!-- method-content -->
              </div> <!-- method -->
              <div class="method">
                <div class="method-content">
                  <a name="runScenario(&quot;validating the Sign up processs with invalid Last name&quot;, &quot;Optional[Register form2 of the Applicatio...)">
                  </a> <!-- runScenario("validating the Sign up processs with invalid Last name", "Optional[Register form2 of the Applicatio...) -->
                  <span class="method-name">runScenario</span>
                  <span class="parameters">("validating the Sign up processs with invalid Last name", "Optional[Register form2 of the Application]")</span>
                  <div class="stack-trace">java.lang.NullPointerException
	at Parallel.RegisterPage1Steps.user_is_on_register_page(RegisterPage1Steps.java:51)
	at .User is on Register page(classpath:Parallel/RegisterPage2.feature:26)

</div> <!-- stack-trace -->
                  <em>
(Runs Cucumber Scenarios)                  </em>
                </div> <!-- method-content -->
              </div> <!-- method -->
              <div class="method">
                <div class="method-content">
                  <a name="runScenario(&quot;validating the Sign up processs with invalid First Name&quot;, &quot;Optional[Register page of the applicatio...)">
                  </a> <!-- runScenario("validating the Sign up processs with invalid First Name", "Optional[Register page of the applicatio...) -->
                  <span class="method-name">runScenario</span>
                  <span class="parameters">("validating the Sign up processs with invalid First Name", "Optional[Register page of the application]")</span>
                  <div class="stack-trace">java.lang.NullPointerException
	at Parallel.RegisterPage1Steps.user_is_on_register_page(RegisterPage1Steps.java:51)
	at .User is on Register page(classpath:Parallel/RegisterPage1.feature:37)

</div> <!-- stack-trace -->
                  <em>
(Runs Cucumber Scenarios)                  </em>
                </div> <!-- method-content -->
              </div> <!-- method -->
              <div class="method">
                <div class="method-content">
                  <a name="runScenario(&quot;validating the Sign up processs with invalid Password&quot;, &quot;Optional[Register form2 of the Application...)">
                  </a> <!-- runScenario("validating the Sign up processs with invalid Password", "Optional[Register form2 of the Application...) -->
                  <span class="method-name">runScenario</span>
                  <span class="parameters">("validating the Sign up processs with invalid Password", "Optional[Register form2 of the Application]")</span>
                  <div class="stack-trace">java.lang.NullPointerException
	at Parallel.RegisterPage1Steps.user_is_on_register_page(RegisterPage1Steps.java:51)
	at .User is on Register page(classpath:Parallel/RegisterPage2.feature:44)

</div> <!-- stack-trace -->
                  <em>
(Runs Cucumber Scenarios)                  </em>
                </div> <!-- method-content -->
              </div> <!-- method -->
              <div class="method">
                <div class="method-content">
                  <a name="runScenario(&quot;validating the Sign up button&quot;, &quot;Optional[Register form2 of the Application]&quot;)">
                  </a> <!-- runScenario("validating the Sign up button", "Optional[Register form2 of the Application]") -->
                  <span class="method-name">runScenario</span>
                  <span class="parameters">("validating the Sign up button", "Optional[Register form2 of the Application]")</span>
                  <div class="stack-trace">org.openqa.selenium.InvalidArgumentException: invalid argument
  (Session info: chrome=102.0.5005.115)
Build info: version: &apos;3.141.59&apos;, revision: &apos;e82be7d358&apos;, time: &apos;2018-11-14T08:17:03&apos;
System info: host: &apos;Shwethas-MacBook-Pro.local&apos;, ip: &apos;2601:647:4100:cc20:5969:f579:cca0:9fb7%en0&apos;, os.name: &apos;Mac OS X&apos;, os.arch: &apos;x86_64&apos;, os.version: &apos;10.15.7&apos;, java.version: &apos;12.0.2&apos;
Driver info: org.openqa.selenium.chrome.ChromeDriver
Capabilities {acceptInsecureCerts: false, browserName: chrome, browserVersion: 102.0.5005.115, chrome: {chromedriverVersion: 102.0.5005.61 (0e59bcc00cc4..., userDataDir: /var/folders/8y/rcqlwqj12nd...}, goog:chromeOptions: {debuggerAddress: localhost:51969}, javascriptEnabled: true, networkConnectionEnabled: false, pageLoadStrategy: normal, platform: MAC, platformName: MAC, proxy: Proxy(), setWindowRect: true, strictFileInteractability: false, timeouts: {implicit: 0, pageLoad: 300000, script: 30000}, unhandledPromptBehavior: dismiss and notify, webauthn:extension:credBlob: true, webauthn:extension:largeBlob: true, webauthn:virtualAuthenticators: true}
Session ID: 42772a7df53c268fe35962dd4fc43f47
	at jdk.internal.reflect.GeneratedConstructorAccessor78.newInstance(Unknown Source)
	at java.base/jdk.internal.reflect.DelegatingConstructorAccessorImpl.newInstance(DelegatingConstructorAccessorImpl.java:45)
	at java.base/java.lang.reflect.Constructor.newInstanceWithCaller(Constructor.java:500)
	at java.base/java.lang.reflect.Constructor.newInstance(Constructor.java:481)
	at org.openqa.selenium.remote.http.W3CHttpResponseCodec.createException(W3CHttpResponseCodec.java:187)
	at org.openqa.selenium.remote.http.W3CHttpResponseCodec.decode(W3CHttpResponseCodec.java:122)
	at org.openqa.selenium.remote.http.W3CHttpResponseCodec.decode(W3CHttpResponseCodec.java:49)
	at org.openqa.selenium.remote.HttpCommandExecutor.execute(HttpCommandExecutor.java:158)
	at org.openqa.selenium.remote.service.DriverCommandExecutor.execute(DriverCommandExecutor.java:83)
	at org.openqa.selenium.remote.RemoteWebDriver.execute(RemoteWebDriver.java:552)
	at org.openqa.selenium.remote.RemoteWebDriver.get(RemoteWebDriver.java:277)
	at Parallel.RegisterPage1Steps.user_is_on_dietician_website(RegisterPage1Steps.java:22)
	at .User is on Dietician  website(classpath:Parallel/RegisterPage2.feature:9)

</div> <!-- stack-trace -->
                  <em>
(Runs Cucumber Scenarios)                  </em>
                </div> <!-- method-content -->
              </div> <!-- method -->
              <div class="method">
                <div class="method-content">
                  <a name="runScenario(&quot;Validating sign in with Google  button&quot;, &quot;Optional[sign in form Option2]&quot;)">
                  </a> <!-- runScenario("Validating sign in with Google  button", "Optional[sign in form Option2]") -->
                  <span class="method-name">runScenario</span>
                  <span class="parameters">("Validating sign in with Google  button", "Optional[sign in form Option2]")</span>
                  <div class="stack-trace">java.lang.NullPointerException
	at Parallel.SignInPage2Steps.user_clicks_on_google_button(SignInPage2Steps.java:87)
	at .User clicks on Google  button(classpath:Parallel/SignInPage2.feature:54)

</div> <!-- stack-trace -->
                  <em>
(Runs Cucumber Scenarios)                  </em>
                </div> <!-- method-content -->
              </div> <!-- method -->
              <div class="method">
                <div class="method-content">
                  <a name="runScenario(&quot;Validating the title of the Home page&quot;, &quot;Optional[Home page of the Application]&quot;)">
                  </a> <!-- runScenario("Validating the title of the Home page", "Optional[Home page of the Application]") -->
                  <span class="method-name">runScenario</span>
                  <span class="parameters">("Validating the title of the Home page", "Optional[Home page of the Application]")</span>
                  <div class="stack-trace">org.openqa.selenium.InvalidArgumentException: invalid argument
  (Session info: chrome=102.0.5005.115)
Build info: version: &apos;3.141.59&apos;, revision: &apos;e82be7d358&apos;, time: &apos;2018-11-14T08:17:03&apos;
System info: host: &apos;Shwethas-MacBook-Pro.local&apos;, ip: &apos;2601:647:4100:cc20:5969:f579:cca0:9fb7%en0&apos;, os.name: &apos;Mac OS X&apos;, os.arch: &apos;x86_64&apos;, os.version: &apos;10.15.7&apos;, java.version: &apos;12.0.2&apos;
Driver info: org.openqa.selenium.chrome.ChromeDriver
Capabilities {acceptInsecureCerts: false, browserName: chrome, browserVersion: 102.0.5005.115, chrome: {chromedriverVersion: 102.0.5005.61 (0e59bcc00cc4..., userDataDir: /var/folders/8y/rcqlwqj12nd...}, goog:chromeOptions: {debuggerAddress: localhost:51464}, javascriptEnabled: true, networkConnectionEnabled: false, pageLoadStrategy: normal, platform: MAC, platformName: MAC, proxy: Proxy(), setWindowRect: true, strictFileInteractability: false, timeouts: {implicit: 0, pageLoad: 300000, script: 30000}, unhandledPromptBehavior: dismiss and notify, webauthn:extension:credBlob: true, webauthn:extension:largeBlob: true, webauthn:virtualAuthenticators: true}
Session ID: 4f88564bcfb9579624d46196aabc0f69
	at java.base/jdk.internal.reflect.NativeConstructorAccessorImpl.newInstance0(Native Method)
	at java.base/jdk.internal.reflect.NativeConstructorAccessorImpl.newInstance(NativeConstructorAccessorImpl.java:62)
	at java.base/jdk.internal.reflect.DelegatingConstructorAccessorImpl.newInstance(DelegatingConstructorAccessorImpl.java:45)
	at java.base/java.lang.reflect.Constructor.newInstanceWithCaller(Constructor.java:500)
	at java.base/java.lang.reflect.Constructor.newInstance(Constructor.java:481)
	at org.openqa.selenium.remote.http.W3CHttpResponseCodec.createException(W3CHttpResponseCodec.java:187)
	at org.openqa.selenium.remote.http.W3CHttpResponseCodec.decode(W3CHttpResponseCodec.java:122)
	at org.openqa.selenium.remote.http.W3CHttpResponseCodec.decode(W3CHttpResponseCodec.java:49)
	at org.openqa.selenium.remote.HttpCommandExecutor.execute(HttpCommandExecutor.java:158)
	at org.openqa.selenium.remote.service.DriverCommandExecutor.execute(DriverCommandExecutor.java:83)
	at org.openqa.selenium.remote.RemoteWebDriver.execute(RemoteWebDriver.java:552)
	at org.openqa.selenium.remote.RemoteWebDriver.get(RemoteWebDriver.java:277)
	at Parallel.HomePageSteps.user_open_the_dietician_website(HomePageSteps.java:29)
	at .User open the Dietician Website(classpath:Parallel/HomePage.feature:5)

</div> <!-- stack-trace -->
                  <em>
(Runs Cucumber Scenarios)                  </em>
                </div> <!-- method-content -->
              </div> <!-- method -->
              <div class="method">
                <div class="method-content">
                  <a name="runScenario(&quot;validating the Sign in  with both invalid username and Password&quot;, &quot;Optional[Sign in form1 Of the Ap...)">
                  </a> <!-- runScenario("validating the Sign in  with both invalid username and Password", "Optional[Sign in form1 Of the Ap...) -->
                  <span class="method-name">runScenario</span>
                  <span class="parameters">("validating the Sign in  with both invalid username and Password", "Optional[Sign in form1 Of the Application]")</span>
                  <div class="stack-trace">java.lang.NullPointerException
	at Parallel.SignInPage1Steps.user_clicks_on_sign_in_button_with_invalid_username_and_password(SignInPage1Steps.java:103)
	at .User clicks on sign in button with invalid  username and password(classpath:Parallel/SignInPage1.feature:41)

</div> <!-- stack-trace -->
                  <em>
(Runs Cucumber Scenarios)                  </em>
                </div> <!-- method-content -->
              </div> <!-- method -->
            </div> <!-- main-panel-content rounded-window-bottom -->
          </div> <!-- suite-Default_suite-class-failed -->
          <div class="suite-Default_suite-class-passed">
            <div class="main-panel-header rounded-window-top">
              <img src="passed.png"/>
              <span class="class-name">Parallel.ParallelRun</span>
            </div> <!-- main-panel-header rounded-window-top -->
            <div class="main-panel-content rounded-window-bottom">
              <div class="method">
                <div class="method-content">
                  <a name="runScenario(&quot;To verify navigation front arrow&quot;, &quot;Optional[Testing MyPatients Page search results]&quot;)">
                  </a> <!-- runScenario("To verify navigation front arrow", "Optional[Testing MyPatients Page search results]") -->
                  <span class="method-name">runScenario</span>
                  <span class="parameters">("To verify navigation front arrow", "Optional[Testing MyPatients Page search results]")</span>
                  <em>
(Runs Cucumber Scenarios)                  </em>
                </div> <!-- method-content -->
              </div> <!-- method -->
              <div class="method">
                <div class="method-content">
                  <a name="runScenario(&quot;To verify Search patients by email&quot;, &quot;Optional[Testing MyPatients page]&quot;)">
                  </a> <!-- runScenario("To verify Search patients by email", "Optional[Testing MyPatients page]") -->
                  <span class="method-name">runScenario</span>
                  <span class="parameters">("To verify Search patients by email", "Optional[Testing MyPatients page]")</span>
                  <em>
(Runs Cucumber Scenarios)                  </em>
                </div> <!-- method-content -->
              </div> <!-- method -->
              <div class="method">
                <div class="method-content">
                  <a name="runScenario(&quot;To verify navigation&quot;, &quot;Optional[Testing MyPatients Page search results]&quot;)">
                  </a> <!-- runScenario("To verify navigation", "Optional[Testing MyPatients Page search results]") -->
                  <span class="method-name">runScenario</span>
                  <span class="parameters">("To verify navigation", "Optional[Testing MyPatients Page search results]")</span>
                  <em>
(Runs Cucumber Scenarios)                  </em>
                </div> <!-- method-content -->
              </div> <!-- method -->
              <div class="method">
                <div class="method-content">
                  <a name="runScenario(&quot;Details missing in all the fields&quot;, &quot;Optional[Testing MyPatients page]&quot;)">
                  </a> <!-- runScenario("Details missing in all the fields", "Optional[Testing MyPatients page]") -->
                  <span class="method-name">runScenario</span>
                  <span class="parameters">("Details missing in all the fields", "Optional[Testing MyPatients page]")</span>
                  <em>
(Runs Cucumber Scenarios)                  </em>
                </div> <!-- method-content -->
              </div> <!-- method -->
              <div class="method">
                <div class="method-content">
                  <a name="runScenario(&quot;To verify patient name in field&quot;, &quot;Optional[Testing MyPatients page]&quot;)">
                  </a> <!-- runScenario("To verify patient name in field", "Optional[Testing MyPatients page]") -->
                  <span class="method-name">runScenario</span>
                  <span class="parameters">("To verify patient name in field", "Optional[Testing MyPatients page]")</span>
                  <em>
(Runs Cucumber Scenarios)                  </em>
                </div> <!-- method-content -->
              </div> <!-- method -->
              <div class="method">
                <div class="method-content">
                  <a name="runScenario(&quot;To verify Search patients by phone number&quot;, &quot;Optional[Testing MyPatients page]&quot;)">
                  </a> <!-- runScenario("To verify Search patients by phone number", "Optional[Testing MyPatients page]") -->
                  <span class="method-name">runScenario</span>
                  <span class="parameters">("To verify Search patients by phone number", "Optional[Testing MyPatients page]")</span>
                  <em>
(Runs Cucumber Scenarios)                  </em>
                </div> <!-- method-content -->
              </div> <!-- method -->
              <div class="method">
                <div class="method-content">
                  <a name="runScenario(&quot;To verify Search patients by name&quot;, &quot;Optional[Testing MyPatients page]&quot;)">
                  </a> <!-- runScenario("To verify Search patients by name", "Optional[Testing MyPatients page]") -->
                  <span class="method-name">runScenario</span>
                  <span class="parameters">("To verify Search patients by name", "Optional[Testing MyPatients page]")</span>
                  <em>
(Runs Cucumber Scenarios)                  </em>
                </div> <!-- method-content -->
              </div> <!-- method -->
              <div class="method">
                <div class="method-content">
                  <a name="runScenario(&quot;To verify patient email in field&quot;, &quot;Optional[Testing MyPatients page]&quot;)">
                  </a> <!-- runScenario("To verify patient email in field", "Optional[Testing MyPatients page]") -->
                  <span class="method-name">runScenario</span>
                  <span class="parameters">("To verify patient email in field", "Optional[Testing MyPatients page]")</span>
                  <em>
(Runs Cucumber Scenarios)                  </em>
                </div> <!-- method-content -->
              </div> <!-- method -->
              <div class="method">
                <div class="method-content">
                  <a name="runScenario(&quot;To verify navigation back arrow&quot;, &quot;Optional[Testing MyPatients Page search results]&quot;)">
                  </a> <!-- runScenario("To verify navigation back arrow", "Optional[Testing MyPatients Page search results]") -->
                  <span class="method-name">runScenario</span>
                  <span class="parameters">("To verify navigation back arrow", "Optional[Testing MyPatients Page search results]")</span>
                  <em>
(Runs Cucumber Scenarios)                  </em>
                </div> <!-- method-content -->
              </div> <!-- method -->
              <div class="method">
                <div class="method-content">
                  <a name="runScenario(&quot;To verify patient phone number in field&quot;, &quot;Optional[Testing MyPatients page]&quot;)">
                  </a> <!-- runScenario("To verify patient phone number in field", "Optional[Testing MyPatients page]") -->
                  <span class="method-name">runScenario</span>
                  <span class="parameters">("To verify patient phone number in field", "Optional[Testing MyPatients page]")</span>
                  <em>
(Runs Cucumber Scenarios)                  </em>
                </div> <!-- method-content -->
              </div> <!-- method -->
              <div class="method">
                <div class="method-content">
                  <a name="runScenario(&quot;To verify View PDF button&quot;, &quot;Optional[Testing MyPatients Page search results]&quot;)">
                  </a> <!-- runScenario("To verify View PDF button", "Optional[Testing MyPatients Page search results]") -->
                  <span class="method-name">runScenario</span>
                  <span class="parameters">("To verify View PDF button", "Optional[Testing MyPatients Page search results]")</span>
                  <em>
(Runs Cucumber Scenarios)                  </em>
                </div> <!-- method-content -->
              </div> <!-- method -->
            </div> <!-- main-panel-content rounded-window-bottom -->
          </div> <!-- suite-Default_suite-class-passed -->
        </div> <!-- panel Default_suite -->
        <div panel-name="test-xml-Default_suite" class="panel">
          <div class="main-panel-header rounded-window-top">
            <span class="header-content">/private/var/folders/8y/rcqlwqj12nd4k3yl__xxnt9m0000gn/T/testng-eclipse--1074177650/testng-customsuite.xml</span>
          </div> <!-- main-panel-header rounded-window-top -->
          <div class="main-panel-content rounded-window-bottom">
            <pre>
&lt;?xml version=&quot;1.0&quot; encoding=&quot;UTF-8&quot;?&gt;
&lt;!DOCTYPE suite SYSTEM &quot;http://testng.org/testng-1.0.dtd&quot;&gt;
&lt;suite name=&quot;Default suite&quot; guice-stage=&quot;DEVELOPMENT&quot;&gt;
  &lt;test thread-count=&quot;5&quot; name=&quot;Default test&quot; verbose=&quot;2&quot;&gt;
    &lt;classes&gt;
      &lt;class name=&quot;Parallel.ParallelRun&quot;/&gt;
    &lt;/classes&gt;
  &lt;/test&gt; &lt;!-- Default test --&gt;
&lt;/suite&gt; &lt;!-- Default suite --&gt;
            </pre>
          </div> <!-- main-panel-content rounded-window-bottom -->
        </div> <!-- panel -->
        <div panel-name="testlist-Default_suite" class="panel">
          <div class="main-panel-header rounded-window-top">
            <span class="header-content">Tests for Default suite</span>
          </div> <!-- main-panel-header rounded-window-top -->
          <div class="main-panel-content rounded-window-bottom">
            <ul>
              <li>
                <span class="test-name">Default test (1 class)</span>
              </li>
            </ul>
          </div> <!-- main-panel-content rounded-window-bottom -->
        </div> <!-- panel -->
        <div panel-name="group-Default_suite" class="panel">
          <div class="main-panel-header rounded-window-top">
            <span class="header-content">Groups for Default suite</span>
          </div> <!-- main-panel-header rounded-window-top -->
          <div class="main-panel-content rounded-window-bottom">
            <div class="test-group">
              <span class="test-group-name">cucumber</span>
              <br/>
              <div class="method-in-group">
                <span class="method-in-group-name">runScenario</span>
                <br/>
              </div> <!-- method-in-group -->
            </div> <!-- test-group -->
          </div> <!-- main-panel-content rounded-window-bottom -->
        </div> <!-- panel -->
        <div panel-name="times-Default_suite" class="panel">
          <div class="main-panel-header rounded-window-top">
            <span class="header-content">Times for Default suite</span>
          </div> <!-- main-panel-header rounded-window-top -->
          <div class="main-panel-content rounded-window-bottom">
            <div class="times-div">
              <script type="text/javascript">
suiteTableInitFunctions.push('tableData_Default_suite');
function tableData_Default_suite() {
var data = new google.visualization.DataTable();
data.addColumn('number', 'Number');
data.addColumn('string', 'Method');
data.addColumn('string', 'Class');
data.addColumn('number', 'Time (ms)');
data.addRows(81);
data.setCell(0, 0, 0)
data.setCell(0, 1, 'runScenario')
data.setCell(0, 2, 'Parallel.ParallelRun')
data.setCell(0, 3, 9733);
data.setCell(1, 0, 1)
data.setCell(1, 1, 'runScenario')
data.setCell(1, 2, 'Parallel.ParallelRun')
data.setCell(1, 3, 9732);
data.setCell(2, 0, 2)
data.setCell(2, 1, 'runScenario')
data.setCell(2, 2, 'Parallel.ParallelRun')
data.setCell(2, 3, 9729);
data.setCell(3, 0, 3)
data.setCell(3, 1, 'runScenario')
data.setCell(3, 2, 'Parallel.ParallelRun')
data.setCell(3, 3, 9727);
data.setCell(4, 0, 4)
data.setCell(4, 1, 'runScenario')
data.setCell(4, 2, 'Parallel.ParallelRun')
data.setCell(4, 3, 9658);
data.setCell(5, 0, 5)
data.setCell(5, 1, 'runScenario')
data.setCell(5, 2, 'Parallel.ParallelRun')
data.setCell(5, 3, 8529);
data.setCell(6, 0, 6)
data.setCell(6, 1, 'runScenario')
data.setCell(6, 2, 'Parallel.ParallelRun')
data.setCell(6, 3, 8041);
data.setCell(7, 0, 7)
data.setCell(7, 1, 'runScenario')
data.setCell(7, 2, 'Parallel.ParallelRun')
data.setCell(7, 3, 7886);
data.setCell(8, 0, 8)
data.setCell(8, 1, 'runScenario')
data.setCell(8, 2, 'Parallel.ParallelRun')
data.setCell(8, 3, 7816);
data.setCell(9, 0, 9)
data.setCell(9, 1, 'runScenario')
data.setCell(9, 2, 'Parallel.ParallelRun')
data.setCell(9, 3, 7784);
data.setCell(10, 0, 10)
data.setCell(10, 1, 'runScenario')
data.setCell(10, 2, 'Parallel.ParallelRun')
data.setCell(10, 3, 7516);
data.setCell(11, 0, 11)
data.setCell(11, 1, 'runScenario')
data.setCell(11, 2, 'Parallel.ParallelRun')
data.setCell(11, 3, 7487);
data.setCell(12, 0, 12)
data.setCell(12, 1, 'runScenario')
data.setCell(12, 2, 'Parallel.ParallelRun')
data.setCell(12, 3, 7085);
data.setCell(13, 0, 13)
data.setCell(13, 1, 'runScenario')
data.setCell(13, 2, 'Parallel.ParallelRun')
data.setCell(13, 3, 6360);
data.setCell(14, 0, 14)
data.setCell(14, 1, 'runScenario')
data.setCell(14, 2, 'Parallel.ParallelRun')
data.setCell(14, 3, 6360);
data.setCell(15, 0, 15)
data.setCell(15, 1, 'runScenario')
data.setCell(15, 2, 'Parallel.ParallelRun')
data.setCell(15, 3, 6337);
data.setCell(16, 0, 16)
data.setCell(16, 1, 'runScenario')
data.setCell(16, 2, 'Parallel.ParallelRun')
data.setCell(16, 3, 6317);
data.setCell(17, 0, 17)
data.setCell(17, 1, 'runScenario')
data.setCell(17, 2, 'Parallel.ParallelRun')
data.setCell(17, 3, 6306);
data.setCell(18, 0, 18)
data.setCell(18, 1, 'runScenario')
data.setCell(18, 2, 'Parallel.ParallelRun')
data.setCell(18, 3, 6282);
data.setCell(19, 0, 19)
data.setCell(19, 1, 'runScenario')
data.setCell(19, 2, 'Parallel.ParallelRun')
data.setCell(19, 3, 6264);
data.setCell(20, 0, 20)
data.setCell(20, 1, 'runScenario')
data.setCell(20, 2, 'Parallel.ParallelRun')
data.setCell(20, 3, 6218);
data.setCell(21, 0, 21)
data.setCell(21, 1, 'runScenario')
data.setCell(21, 2, 'Parallel.ParallelRun')
data.setCell(21, 3, 6175);
data.setCell(22, 0, 22)
data.setCell(22, 1, 'runScenario')
data.setCell(22, 2, 'Parallel.ParallelRun')
data.setCell(22, 3, 6173);
data.setCell(23, 0, 23)
data.setCell(23, 1, 'runScenario')
data.setCell(23, 2, 'Parallel.ParallelRun')
data.setCell(23, 3, 6169);
data.setCell(24, 0, 24)
data.setCell(24, 1, 'runScenario')
data.setCell(24, 2, 'Parallel.ParallelRun')
data.setCell(24, 3, 6169);
data.setCell(25, 0, 25)
data.setCell(25, 1, 'runScenario')
data.setCell(25, 2, 'Parallel.ParallelRun')
data.setCell(25, 3, 6165);
data.setCell(26, 0, 26)
data.setCell(26, 1, 'runScenario')
data.setCell(26, 2, 'Parallel.ParallelRun')
data.setCell(26, 3, 6129);
data.setCell(27, 0, 27)
data.setCell(27, 1, 'runScenario')
data.setCell(27, 2, 'Parallel.ParallelRun')
data.setCell(27, 3, 6116);
data.setCell(28, 0, 28)
data.setCell(28, 1, 'runScenario')
data.setCell(28, 2, 'Parallel.ParallelRun')
data.setCell(28, 3, 6107);
data.setCell(29, 0, 29)
data.setCell(29, 1, 'runScenario')
data.setCell(29, 2, 'Parallel.ParallelRun')
data.setCell(29, 3, 6100);
data.setCell(30, 0, 30)
data.setCell(30, 1, 'runScenario')
data.setCell(30, 2, 'Parallel.ParallelRun')
data.setCell(30, 3, 6041);
data.setCell(31, 0, 31)
data.setCell(31, 1, 'runScenario')
data.setCell(31, 2, 'Parallel.ParallelRun')
data.setCell(31, 3, 5981);
data.setCell(32, 0, 32)
data.setCell(32, 1, 'runScenario')
data.setCell(32, 2, 'Parallel.ParallelRun')
data.setCell(32, 3, 5937);
data.setCell(33, 0, 33)
data.setCell(33, 1, 'runScenario')
data.setCell(33, 2, 'Parallel.ParallelRun')
data.setCell(33, 3, 5935);
data.setCell(34, 0, 34)
data.setCell(34, 1, 'runScenario')
data.setCell(34, 2, 'Parallel.ParallelRun')
data.setCell(34, 3, 5914);
data.setCell(35, 0, 35)
data.setCell(35, 1, 'runScenario')
data.setCell(35, 2, 'Parallel.ParallelRun')
data.setCell(35, 3, 5906);
data.setCell(36, 0, 36)
data.setCell(36, 1, 'runScenario')
data.setCell(36, 2, 'Parallel.ParallelRun')
data.setCell(36, 3, 5794);
data.setCell(37, 0, 37)
data.setCell(37, 1, 'runScenario')
data.setCell(37, 2, 'Parallel.ParallelRun')
data.setCell(37, 3, 5788);
data.setCell(38, 0, 38)
data.setCell(38, 1, 'runScenario')
data.setCell(38, 2, 'Parallel.ParallelRun')
data.setCell(38, 3, 5785);
data.setCell(39, 0, 39)
data.setCell(39, 1, 'runScenario')
data.setCell(39, 2, 'Parallel.ParallelRun')
data.setCell(39, 3, 5781);
data.setCell(40, 0, 40)
data.setCell(40, 1, 'runScenario')
data.setCell(40, 2, 'Parallel.ParallelRun')
data.setCell(40, 3, 5731);
data.setCell(41, 0, 41)
data.setCell(41, 1, 'runScenario')
data.setCell(41, 2, 'Parallel.ParallelRun')
data.setCell(41, 3, 5726);
data.setCell(42, 0, 42)
data.setCell(42, 1, 'runScenario')
data.setCell(42, 2, 'Parallel.ParallelRun')
data.setCell(42, 3, 5716);
data.setCell(43, 0, 43)
data.setCell(43, 1, 'runScenario')
data.setCell(43, 2, 'Parallel.ParallelRun')
data.setCell(43, 3, 5683);
data.setCell(44, 0, 44)
data.setCell(44, 1, 'runScenario')
data.setCell(44, 2, 'Parallel.ParallelRun')
data.setCell(44, 3, 5651);
data.setCell(45, 0, 45)
data.setCell(45, 1, 'runScenario')
data.setCell(45, 2, 'Parallel.ParallelRun')
data.setCell(45, 3, 5650);
data.setCell(46, 0, 46)
data.setCell(46, 1, 'runScenario')
data.setCell(46, 2, 'Parallel.ParallelRun')
data.setCell(46, 3, 5638);
data.setCell(47, 0, 47)
data.setCell(47, 1, 'runScenario')
data.setCell(47, 2, 'Parallel.ParallelRun')
data.setCell(47, 3, 5606);
data.setCell(48, 0, 48)
data.setCell(48, 1, 'runScenario')
data.setCell(48, 2, 'Parallel.ParallelRun')
data.setCell(48, 3, 5573);
data.setCell(49, 0, 49)
data.setCell(49, 1, 'runScenario')
data.setCell(49, 2, 'Parallel.ParallelRun')
data.setCell(49, 3, 5543);
data.setCell(50, 0, 50)
data.setCell(50, 1, 'runScenario')
data.setCell(50, 2, 'Parallel.ParallelRun')
data.setCell(50, 3, 5542);
data.setCell(51, 0, 51)
data.setCell(51, 1, 'runScenario')
data.setCell(51, 2, 'Parallel.ParallelRun')
data.setCell(51, 3, 5526);
data.setCell(52, 0, 52)
data.setCell(52, 1, 'runScenario')
data.setCell(52, 2, 'Parallel.ParallelRun')
data.setCell(52, 3, 5511);
data.setCell(53, 0, 53)
data.setCell(53, 1, 'runScenario')
data.setCell(53, 2, 'Parallel.ParallelRun')
data.setCell(53, 3, 5454);
data.setCell(54, 0, 54)
data.setCell(54, 1, 'runScenario')
data.setCell(54, 2, 'Parallel.ParallelRun')
data.setCell(54, 3, 5433);
data.setCell(55, 0, 55)
data.setCell(55, 1, 'runScenario')
data.setCell(55, 2, 'Parallel.ParallelRun')
data.setCell(55, 3, 5330);
data.setCell(56, 0, 56)
data.setCell(56, 1, 'runScenario')
data.setCell(56, 2, 'Parallel.ParallelRun')
data.setCell(56, 3, 5319);
data.setCell(57, 0, 57)
data.setCell(57, 1, 'runScenario')
data.setCell(57, 2, 'Parallel.ParallelRun')
data.setCell(57, 3, 5266);
data.setCell(58, 0, 58)
data.setCell(58, 1, 'runScenario')
data.setCell(58, 2, 'Parallel.ParallelRun')
data.setCell(58, 3, 5266);
data.setCell(59, 0, 59)
data.setCell(59, 1, 'runScenario')
data.setCell(59, 2, 'Parallel.ParallelRun')
data.setCell(59, 3, 5248);
data.setCell(60, 0, 60)
data.setCell(60, 1, 'runScenario')
data.setCell(60, 2, 'Parallel.ParallelRun')
data.setCell(60, 3, 5242);
data.setCell(61, 0, 61)
data.setCell(61, 1, 'runScenario')
data.setCell(61, 2, 'Parallel.ParallelRun')
data.setCell(61, 3, 5145);
data.setCell(62, 0, 62)
data.setCell(62, 1, 'runScenario')
data.setCell(62, 2, 'Parallel.ParallelRun')
data.setCell(62, 3, 5114);
data.setCell(63, 0, 63)
data.setCell(63, 1, 'runScenario')
data.setCell(63, 2, 'Parallel.ParallelRun')
data.setCell(63, 3, 5047);
data.setCell(64, 0, 64)
data.setCell(64, 1, 'runScenario')
data.setCell(64, 2, 'Parallel.ParallelRun')
data.setCell(64, 3, 4990);
data.setCell(65, 0, 65)
data.setCell(65, 1, 'runScenario')
data.setCell(65, 2, 'Parallel.ParallelRun')
data.setCell(65, 3, 4937);
data.setCell(66, 0, 66)
data.setCell(66, 1, 'runScenario')
data.setCell(66, 2, 'Parallel.ParallelRun')
data.setCell(66, 3, 4874);
data.setCell(67, 0, 67)
data.setCell(67, 1, 'runScenario')
data.setCell(67, 2, 'Parallel.ParallelRun')
data.setCell(67, 3, 4866);
data.setCell(68, 0, 68)
data.setCell(68, 1, 'runScenario')
data.setCell(68, 2, 'Parallel.ParallelRun')
data.setCell(68, 3, 4815);
data.setCell(69, 0, 69)
data.setCell(69, 1, 'runScenario')
data.setCell(69, 2, 'Parallel.ParallelRun')
data.setCell(69, 3, 4737);
data.setCell(70, 0, 70)
data.setCell(70, 1, 'runScenario')
data.setCell(70, 2, 'Parallel.ParallelRun')
data.setCell(70, 3, 4714);
data.setCell(71, 0, 71)
data.setCell(71, 1, 'runScenario')
data.setCell(71, 2, 'Parallel.ParallelRun')
data.setCell(71, 3, 4603);
data.setCell(72, 0, 72)
data.setCell(72, 1, 'runScenario')
data.setCell(72, 2, 'Parallel.ParallelRun')
data.setCell(72, 3, 4371);
data.setCell(73, 0, 73)
data.setCell(73, 1, 'runScenario')
data.setCell(73, 2, 'Parallel.ParallelRun')
data.setCell(73, 3, 4089);
data.setCell(74, 0, 74)
data.setCell(74, 1, 'runScenario')
data.setCell(74, 2, 'Parallel.ParallelRun')
data.setCell(74, 3, 3946);
data.setCell(75, 0, 75)
data.setCell(75, 1, 'runScenario')
data.setCell(75, 2, 'Parallel.ParallelRun')
data.setCell(75, 3, 3694);
data.setCell(76, 0, 76)
data.setCell(76, 1, 'runScenario')
data.setCell(76, 2, 'Parallel.ParallelRun')
data.setCell(76, 3, 3614);
data.setCell(77, 0, 77)
data.setCell(77, 1, 'runScenario')
data.setCell(77, 2, 'Parallel.ParallelRun')
data.setCell(77, 3, 3579);
data.setCell(78, 0, 78)
data.setCell(78, 1, 'runScenario')
data.setCell(78, 2, 'Parallel.ParallelRun')
data.setCell(78, 3, 2479);
data.setCell(79, 0, 79)
data.setCell(79, 1, 'runScenario')
data.setCell(79, 2, 'Parallel.ParallelRun')
data.setCell(79, 3, 2419);
data.setCell(80, 0, 80)
data.setCell(80, 1, 'runScenario')
data.setCell(80, 2, 'Parallel.ParallelRun')
data.setCell(80, 3, 2231);
window.suiteTableData['Default_suite']= { tableData: data, tableDiv: 'times-div-Default_suite'}
return data;
}
              </script>
              <span class="suite-total-time">Total running time: 7 minutes</span>
              <div id="times-div-Default_suite">
              </div> <!-- times-div-Default_suite -->
            </div> <!-- times-div -->
          </div> <!-- main-panel-content rounded-window-bottom -->
        </div> <!-- panel -->
        <div panel-name="reporter-Default_suite" class="panel">
          <div class="main-panel-header rounded-window-top">
            <span class="header-content">Reporter output for Default suite</span>
          </div> <!-- main-panel-header rounded-window-top -->
          <div class="main-panel-content rounded-window-bottom">
          </div> <!-- main-panel-content rounded-window-bottom -->
        </div> <!-- panel -->
        <div panel-name="ignored-methods-Default_suite" class="panel">
          <div class="main-panel-header rounded-window-top">
            <span class="header-content">0 ignored methods</span>
          </div> <!-- main-panel-header rounded-window-top -->
          <div class="main-panel-content rounded-window-bottom">
          </div> <!-- main-panel-content rounded-window-bottom -->
        </div> <!-- panel -->
        <div panel-name="chronological-Default_suite" class="panel">
          <div class="main-panel-header rounded-window-top">
            <span class="header-content">Methods in chronological order</span>
          </div> <!-- main-panel-header rounded-window-top -->
          <div class="main-panel-content rounded-window-bottom">
            <div class="chronological-class">
              <div class="chronological-class-name">Parallel.ParallelRun</div> <!-- chronological-class-name -->
              <div class="configuration-class before">
                <span class="method-name">setUpClass</span>
                <span class="method-start">0 ms</span>
              </div> <!-- configuration-class before -->
              <div class="test-method">
                <img src="failed.png">
                </img>
                <span class="method-name">runScenario("Validating the tab TEAM visibility", "Optional[Home page of the Application]")</span>
                <span class="method-start">347 ms</span>
              </div> <!-- test-method -->
              <div class="test-method">
                <img src="failed.png">
                </img>
                <span class="method-name">runScenario("Validating the Logo on the Home page", "Optional[Home page of the Application]")</span>
                <span class="method-start">347 ms</span>
              </div> <!-- test-method -->
              <div class="test-method">
                <img src="failed.png">
                </img>
                <span class="method-name">runScenario("Validating the tab CLIENTS visibility", "Optional[Home page of the Application]")</span>
                <span class="method-start">347 ms</span>
              </div> <!-- test-method -->
              <div class="test-method">
                <img src="failed.png">
                </img>
                <span class="method-name">runScenario("Validating the tab PRODUCT visibility", "Optional[Home page of the Application]")</span>
                <span class="method-start">347 ms</span>
              </div> <!-- test-method -->
              <div class="test-method">
                <img src="failed.png">
                </img>
                <span class="method-name">runScenario("Validating the title of the Home page", "Optional[Home page of the Application]")</span>
                <span class="method-start">347 ms</span>
              </div> <!-- test-method -->
              <div class="test-method">
                <img src="failed.png">
                </img>
                <span class="method-name">runScenario("Validating the tab REGISTER visibility", "Optional[Home page of the Application]")</span>
                <span class="method-start">347 ms</span>
              </div> <!-- test-method -->
              <div class="test-method">
                <img src="failed.png">
                </img>
                <span class="method-name">runScenario("Validating the tab Blog visibility", "Optional[Home page of the Application]")</span>
                <span class="method-start">348 ms</span>
              </div> <!-- test-method -->
              <div class="test-method">
                <img src="failed.png">
                </img>
                <span class="method-name">runScenario("Validating the tab About visibility", "Optional[Home page of the Application]")</span>
                <span class="method-start">348 ms</span>
              </div> <!-- test-method -->
              <div class="test-method">
                <img src="failed.png">
                </img>
                <span class="method-name">runScenario("Validating the tab Featured visibility", "Optional[Home page of the Application]")</span>
                <span class="method-start">348 ms</span>
              </div> <!-- test-method -->
              <div class="test-method">
                <img src="failed.png">
                </img>
                <span class="method-name">runScenario("Validating the tab Contact us visibility", "Optional[Home page of the Application]")</span>
                <span class="method-start">349 ms</span>
              </div> <!-- test-method -->
              <div class="test-method">
                <img src="failed.png">
                </img>
                <span class="method-name">runScenario("Validating the visibility of Search option", "Optional[Home page of the Application]")</span>
                <span class="method-start">7840 ms</span>
              </div> <!-- test-method -->
              <div class="test-method">
                <img src="failed.png">
                </img>
                <span class="method-name">runScenario("Validating the visibility of Signin option", "Optional[Home page of the Application]")</span>
                <span class="method-start">7867 ms</span>
              </div> <!-- test-method -->
              <div class="test-method">
                <img src="failed.png">
                </img>
                <span class="method-name">runScenario("validating the product link on home page", "Optional[Links of the Home page]")</span>
                <span class="method-start">8134 ms</span>
              </div> <!-- test-method -->
              <div class="test-method">
                <img src="failed.png">
                </img>
                <span class="method-name">runScenario("validating the Client link on home page", "Optional[Links of the Home page]")</span>
                <span class="method-start">8390 ms</span>
              </div> <!-- test-method -->
              <div class="test-method">
                <img src="failed.png">
                </img>
                <span class="method-name">runScenario("validating the Team link on home page", "Optional[Links of the Home page]")</span>
                <span class="method-start">8880 ms</span>
              </div> <!-- test-method -->
              <div class="test-method">
                <img src="failed.png">
                </img>
                <span class="method-name">runScenario("validating the Register link on home page", "Optional[Links of the Home page]")</span>
                <span class="method-start">10007 ms</span>
              </div> <!-- test-method -->
              <div class="test-method">
                <img src="failed.png">
                </img>
                <span class="method-name">runScenario("validating the About link on home page", "Optional[Links of the Home page]")</span>
                <span class="method-start">10078 ms</span>
              </div> <!-- test-method -->
              <div class="test-method">
                <img src="failed.png">
                </img>
                <span class="method-name">runScenario("validating the Feature link on home page", "Optional[Links of the Home page]")</span>
                <span class="method-start">10079 ms</span>
              </div> <!-- test-method -->
              <div class="test-method">
                <img src="failed.png">
                </img>
                <span class="method-name">runScenario("validating the Blogs link on home page", "Optional[Links of the Home page]")</span>
                <span class="method-start">10081 ms</span>
              </div> <!-- test-method -->
              <div class="test-method">
                <img src="failed.png">
                </img>
                <span class="method-name">runScenario("validating the Contact uslink on home page", "Optional[Links of the Home page]")</span>
                <span class="method-start">10082 ms</span>
              </div> <!-- test-method -->
              <div class="test-method">
                <img src="failed.png">
                </img>
                <span class="method-name">runScenario("My Patients Page", "Optional[Testing MyPatients page]")</span>
                <span class="method-start">13781 ms</span>
              </div> <!-- test-method -->
              <div class="test-method">
                <span class="method-name">runScenario("Details missing in all the fields", "Optional[Testing MyPatients page]")</span>
                <span class="method-start">13783 ms</span>
              </div> <!-- test-method -->
              <div class="test-method">
                <span class="method-name">runScenario("To verify patient name in field", "Optional[Testing MyPatients page]")</span>
                <span class="method-start">14300 ms</span>
              </div> <!-- test-method -->
              <div class="test-method">
                <span class="method-name">runScenario("To verify patient email in field", "Optional[Testing MyPatients page]")</span>
                <span class="method-start">14560 ms</span>
              </div> <!-- test-method -->
              <div class="test-method">
                <span class="method-name">runScenario("To verify patient phone number in field", "Optional[Testing MyPatients page]")</span>
                <span class="method-start">14923 ms</span>
              </div> <!-- test-method -->
              <div class="test-method">
                <span class="method-name">runScenario("To verify Search patients by name", "Optional[Testing MyPatients page]")</span>
                <span class="method-start">15346 ms</span>
              </div> <!-- test-method -->
              <div class="test-method">
                <span class="method-name">runScenario("To verify Search patients by email", "Optional[Testing MyPatients page]")</span>
                <span class="method-start">15647 ms</span>
              </div> <!-- test-method -->
              <div class="test-method">
                <span class="method-name">runScenario("To verify Search patients by phone number", "Optional[Testing MyPatients page]")</span>
                <span class="method-start">15689 ms</span>
              </div> <!-- test-method -->
              <div class="test-method">
                <img src="failed.png">
                </img>
                <span class="method-name">runScenario("Validating the Title of Register page", "Optional[Register page of the application]")</span>
                <span class="method-start">15766 ms</span>
              </div> <!-- test-method -->
              <div class="test-method">
                <img src="failed.png">
                </img>
                <span class="method-name">runScenario("Validating the Register page mandatory fields", "Optional[Register page of the application]")</span>
                <span class="method-start">15865 ms</span>
              </div> <!-- test-method -->
              <div class="test-method">
                <img src="failed.png">
                </img>
                <span class="method-name">runScenario("validating the Sign up form Heading", "Optional[Register page of the application]")</span>
                <span class="method-start">17873 ms</span>
              </div> <!-- test-method -->
              <div class="test-method">
                <img src="failed.png">
                </img>
                <span class="method-name">runScenario("validating the Sign up processs with empty fields", "Optional[Register page of the application]")</span>
                <span class="method-start">19291 ms</span>
              </div> <!-- test-method -->
              <div class="test-method">
                <img src="failed.png">
                </img>
                <span class="method-name">runScenario("validating the Sign up processs with invalid First Name", "Optional[Register page of the applicatio...)</span>
                <span class="method-start">19293 ms</span>
              </div> <!-- test-method -->
              <div class="test-method">
                <img src="failed.png">
                </img>
                <span class="method-name">runScenario("validating the Sign up processs with invalid First Name", "Optional[Register page of the applicatio...)</span>
                <span class="method-start">19294 ms</span>
              </div> <!-- test-method -->
              <div class="test-method">
                <img src="failed.png">
                </img>
                <span class="method-name">runScenario("validating the Sign up processs with invalid last name", "Optional[Register page of the application...)</span>
                <span class="method-start">19298 ms</span>
              </div> <!-- test-method -->
              <div class="test-method">
                <img src="failed.png">
                </img>
                <span class="method-name">runScenario("validating the Sign up processs with invalid Moblie Number", "Optional[Register page of the applica...)</span>
                <span class="method-start">19304 ms</span>
              </div> <!-- test-method -->
              <div class="test-method">
                <img src="failed.png">
                </img>
                <span class="method-name">runScenario("validating the Sign up processs with invalid Any other field", "Optional[Register page of the appli...)</span>
                <span class="method-start">19308 ms</span>
              </div> <!-- test-method -->
              <div class="test-method">
                <img src="failed.png">
                </img>
                <span class="method-name">runScenario("validating the Sign up processs with invalid Email", "Optional[Register page of the application]")</span>
                <span class="method-start">19342 ms</span>
              </div> <!-- test-method -->
              <div class="test-method">
                <img src="failed.png">
                </img>
                <span class="method-name">runScenario("validating the Sign up processs with invalid Password", "Optional[Register page of the application]...)</span>
                <span class="method-start">21341 ms</span>
              </div> <!-- test-method -->
              <div class="test-method">
                <img src="failed.png">
                </img>
                <span class="method-name">runScenario("validating the Sign up processs with valid credentials", "Optional[Register page of the application...)</span>
                <span class="method-start">21410 ms</span>
              </div> <!-- test-method -->
              <div class="test-method">
                <img src="failed.png">
                </img>
                <span class="method-name">runScenario("validating the Sign up form Heading", "Optional[Register form2 of the Application]")</span>
                <span class="method-start">23416 ms</span>
              </div> <!-- test-method -->
              <div class="test-method">
                <img src="failed.png">
                </img>
                <span class="method-name">runScenario("validating the Sign up button", "Optional[Register form2 of the Application]")</span>
                <span class="method-start">25484 ms</span>
              </div> <!-- test-method -->
              <div class="test-method">
                <img src="failed.png">
                </img>
                <span class="method-name">runScenario("validating the Sign up processs with empty fields", "Optional[Register form2 of the Application]")</span>
                <span class="method-start">25558 ms</span>
              </div> <!-- test-method -->
              <div class="test-method">
                <img src="failed.png">
                </img>
                <span class="method-name">runScenario("validating the Sign up processs with invalid First Name", "Optional[Register form2 of the Applicati...)</span>
                <span class="method-start">25561 ms</span>
              </div> <!-- test-method -->
              <div class="test-method">
                <img src="failed.png">
                </img>
                <span class="method-name">runScenario("validating the Sign up processs with invalid Last name", "Optional[Register form2 of the Applicatio...)</span>
                <span class="method-start">25580 ms</span>
              </div> <!-- test-method -->
              <div class="test-method">
                <img src="failed.png">
                </img>
                <span class="method-name">runScenario("validating the Sign up processs with invalid Username", "Optional[Register form2 of the Application...)</span>
                <span class="method-start">25597 ms</span>
              </div> <!-- test-method -->
              <div class="test-method">
                <img src="failed.png">
                </img>
                <span class="method-name">runScenario("validating the Sign up processs with invalid Email Address", "Optional[Register form2 of the Applic...)</span>
                <span class="method-start">25642 ms</span>
              </div> <!-- test-method -->
              <div class="test-method">
                <img src="failed.png">
                </img>
                <span class="method-name">runScenario("validating the Sign up processs with invalid Password", "Optional[Register form2 of the Application...)</span>
                <span class="method-start">25654 ms</span>
              </div> <!-- test-method -->
              <div class="test-method">
                <img src="failed.png">
                </img>
                <span class="method-name">runScenario("validating the Sign up processs with valid credentials", "Optional[Register form2 of the Applicatio...)</span>
                <span class="method-start">29228 ms</span>
              </div> <!-- test-method -->
              <div class="test-method">
                <img src="failed.png">
                </img>
                <span class="method-name">runScenario("validating the Sign up processs with invalid Confirm Password", "Optional[Register form2 of the App...)</span>
                <span class="method-start">29228 ms</span>
              </div> <!-- test-method -->
              <div class="test-method">
                <img src="failed.png">
                </img>
                <span class="method-name">runScenario("validating the Sign up processs with Facebook", "Optional[Register form2 of the Application]")</span>
                <span class="method-start">30455 ms</span>
              </div> <!-- test-method -->
              <div class="test-method">
                <img src="failed.png">
                </img>
                <span class="method-name">runScenario("validating the Sign up processs with Facebook", "Optional[Register form2 of the Application]")</span>
                <span class="method-start">30502 ms</span>
              </div> <!-- test-method -->
              <div class="test-method">
                <img src="failed.png">
                </img>
                <span class="method-name">runScenario("validating the Sign up processs with Google", "Optional[Register form2 of the Application]")</span>
                <span class="method-start">30645 ms</span>
              </div> <!-- test-method -->
              <div class="test-method">
                <img src="failed.png">
                </img>
                <span class="method-name">runScenario("validating Log in Here link", "Optional[Register form2 of the Application]")</span>
                <span class="method-start">30676 ms</span>
              </div> <!-- test-method -->
              <div class="test-method">
                <img src="failed.png">
                </img>
                <span class="method-name">runScenario("Validating the title of Sign in page", "Optional[Sign in form1 Of the Application]")</span>
                <span class="method-start">30727 ms</span>
              </div> <!-- test-method -->
              <div class="test-method">
                <img src="failed.png">
                </img>
                <span class="method-name">runScenario("Validating the Sign in page mandatory fields", "Optional[Sign in form1 Of the Application]")</span>
                <span class="method-start">30889 ms</span>
              </div> <!-- test-method -->
              <div class="test-method">
                <img src="failed.png">
                </img>
                <span class="method-name">runScenario("Validating the Sign in form heading", "Optional[Sign in form1 Of the Application]")</span>
                <span class="method-start">30891 ms</span>
              </div> <!-- test-method -->
              <div class="test-method">
                <img src="failed.png">
                </img>
                <span class="method-name">runScenario("Validating the Sign in button", "Optional[Sign in form1 Of the Application]")</span>
                <span class="method-start">31088 ms</span>
              </div> <!-- test-method -->
              <div class="test-method">
                <img src="failed.png">
                </img>
                <span class="method-name">runScenario("validating the Sign in  with empty fields", "Optional[Sign in form1 Of the Application]")</span>
                <span class="method-start">35018 ms</span>
              </div> <!-- test-method -->
              <div class="test-method">
                <img src="failed.png">
                </img>
                <span class="method-name">runScenario("validating the Sign in  with invalid Password", "Optional[Sign in form1 Of the Application]")</span>
                <span class="method-start">35024 ms</span>
              </div> <!-- test-method -->
              <div class="test-method">
                <img src="failed.png">
                </img>
                <span class="method-name">runScenario("validating the Sign in  with both invalid username and Password", "Optional[Sign in form1 Of the Ap...)</span>
                <span class="method-start">36172 ms</span>
              </div> <!-- test-method -->
              <div class="test-method">
                <img src="failed.png">
                </img>
                <span class="method-name">runScenario("validating the Sign in with forgot password link", "Optional[Sign in form1 Of the Application]")</span>
                <span class="method-start">36552 ms</span>
              </div> <!-- test-method -->
              <div class="test-method">
                <img src="failed.png">
                </img>
                <span class="method-name">runScenario("validating the Sign in with Not member yet button", "Optional[Sign in form1 Of the Application]")</span>
                <span class="method-start">36829 ms</span>
              </div> <!-- test-method -->
              <div class="test-method">
                <img src="failed.png">
                </img>
                <span class="method-name">runScenario("validating the Sign in with all fields valid entry", "Optional[Sign in form1 Of the Application]")</span>
                <span class="method-start">36863 ms</span>
              </div> <!-- test-method -->
              <div class="test-method">
                <img src="failed.png">
                </img>
                <span class="method-name">runScenario("validating the heading on Sign in form", "Optional[sign in form Option2]")</span>
                <span class="method-start">36994 ms</span>
              </div> <!-- test-method -->
              <div class="test-method">
                <img src="failed.png">
                </img>
                <span class="method-name">runScenario("validating log in button", "Optional[sign in form Option2]")</span>
                <span class="method-start">37021 ms</span>
              </div> <!-- test-method -->
              <div class="test-method">
                <img src="failed.png">
                </img>
                <span class="method-name">runScenario("Validating Sign in with email and password empty", "Optional[sign in form Option2]")</span>
                <span class="method-start">37026 ms</span>
              </div> <!-- test-method -->
              <div class="test-method">
                <img src="failed.png">
                </img>
                <span class="method-name">runScenario("Validating sign in with invalid email and valid password", "Optional[sign in form Option2]")</span>
                <span class="method-start">37063 ms</span>
              </div> <!-- test-method -->
              <div class="test-method">
                <img src="failed.png">
                </img>
                <span class="method-name">runScenario("validating sign in with valid email and invalid password", "Optional[sign in form Option2]")</span>
                <span class="method-start">41126 ms</span>
              </div> <!-- test-method -->
              <div class="test-method">
                <img src="failed.png">
                </img>
                <span class="method-name">runScenario("Validating sign in with invalid credentials", "Optional[sign in form Option2]")</span>
                <span class="method-start">41140 ms</span>
              </div> <!-- test-method -->
              <div class="test-method">
                <img src="failed.png">
                </img>
                <span class="method-name">runScenario("validating sign in with valid  credentials", "Optional[sign in form Option2]")</span>
                <span class="method-start">41489 ms</span>
              </div> <!-- test-method -->
              <div class="test-method">
                <img src="failed.png">
                </img>
                <span class="method-name">runScenario("Validating sign in with Facebook button", "Optional[sign in form Option2]")</span>
                <span class="method-start">41492 ms</span>
              </div> <!-- test-method -->
              <div class="test-method">
                <img src="failed.png">
                </img>
                <span class="method-name">runScenario("Validating sign in with Google  button", "Optional[sign in form Option2]")</span>
                <span class="method-start">42140 ms</span>
              </div> <!-- test-method -->
              <div class="test-method">
                <img src="failed.png">
                </img>
                <span class="method-name">runScenario("Validating sign in with SignUp  button", "Optional[sign in form Option2]")</span>
                <span class="method-start">42476 ms</span>
              </div> <!-- test-method -->
              <div class="test-method">
                <img src="failed.png">
                </img>
                <span class="method-name">runScenario("To verify user redirected  to "Confirm health condition and create plan" page", "Optional[Testing M...)</span>
                <span class="method-start">42514 ms</span>
              </div> <!-- test-method -->
              <div class="test-method">
                <img src="failed.png">
                </img>
                <span class="method-name">runScenario("To verify user redirected  to  "View Recent Test Reports" page in different browser", "Optional[Tes...)</span>
                <span class="method-start">42715 ms</span>
              </div> <!-- test-method -->
              <div class="test-method">
                <img src="failed.png">
                </img>
                <span class="method-name">runScenario("To verify user redirected  to  "View Recent Diets" page in different browser", "Optional[Testing My...)</span>
                <span class="method-start">42999 ms</span>
              </div> <!-- test-method -->
              <div class="test-method">
                <span class="method-name">runScenario("To verify navigation", "Optional[Testing MyPatients Page search results]")</span>
                <span class="method-start">43008 ms</span>
              </div> <!-- test-method -->
              <div class="test-method">
                <span class="method-name">runScenario("To verify navigation front arrow", "Optional[Testing MyPatients Page search results]")</span>
                <span class="method-start">46588 ms</span>
              </div> <!-- test-method -->
              <div class="test-method">
                <span class="method-name">runScenario("To verify navigation back arrow", "Optional[Testing MyPatients Page search results]")</span>
                <span class="method-start">46853 ms</span>
              </div> <!-- test-method -->
              <div class="test-method">
                <span class="method-name">runScenario("To verify View PDF button", "Optional[Testing MyPatients Page search results]")</span>
                <span class="method-start">46922 ms</span>
              </div> <!-- test-method -->
              <div class="configuration-class after">
                <span class="method-name">tearDownClass</span>
                <span class="method-start">49273 ms</span>
              </div> <!-- configuration-class after -->
          </div> <!-- main-panel-content rounded-window-bottom -->
        </div> <!-- panel -->
      </div> <!-- main-panel-root -->
    </div> <!-- wrapper -->
  </body>
</html>
